{"/Users/varun.bhandary/Documents/side-projects/schemax-vscode/packages/vscode-extension/src/extension.ts": {"path":"/Users/varun.bhandary/Documents/side-projects/schemax-vscode/packages/vscode-extension/src/extension.ts","statementMap":{"0":{"start":{"line":13,"column":0},"end":{"line":13,"column":16}},"1":{"start":{"line":48,"column":0},"end":{"line":48,"column":16}},"2":{"start":{"line":1,"column":0},"end":{"line":1,"column":33}},"3":{"start":{"line":2,"column":0},"end":{"line":2,"column":29}},"4":{"start":{"line":3,"column":0},"end":{"line":3,"column":25}},"5":{"start":{"line":4,"column":0},"end":{"line":4,"column":42}},"6":{"start":{"line":6,"column":0},"end":{"line":6,"column":56}},"7":{"start":{"line":7,"column":0},"end":{"line":7,"column":41}},"8":{"start":{"line":8,"column":0},"end":{"line":8,"column":21}},"9":{"start":{"line":14,"column":2},"end":{"line":14,"column":65}},"10":{"start":{"line":15,"column":2},"end":{"line":15,"column":66}},"11":{"start":{"line":16,"column":2},"end":{"line":16,"column":63}},"12":{"start":{"line":17,"column":2},"end":{"line":17,"column":83}},"13":{"start":{"line":20,"column":30},"end":{"line":22,"column":null}},"14":{"start":{"line":22,"column":10},"end":{"line":22,"column":31}},"15":{"start":{"line":25,"column":29},"end":{"line":27,"column":null}},"16":{"start":{"line":27,"column":10},"end":{"line":27,"column":23}},"17":{"start":{"line":30,"column":32},"end":{"line":32,"column":null}},"18":{"start":{"line":32,"column":10},"end":{"line":32,"column":38}},"19":{"start":{"line":35,"column":29},"end":{"line":37,"column":null}},"20":{"start":{"line":37,"column":10},"end":{"line":37,"column":32}},"21":{"start":{"line":40,"column":2},"end":{"line":40,"column":128}},"22":{"start":{"line":42,"column":2},"end":{"line":42,"column":76}},"23":{"start":{"line":43,"column":2},"end":{"line":43,"column":135}},"24":{"start":{"line":44,"column":2},"end":{"line":44,"column":73}},"25":{"start":{"line":45,"column":2},"end":{"line":45,"column":36}},"26":{"start":{"line":49,"column":2},"end":{"line":49,"column":38}},"27":{"start":{"line":61,"column":49},"end":{"line":92,"column":2}},"28":{"start":{"line":102,"column":74},"end":{"line":102,"column":76}},"29":{"start":{"line":104,"column":2},"end":{"line":104,"column":87}},"30":{"start":{"line":107,"column":2},"end":{"line":206,"column":3}},"31":{"start":{"line":109,"column":27},"end":{"line":117,"column":null}},"32":{"start":{"line":120,"column":4},"end":{"line":122,"column":5}},"33":{"start":{"line":121,"column":6},"end":{"line":121,"column":12}},"34":{"start":{"line":125,"column":20},"end":{"line":141,"column":6}},"35":{"start":{"line":129,"column":8},"end":{"line":131,"column":9}},"36":{"start":{"line":130,"column":10},"end":{"line":130,"column":48}},"37":{"start":{"line":132,"column":8},"end":{"line":134,"column":9}},"38":{"start":{"line":133,"column":10},"end":{"line":133,"column":72}},"39":{"start":{"line":135,"column":8},"end":{"line":137,"column":9}},"40":{"start":{"line":136,"column":10},"end":{"line":136,"column":51}},"41":{"start":{"line":138,"column":8},"end":{"line":138,"column":20}},"42":{"start":{"line":143,"column":4},"end":{"line":145,"column":5}},"43":{"start":{"line":144,"column":6},"end":{"line":144,"column":15}},"44":{"start":{"line":147,"column":4},"end":{"line":147,"column":77}},"45":{"start":{"line":150,"column":29},"end":{"line":150,"column":65}},"46":{"start":{"line":151,"column":24},"end":{"line":165,"column":6}},"47":{"start":{"line":156,"column":8},"end":{"line":158,"column":9}},"48":{"start":{"line":157,"column":10},"end":{"line":157,"column":44}},"49":{"start":{"line":159,"column":8},"end":{"line":161,"column":9}},"50":{"start":{"line":160,"column":10},"end":{"line":160,"column":114}},"51":{"start":{"line":162,"column":8},"end":{"line":162,"column":20}},"52":{"start":{"line":167,"column":4},"end":{"line":169,"column":5}},"53":{"start":{"line":168,"column":6},"end":{"line":168,"column":15}},"54":{"start":{"line":171,"column":4},"end":{"line":171,"column":72}},"55":{"start":{"line":174,"column":26},"end":{"line":178,"column":7}},"56":{"start":{"line":174,"column":61},"end":{"line":178,"column":6}},"57":{"start":{"line":180,"column":27},"end":{"line":183,"column":6}},"58":{"start":{"line":185,"column":4},"end":{"line":187,"column":5}},"59":{"start":{"line":186,"column":6},"end":{"line":186,"column":15}},"60":{"start":{"line":189,"column":4},"end":{"line":189,"column":78}},"61":{"start":{"line":192,"column":24},"end":{"line":196,"column":6}},"62":{"start":{"line":199,"column":4},"end":{"line":203,"column":6}},"63":{"start":{"line":205,"column":4},"end":{"line":205,"column":84}},"64":{"start":{"line":208,"column":2},"end":{"line":208,"column":28}},"65":{"start":{"line":215,"column":2},"end":{"line":215,"column":75}},"66":{"start":{"line":218,"column":20},"end":{"line":220,"column":4}},"67":{"start":{"line":222,"column":27},"end":{"line":225,"column":4}},"68":{"start":{"line":227,"column":2},"end":{"line":229,"column":3}},"69":{"start":{"line":228,"column":4},"end":{"line":228,"column":17}},"70":{"start":{"line":231,"column":2},"end":{"line":231,"column":87}},"71":{"start":{"line":234,"column":24},"end":{"line":234,"column":58}},"72":{"start":{"line":235,"column":22},"end":{"line":240,"column":4}},"73":{"start":{"line":242,"column":2},"end":{"line":244,"column":3}},"74":{"start":{"line":243,"column":4},"end":{"line":243,"column":17}},"75":{"start":{"line":246,"column":2},"end":{"line":246,"column":71}},"76":{"start":{"line":249,"column":25},"end":{"line":257,"column":null}},"77":{"start":{"line":260,"column":2},"end":{"line":262,"column":3}},"78":{"start":{"line":261,"column":4},"end":{"line":261,"column":17}},"79":{"start":{"line":267,"column":24},"end":{"line":267,"column":66}},"80":{"start":{"line":268,"column":2},"end":{"line":294,"column":4}},"81":{"start":{"line":296,"column":2},"end":{"line":296,"column":72}},"82":{"start":{"line":297,"column":2},"end":{"line":297,"column":68}},"83":{"start":{"line":298,"column":2},"end":{"line":298,"column":70}},"84":{"start":{"line":299,"column":2},"end":{"line":299,"column":70}},"85":{"start":{"line":302,"column":2},"end":{"line":310,"column":3}},"86":{"start":{"line":303,"column":23},"end":{"line":303,"column":99}},"87":{"start":{"line":304,"column":4},"end":{"line":306,"column":5}},"88":{"start":{"line":305,"column":6},"end":{"line":305,"column":19}},"89":{"start":{"line":309,"column":4},"end":{"line":309,"column":44}},"90":{"start":{"line":313,"column":2},"end":{"line":403,"column":3}},"91":{"start":{"line":314,"column":4},"end":{"line":314,"column":53}},"92":{"start":{"line":316,"column":21},"end":{"line":316,"column":62}},"93":{"start":{"line":317,"column":4},"end":{"line":319,"column":5}},"94":{"start":{"line":318,"column":6},"end":{"line":318,"column":69}},"95":{"start":{"line":322,"column":48},"end":{"line":338,"column":6}},"96":{"start":{"line":341,"column":36},"end":{"line":341,"column":38}},"97":{"start":{"line":343,"column":4},"end":{"line":359,"column":5}},"98":{"start":{"line":345,"column":24},"end":{"line":345,"column":38}},"99":{"start":{"line":346,"column":6},"end":{"line":356,"column":9}},"100":{"start":{"line":358,"column":6},"end":{"line":358,"column":100}},"101":{"start":{"line":361,"column":50},"end":{"line":366,"column":6}},"102":{"start":{"line":368,"column":4},"end":{"line":368,"column":59}},"103":{"start":{"line":369,"column":4},"end":{"line":369,"column":63}},"104":{"start":{"line":371,"column":4},"end":{"line":371,"column":75}},"105":{"start":{"line":374,"column":21},"end":{"line":374,"column":53}},"106":{"start":{"line":375,"column":24},"end":{"line":375,"column":36}},"107":{"start":{"line":377,"column":20},"end":{"line":383,"column":17}},"108":{"start":{"line":379,"column":26},"end":{"line":379,"column":64}},"109":{"start":{"line":380,"column":22},"end":{"line":380,"column":50}},"110":{"start":{"line":381,"column":8},"end":{"line":381,"column":57}},"111":{"start":{"line":385,"column":20},"end":{"line":393,"column":69}},"112":{"start":{"line":395,"column":4},"end":{"line":395,"column":50}},"113":{"start":{"line":397,"column":4},"end":{"line":397,"column":16}},"114":{"start":{"line":400,"column":4},"end":{"line":400,"column":86}},"115":{"start":{"line":401,"column":4},"end":{"line":401,"column":77}},"116":{"start":{"line":402,"column":4},"end":{"line":402,"column":17}},"117":{"start":{"line":410,"column":26},"end":{"line":410,"column":64}},"118":{"start":{"line":411,"column":2},"end":{"line":414,"column":3}},"119":{"start":{"line":412,"column":4},"end":{"line":412,"column":87}},"120":{"start":{"line":413,"column":4},"end":{"line":413,"column":11}},"121":{"start":{"line":417,"column":22},"end":{"line":417,"column":92}},"122":{"start":{"line":418,"column":22},"end":{"line":418,"column":27}},"123":{"start":{"line":420,"column":2},"end":{"line":425,"column":3}},"124":{"start":{"line":421,"column":4},"end":{"line":421,"column":48}},"125":{"start":{"line":422,"column":4},"end":{"line":422,"column":25}},"126":{"start":{"line":428,"column":2},"end":{"line":436,"column":3}},"127":{"start":{"line":429,"column":26},"end":{"line":429,"column":89}},"128":{"start":{"line":430,"column":4},"end":{"line":432,"column":5}},"129":{"start":{"line":431,"column":6},"end":{"line":431,"column":13}},"130":{"start":{"line":435,"column":4},"end":{"line":435,"column":83}},"131":{"start":{"line":439,"column":2},"end":{"line":442,"column":3}},"132":{"start":{"line":440,"column":4},"end":{"line":440,"column":47}},"133":{"start":{"line":441,"column":4},"end":{"line":441,"column":11}},"134":{"start":{"line":445,"column":2},"end":{"line":455,"column":4}},"135":{"start":{"line":458,"column":2},"end":{"line":458,"column":63}},"136":{"start":{"line":459,"column":2},"end":{"line":459,"column":79}},"137":{"start":{"line":460,"column":2},"end":{"line":460,"column":59}},"138":{"start":{"line":463,"column":2},"end":{"line":466,"column":5}},"139":{"start":{"line":464,"column":4},"end":{"line":464,"column":67}},"140":{"start":{"line":465,"column":4},"end":{"line":465,"column":29}},"141":{"start":{"line":469,"column":2},"end":{"line":564,"column":4}},"142":{"start":{"line":471,"column":6},"end":{"line":471,"column":93}},"143":{"start":{"line":472,"column":6},"end":{"line":560,"column":7}},"144":{"start":{"line":474,"column":10},"end":{"line":517,"column":11}},"145":{"start":{"line":475,"column":12},"end":{"line":475,"column":104}},"146":{"start":{"line":478,"column":28},"end":{"line":478,"column":76}},"147":{"start":{"line":479,"column":51},"end":{"line":479,"column":104}},"148":{"start":{"line":481,"column":12},"end":{"line":481,"column":102}},"149":{"start":{"line":482,"column":12},"end":{"line":482,"column":112}},"150":{"start":{"line":483,"column":12},"end":{"line":483,"column":93}},"151":{"start":{"line":484,"column":12},"end":{"line":484,"column":107}},"152":{"start":{"line":485,"column":12},"end":{"line":485,"column":93}},"153":{"start":{"line":488,"column":12},"end":{"line":490,"column":13}},"154":{"start":{"line":489,"column":14},"end":{"line":489,"column":100}},"155":{"start":{"line":493,"column":38},"end":{"line":503,"column":14}},"156":{"start":{"line":505,"column":12},"end":{"line":505,"column":72}},"157":{"start":{"line":506,"column":12},"end":{"line":506,"column":86}},"158":{"start":{"line":507,"column":12},"end":{"line":507,"column":90}},"159":{"start":{"line":509,"column":12},"end":{"line":512,"column":15}},"160":{"start":{"line":513,"column":12},"end":{"line":513,"column":73}},"161":{"start":{"line":515,"column":12},"end":{"line":515,"column":92}},"162":{"start":{"line":516,"column":12},"end":{"line":516,"column":79}},"163":{"start":{"line":518,"column":10},"end":{"line":518,"column":16}},"164":{"start":{"line":521,"column":10},"end":{"line":557,"column":11}},"165":{"start":{"line":522,"column":37},"end":{"line":522,"column":52}},"166":{"start":{"line":523,"column":12},"end":{"line":523,"column":102}},"167":{"start":{"line":526,"column":12},"end":{"line":526,"column":64}},"168":{"start":{"line":529,"column":28},"end":{"line":529,"column":76}},"169":{"start":{"line":530,"column":51},"end":{"line":530,"column":104}},"170":{"start":{"line":532,"column":12},"end":{"line":532,"column":85}},"171":{"start":{"line":533,"column":12},"end":{"line":533,"column":93}},"172":{"start":{"line":534,"column":12},"end":{"line":534,"column":93}},"173":{"start":{"line":537,"column":38},"end":{"line":547,"column":14}},"174":{"start":{"line":549,"column":12},"end":{"line":552,"column":15}},"175":{"start":{"line":553,"column":12},"end":{"line":553,"column":90}},"176":{"start":{"line":555,"column":12},"end":{"line":555,"column":97}},"177":{"start":{"line":556,"column":12},"end":{"line":556,"column":84}},"178":{"start":{"line":558,"column":10},"end":{"line":558,"column":16}},"179":{"start":{"line":566,"column":2},"end":{"line":566,"column":71}},"180":{"start":{"line":567,"column":2},"end":{"line":567,"column":32}},"181":{"start":{"line":574,"column":26},"end":{"line":574,"column":64}},"182":{"start":{"line":575,"column":2},"end":{"line":578,"column":3}},"183":{"start":{"line":576,"column":4},"end":{"line":576,"column":87}},"184":{"start":{"line":577,"column":4},"end":{"line":577,"column":11}},"185":{"start":{"line":580,"column":2},"end":{"line":606,"column":3}},"186":{"start":{"line":581,"column":20},"end":{"line":581,"column":68}},"187":{"start":{"line":582,"column":22},"end":{"line":582,"column":72}},"188":{"start":{"line":583,"column":20},"end":{"line":583,"column":44}},"189":{"start":{"line":585,"column":4},"end":{"line":585,"column":26}},"190":{"start":{"line":586,"column":4},"end":{"line":586,"column":67}},"191":{"start":{"line":587,"column":4},"end":{"line":587,"column":45}},"192":{"start":{"line":588,"column":4},"end":{"line":588,"column":67}},"193":{"start":{"line":589,"column":4},"end":{"line":589,"column":33}},"194":{"start":{"line":591,"column":4},"end":{"line":600,"column":5}},"195":{"start":{"line":592,"column":6},"end":{"line":592,"column":53}},"196":{"start":{"line":594,"column":6},"end":{"line":599,"column":9}},"197":{"start":{"line":595,"column":8},"end":{"line":595,"column":68}},"198":{"start":{"line":596,"column":8},"end":{"line":596,"column":60}},"199":{"start":{"line":597,"column":8},"end":{"line":597,"column":87}},"200":{"start":{"line":598,"column":8},"end":{"line":598,"column":37}},"201":{"start":{"line":602,"column":4},"end":{"line":602,"column":25}},"202":{"start":{"line":603,"column":4},"end":{"line":603,"column":93}},"203":{"start":{"line":605,"column":4},"end":{"line":605,"column":74}},"204":{"start":{"line":613,"column":20},"end":{"line":614,"column":null}},"205":{"start":{"line":616,"column":19},"end":{"line":617,"column":null}},"206":{"start":{"line":621,"column":16},"end":{"line":621,"column":26}},"207":{"start":{"line":623,"column":2},"end":{"line":636,"column":9}},"208":{"start":{"line":640,"column":13},"end":{"line":640,"column":15}},"209":{"start":{"line":641,"column":19},"end":{"line":641,"column":83}},"210":{"start":{"line":642,"column":2},"end":{"line":644,"column":3}},"211":{"start":{"line":642,"column":15},"end":{"line":642,"column":16}},"212":{"start":{"line":643,"column":4},"end":{"line":643,"column":73}},"213":{"start":{"line":645,"column":2},"end":{"line":645,"column":14}},"214":{"start":{"line":652,"column":2},"end":{"line":652,"column":74}},"215":{"start":{"line":654,"column":26},"end":{"line":654,"column":64}},"216":{"start":{"line":655,"column":2},"end":{"line":659,"column":3}},"217":{"start":{"line":656,"column":4},"end":{"line":656,"column":76}},"218":{"start":{"line":657,"column":4},"end":{"line":657,"column":87}},"219":{"start":{"line":658,"column":4},"end":{"line":658,"column":11}},"220":{"start":{"line":661,"column":2},"end":{"line":768,"column":3}},"221":{"start":{"line":662,"column":4},"end":{"line":662,"column":96}},"222":{"start":{"line":663,"column":20},"end":{"line":663,"column":68}},"223":{"start":{"line":664,"column":22},"end":{"line":664,"column":72}},"224":{"start":{"line":665,"column":32},"end":{"line":665,"column":52}},"225":{"start":{"line":667,"column":4},"end":{"line":667,"column":79}},"226":{"start":{"line":668,"column":4},"end":{"line":668,"column":91}},"227":{"start":{"line":669,"column":4},"end":{"line":669,"column":92}},"228":{"start":{"line":671,"column":4},"end":{"line":675,"column":5}},"229":{"start":{"line":672,"column":6},"end":{"line":672,"column":100}},"230":{"start":{"line":673,"column":6},"end":{"line":673,"column":128}},"231":{"start":{"line":674,"column":6},"end":{"line":674,"column":13}},"232":{"start":{"line":678,"column":17},"end":{"line":684,"column":6}},"233":{"start":{"line":682,"column":8},"end":{"line":682,"column":65}},"234":{"start":{"line":686,"column":4},"end":{"line":689,"column":5}},"235":{"start":{"line":687,"column":6},"end":{"line":687,"column":82}},"236":{"start":{"line":688,"column":6},"end":{"line":688,"column":13}},"237":{"start":{"line":692,"column":20},"end":{"line":695,"column":6}},"238":{"start":{"line":697,"column":4},"end":{"line":697,"column":73}},"239":{"start":{"line":698,"column":4},"end":{"line":700,"column":5}},"240":{"start":{"line":699,"column":6},"end":{"line":699,"column":68}},"241":{"start":{"line":703,"column":4},"end":{"line":760,"column":7}},"242":{"start":{"line":708,"column":52},"end":{"line":712,"column":null}},"243":{"start":{"line":715,"column":6},"end":{"line":715,"column":77}},"244":{"start":{"line":716,"column":6},"end":{"line":716,"column":67}},"245":{"start":{"line":717,"column":6},"end":{"line":717,"column":77}},"246":{"start":{"line":718,"column":6},"end":{"line":718,"column":71}},"247":{"start":{"line":719,"column":6},"end":{"line":719,"column":100}},"248":{"start":{"line":720,"column":6},"end":{"line":720,"column":100}},"249":{"start":{"line":721,"column":6},"end":{"line":721,"column":133}},"250":{"start":{"line":723,"column":6},"end":{"line":723,"column":42}},"251":{"start":{"line":726,"column":6},"end":{"line":749,"column":7}},"252":{"start":{"line":727,"column":8},"end":{"line":727,"column":87}},"253":{"start":{"line":730,"column":47},"end":{"line":730,"column":100}},"254":{"start":{"line":731,"column":34},"end":{"line":741,"column":10}},"255":{"start":{"line":743,"column":8},"end":{"line":746,"column":11}},"256":{"start":{"line":748,"column":8},"end":{"line":748,"column":93}},"257":{"start":{"line":751,"column":6},"end":{"line":753,"column":8}},"258":{"start":{"line":755,"column":6},"end":{"line":759,"column":9}},"259":{"start":{"line":763,"column":4},"end":{"line":763,"column":86}},"260":{"start":{"line":764,"column":4},"end":{"line":766,"column":5}},"261":{"start":{"line":765,"column":6},"end":{"line":765,"column":74}},"262":{"start":{"line":767,"column":4},"end":{"line":767,"column":74}},"263":{"start":{"line":791,"column":19},"end":{"line":791,"column":39}},"264":{"start":{"line":793,"column":2},"end":{"line":796,"column":3}},"265":{"start":{"line":795,"column":4},"end":{"line":795,"column":14}},"266":{"start":{"line":798,"column":2},"end":{"line":812,"column":3}},"267":{"start":{"line":799,"column":24},"end":{"line":799,"column":40}},"268":{"start":{"line":800,"column":25},"end":{"line":800,"column":42}},"269":{"start":{"line":803,"column":4},"end":{"line":807,"column":5}},"270":{"start":{"line":804,"column":6},"end":{"line":804,"column":100}},"271":{"start":{"line":806,"column":6},"end":{"line":806,"column":103}},"272":{"start":{"line":809,"column":4},"end":{"line":811,"column":6}},"273":{"start":{"line":815,"column":2},"end":{"line":820,"column":4}},"274":{"start":{"line":817,"column":67},"end":{"line":817,"column":73}},"275":{"start":{"line":824,"column":2},"end":{"line":824,"column":81}},"276":{"start":{"line":826,"column":26},"end":{"line":826,"column":64}},"277":{"start":{"line":827,"column":2},"end":{"line":831,"column":3}},"278":{"start":{"line":828,"column":4},"end":{"line":828,"column":76}},"279":{"start":{"line":829,"column":4},"end":{"line":829,"column":87}},"280":{"start":{"line":830,"column":4},"end":{"line":830,"column":11}},"281":{"start":{"line":833,"column":2},"end":{"line":921,"column":3}},"282":{"start":{"line":834,"column":4},"end":{"line":834,"column":102}},"283":{"start":{"line":837,"column":20},"end":{"line":837,"column":68}},"284":{"start":{"line":838,"column":43},"end":{"line":838,"column":96}},"285":{"start":{"line":840,"column":4},"end":{"line":840,"column":102}},"286":{"start":{"line":841,"column":4},"end":{"line":841,"column":90}},"287":{"start":{"line":844,"column":4},"end":{"line":846,"column":5}},"288":{"start":{"line":845,"column":6},"end":{"line":845,"column":103}},"289":{"start":{"line":848,"column":4},"end":{"line":852,"column":5}},"290":{"start":{"line":849,"column":6},"end":{"line":849,"column":94}},"291":{"start":{"line":850,"column":6},"end":{"line":850,"column":98}},"292":{"start":{"line":851,"column":6},"end":{"line":851,"column":13}},"293":{"start":{"line":855,"column":25},"end":{"line":855,"column":67}},"294":{"start":{"line":856,"column":4},"end":{"line":859,"column":5}},"295":{"start":{"line":857,"column":6},"end":{"line":857,"column":83}},"296":{"start":{"line":858,"column":6},"end":{"line":858,"column":13}},"297":{"start":{"line":861,"column":22},"end":{"line":864,"column":6}},"298":{"start":{"line":866,"column":4},"end":{"line":869,"column":5}},"299":{"start":{"line":867,"column":6},"end":{"line":867,"column":97}},"300":{"start":{"line":868,"column":6},"end":{"line":868,"column":13}},"301":{"start":{"line":871,"column":22},"end":{"line":871,"column":72}},"302":{"start":{"line":872,"column":4},"end":{"line":872,"column":77}},"303":{"start":{"line":873,"column":4},"end":{"line":873,"column":83}},"304":{"start":{"line":876,"column":27},"end":{"line":876,"column":64}},"305":{"start":{"line":877,"column":4},"end":{"line":877,"column":95}},"306":{"start":{"line":880,"column":22},"end":{"line":880,"column":69}},"307":{"start":{"line":881,"column":16},"end":{"line":881,"column":52}},"308":{"start":{"line":883,"column":4},"end":{"line":883,"column":85}},"309":{"start":{"line":886,"column":26},"end":{"line":886,"column":91}},"310":{"start":{"line":887,"column":4},"end":{"line":890,"column":5}},"311":{"start":{"line":888,"column":6},"end":{"line":888,"column":55}},"312":{"start":{"line":889,"column":6},"end":{"line":889,"column":93}},"313":{"start":{"line":893,"column":22},"end":{"line":893,"column":103}},"314":{"start":{"line":894,"column":21},"end":{"line":894,"column":62}},"315":{"start":{"line":895,"column":21},"end":{"line":895,"column":55}},"316":{"start":{"line":898,"column":4},"end":{"line":898,"column":44}},"317":{"start":{"line":899,"column":4},"end":{"line":899,"column":72}},"318":{"start":{"line":902,"column":16},"end":{"line":902,"column":65}},"319":{"start":{"line":903,"column":4},"end":{"line":903,"column":46}},"320":{"start":{"line":905,"column":4},"end":{"line":907,"column":6}},"321":{"start":{"line":909,"column":4},"end":{"line":913,"column":7}},"322":{"start":{"line":916,"column":4},"end":{"line":916,"column":83}},"323":{"start":{"line":917,"column":4},"end":{"line":919,"column":5}},"324":{"start":{"line":918,"column":6},"end":{"line":918,"column":74}},"325":{"start":{"line":920,"column":4},"end":{"line":920,"column":71}}},"fnMap":{"0":{"name":"activate","decl":{"start":{"line":13,"column":16},"end":{"line":13,"column":24}},"loc":{"start":{"line":13,"column":57},"end":{"line":46,"column":1}}},"1":{"name":"(anonymous_10)","decl":{"start":{"line":22,"column":4},"end":{"line":22,"column":7}},"loc":{"start":{"line":22,"column":10},"end":{"line":22,"column":31}}},"2":{"name":"(anonymous_11)","decl":{"start":{"line":27,"column":4},"end":{"line":27,"column":7}},"loc":{"start":{"line":27,"column":10},"end":{"line":27,"column":23}}},"3":{"name":"(anonymous_12)","decl":{"start":{"line":32,"column":4},"end":{"line":32,"column":7}},"loc":{"start":{"line":32,"column":10},"end":{"line":32,"column":38}}},"4":{"name":"(anonymous_13)","decl":{"start":{"line":37,"column":4},"end":{"line":37,"column":7}},"loc":{"start":{"line":37,"column":10},"end":{"line":37,"column":32}}},"5":{"name":"deactivate","decl":{"start":{"line":48,"column":16},"end":{"line":48,"column":26}},"loc":{"start":{"line":48,"column":26},"end":{"line":50,"column":1}}},"6":{"name":"configureCustomEnvironments","decl":{"start":{"line":97,"column":15},"end":{"line":97,"column":42}},"loc":{"start":{"line":100,"column":37},"end":{"line":209,"column":1}}},"7":{"name":"(anonymous_16)","decl":{"start":{"line":128,"column":21},"end":{"line":128,"column":22}},"loc":{"start":{"line":128,"column":31},"end":{"line":139,"column":7}}},"8":{"name":"(anonymous_17)","decl":{"start":{"line":155,"column":21},"end":{"line":155,"column":22}},"loc":{"start":{"line":155,"column":31},"end":{"line":163,"column":7}}},"9":{"name":"(anonymous_18)","decl":{"start":{"line":174,"column":50},"end":{"line":174,"column":56}},"loc":{"start":{"line":174,"column":61},"end":{"line":178,"column":6}}},"10":{"name":"promptForProjectSetup","decl":{"start":{"line":214,"column":15},"end":{"line":214,"column":36}},"loc":{"start":{"line":214,"column":98},"end":{"line":404,"column":1}}},"11":{"name":"(anonymous_20)","decl":{"start":{"line":378,"column":11},"end":{"line":378,"column":12}},"loc":{"start":{"line":378,"column":30},"end":{"line":382,"column":7}}},"12":{"name":"openDesigner","decl":{"start":{"line":409,"column":15},"end":{"line":409,"column":27}},"loc":{"start":{"line":409,"column":60},"end":{"line":568,"column":1}}},"13":{"name":"(anonymous_22)","decl":{"start":{"line":463,"column":28},"end":{"line":463,"column":31}},"loc":{"start":{"line":463,"column":33},"end":{"line":466,"column":3}}},"14":{"name":"(anonymous_23)","decl":{"start":{"line":470,"column":4},"end":{"line":470,"column":9}},"loc":{"start":{"line":470,"column":22},"end":{"line":561,"column":5}}},"15":{"name":"showLastOps","decl":{"start":{"line":573,"column":15},"end":{"line":573,"column":26}},"loc":{"start":{"line":573,"column":26},"end":{"line":607,"column":1}}},"16":{"name":"(anonymous_25)","decl":{"start":{"line":594,"column":22},"end":{"line":594,"column":23}},"loc":{"start":{"line":594,"column":34},"end":{"line":599,"column":7}}},"17":{"name":"getWebviewContent","decl":{"start":{"line":612,"column":9},"end":{"line":612,"column":26}},"loc":{"start":{"line":612,"column":84},"end":{"line":637,"column":1}}},"18":{"name":"getNonce","decl":{"start":{"line":639,"column":9},"end":{"line":639,"column":17}},"loc":{"start":{"line":639,"column":17},"end":{"line":646,"column":1}}},"19":{"name":"createSnapshotCommand_impl","decl":{"start":{"line":651,"column":15},"end":{"line":651,"column":41}},"loc":{"start":{"line":651,"column":41},"end":{"line":769,"column":1}}},"20":{"name":"(anonymous_29)","decl":{"start":{"line":681,"column":21},"end":{"line":681,"column":22}},"loc":{"start":{"line":681,"column":31},"end":{"line":683,"column":7}}},"21":{"name":"(anonymous_30)","decl":{"start":{"line":707,"column":7},"end":{"line":707,"column":12}},"loc":{"start":{"line":707,"column":26},"end":{"line":760,"column":5}}},"22":{"name":"buildCatalogMapping","decl":{"start":{"line":790,"column":9},"end":{"line":790,"column":28}},"loc":{"start":{"line":790,"column":79},"end":{"line":821,"column":1}}},"23":{"name":"(anonymous_32)","decl":{"start":{"line":817,"column":55},"end":{"line":817,"column":56}},"loc":{"start":{"line":817,"column":67},"end":{"line":817,"column":73}}},"24":{"name":"generateSQLMigration","decl":{"start":{"line":823,"column":15},"end":{"line":823,"column":35}},"loc":{"start":{"line":823,"column":35},"end":{"line":922,"column":1}}}},"branchMap":{"0":{"loc":{"start":{"line":120,"column":4},"end":{"line":122,"column":5}},"type":"if","locations":[{"start":{"line":120,"column":4},"end":{"line":122,"column":5}}]},"1":{"loc":{"start":{"line":120,"column":8},"end":{"line":120,"column":48}},"type":"binary-expr","locations":[{"start":{"line":120,"column":8},"end":{"line":120,"column":23}},{"start":{"line":120,"column":27},"end":{"line":120,"column":48}}]},"2":{"loc":{"start":{"line":129,"column":8},"end":{"line":131,"column":9}},"type":"if","locations":[{"start":{"line":129,"column":8},"end":{"line":131,"column":9}}]},"3":{"loc":{"start":{"line":132,"column":8},"end":{"line":134,"column":9}},"type":"if","locations":[{"start":{"line":132,"column":8},"end":{"line":134,"column":9}}]},"4":{"loc":{"start":{"line":135,"column":8},"end":{"line":137,"column":9}},"type":"if","locations":[{"start":{"line":135,"column":8},"end":{"line":137,"column":9}}]},"5":{"loc":{"start":{"line":135,"column":12},"end":{"line":135,"column":80}},"type":"binary-expr","locations":[{"start":{"line":135,"column":12},"end":{"line":135,"column":37}},{"start":{"line":135,"column":41},"end":{"line":135,"column":80}}]},"6":{"loc":{"start":{"line":143,"column":4},"end":{"line":145,"column":5}},"type":"if","locations":[{"start":{"line":143,"column":4},"end":{"line":145,"column":5}}]},"7":{"loc":{"start":{"line":156,"column":8},"end":{"line":158,"column":9}},"type":"if","locations":[{"start":{"line":156,"column":8},"end":{"line":158,"column":9}}]},"8":{"loc":{"start":{"line":159,"column":8},"end":{"line":161,"column":9}},"type":"if","locations":[{"start":{"line":159,"column":8},"end":{"line":161,"column":9}}]},"9":{"loc":{"start":{"line":167,"column":4},"end":{"line":169,"column":5}},"type":"if","locations":[{"start":{"line":167,"column":4},"end":{"line":169,"column":5}}]},"10":{"loc":{"start":{"line":185,"column":4},"end":{"line":187,"column":5}},"type":"if","locations":[{"start":{"line":185,"column":4},"end":{"line":187,"column":5}}]},"11":{"loc":{"start":{"line":201,"column":19},"end":{"line":201,"column":101}},"type":"binary-expr","locations":[{"start":{"line":201,"column":19},"end":{"line":201,"column":30}},{"start":{"line":201,"column":34},"end":{"line":201,"column":101}}]},"12":{"loc":{"start":{"line":227,"column":2},"end":{"line":229,"column":3}},"type":"if","locations":[{"start":{"line":227,"column":2},"end":{"line":229,"column":3}}]},"13":{"loc":{"start":{"line":242,"column":2},"end":{"line":244,"column":3}},"type":"if","locations":[{"start":{"line":242,"column":2},"end":{"line":244,"column":3}}]},"14":{"loc":{"start":{"line":260,"column":2},"end":{"line":262,"column":3}},"type":"if","locations":[{"start":{"line":260,"column":2},"end":{"line":262,"column":3}}]},"15":{"loc":{"start":{"line":302,"column":2},"end":{"line":310,"column":3}},"type":"if","locations":[{"start":{"line":302,"column":2},"end":{"line":310,"column":3}}]},"16":{"loc":{"start":{"line":304,"column":4},"end":{"line":306,"column":5}},"type":"if","locations":[{"start":{"line":304,"column":4},"end":{"line":306,"column":5}}]},"17":{"loc":{"start":{"line":317,"column":4},"end":{"line":319,"column":5}},"type":"if","locations":[{"start":{"line":317,"column":4},"end":{"line":319,"column":5}}]},"18":{"loc":{"start":{"line":343,"column":4},"end":{"line":359,"column":5}},"type":"if","locations":[{"start":{"line":343,"column":4},"end":{"line":359,"column":5}}]},"19":{"loc":{"start":{"line":380,"column":22},"end":{"line":380,"column":50}},"type":"cond-expr","locations":[{"start":{"line":380,"column":34},"end":{"line":380,"column":36}},{"start":{"line":380,"column":39},"end":{"line":380,"column":50}}]},"20":{"loc":{"start":{"line":388,"column":48},"end":{"line":388,"column":97}},"type":"cond-expr","locations":[{"start":{"line":388,"column":66},"end":{"line":388,"column":92}},{"start":{"line":388,"column":95},"end":{"line":388,"column":97}}]},"21":{"loc":{"start":{"line":411,"column":2},"end":{"line":414,"column":3}},"type":"if","locations":[{"start":{"line":411,"column":2},"end":{"line":414,"column":3}}]},"22":{"loc":{"start":{"line":428,"column":2},"end":{"line":436,"column":3}},"type":"if","locations":[{"start":{"line":428,"column":2},"end":{"line":436,"column":3}},{"start":{"line":433,"column":9},"end":{"line":436,"column":3}}]},"23":{"loc":{"start":{"line":430,"column":4},"end":{"line":432,"column":5}},"type":"if","locations":[{"start":{"line":430,"column":4},"end":{"line":432,"column":5}}]},"24":{"loc":{"start":{"line":439,"column":2},"end":{"line":442,"column":3}},"type":"if","locations":[{"start":{"line":439,"column":2},"end":{"line":442,"column":3}}]},"25":{"loc":{"start":{"line":472,"column":6},"end":{"line":560,"column":7}},"type":"switch","locations":[{"start":{"line":473,"column":8},"end":{"line":519,"column":9}},{"start":{"line":520,"column":8},"end":{"line":559,"column":9}}]},"26":{"loc":{"start":{"line":484,"column":71},"end":{"line":484,"column":103}},"type":"binary-expr","locations":[{"start":{"line":484,"column":71},"end":{"line":484,"column":93}},{"start":{"line":484,"column":97},"end":{"line":484,"column":103}}]},"27":{"loc":{"start":{"line":488,"column":12},"end":{"line":490,"column":13}},"type":"if","locations":[{"start":{"line":488,"column":12},"end":{"line":490,"column":13}}]},"28":{"loc":{"start":{"line":488,"column":16},"end":{"line":488,"column":44}},"type":"binary-expr","locations":[{"start":{"line":488,"column":16},"end":{"line":488,"column":21}},{"start":{"line":488,"column":25},"end":{"line":488,"column":44}}]},"29":{"loc":{"start":{"line":575,"column":2},"end":{"line":578,"column":3}},"type":"if","locations":[{"start":{"line":575,"column":2},"end":{"line":578,"column":3}}]},"30":{"loc":{"start":{"line":591,"column":4},"end":{"line":600,"column":5}},"type":"if","locations":[{"start":{"line":591,"column":4},"end":{"line":600,"column":5}},{"start":{"line":593,"column":11},"end":{"line":600,"column":5}}]},"31":{"loc":{"start":{"line":655,"column":2},"end":{"line":659,"column":3}},"type":"if","locations":[{"start":{"line":655,"column":2},"end":{"line":659,"column":3}}]},"32":{"loc":{"start":{"line":671,"column":4},"end":{"line":675,"column":5}},"type":"if","locations":[{"start":{"line":671,"column":4},"end":{"line":675,"column":5}}]},"33":{"loc":{"start":{"line":682,"column":15},"end":{"line":682,"column":64}},"type":"cond-expr","locations":[{"start":{"line":682,"column":30},"end":{"line":682,"column":34}},{"start":{"line":682,"column":37},"end":{"line":682,"column":64}}]},"34":{"loc":{"start":{"line":686,"column":4},"end":{"line":689,"column":5}},"type":"if","locations":[{"start":{"line":686,"column":4},"end":{"line":689,"column":5}}]},"35":{"loc":{"start":{"line":698,"column":4},"end":{"line":700,"column":5}},"type":"if","locations":[{"start":{"line":698,"column":4},"end":{"line":700,"column":5}}]},"36":{"loc":{"start":{"line":726,"column":6},"end":{"line":749,"column":7}},"type":"if","locations":[{"start":{"line":726,"column":6},"end":{"line":749,"column":7}},{"start":{"line":747,"column":13},"end":{"line":749,"column":7}}]},"37":{"loc":{"start":{"line":764,"column":4},"end":{"line":766,"column":5}},"type":"if","locations":[{"start":{"line":764,"column":4},"end":{"line":766,"column":5}}]},"38":{"loc":{"start":{"line":791,"column":19},"end":{"line":791,"column":39}},"type":"binary-expr","locations":[{"start":{"line":791,"column":19},"end":{"line":791,"column":33}},{"start":{"line":791,"column":37},"end":{"line":791,"column":39}}]},"39":{"loc":{"start":{"line":793,"column":2},"end":{"line":796,"column":3}},"type":"if","locations":[{"start":{"line":793,"column":2},"end":{"line":796,"column":3}}]},"40":{"loc":{"start":{"line":798,"column":2},"end":{"line":812,"column":3}},"type":"if","locations":[{"start":{"line":798,"column":2},"end":{"line":812,"column":3}}]},"41":{"loc":{"start":{"line":803,"column":4},"end":{"line":807,"column":5}},"type":"if","locations":[{"start":{"line":803,"column":4},"end":{"line":807,"column":5}},{"start":{"line":805,"column":11},"end":{"line":807,"column":5}}]},"42":{"loc":{"start":{"line":827,"column":2},"end":{"line":831,"column":3}},"type":"if","locations":[{"start":{"line":827,"column":2},"end":{"line":831,"column":3}}]},"43":{"loc":{"start":{"line":844,"column":4},"end":{"line":846,"column":5}},"type":"if","locations":[{"start":{"line":844,"column":4},"end":{"line":846,"column":5}}]},"44":{"loc":{"start":{"line":844,"column":8},"end":{"line":844,"column":36}},"type":"binary-expr","locations":[{"start":{"line":844,"column":8},"end":{"line":844,"column":13}},{"start":{"line":844,"column":17},"end":{"line":844,"column":36}}]},"45":{"loc":{"start":{"line":848,"column":4},"end":{"line":852,"column":5}},"type":"if","locations":[{"start":{"line":848,"column":4},"end":{"line":852,"column":5}}]},"46":{"loc":{"start":{"line":856,"column":4},"end":{"line":859,"column":5}},"type":"if","locations":[{"start":{"line":856,"column":4},"end":{"line":859,"column":5}}]},"47":{"loc":{"start":{"line":866,"column":4},"end":{"line":869,"column":5}},"type":"if","locations":[{"start":{"line":866,"column":4},"end":{"line":869,"column":5}}]},"48":{"loc":{"start":{"line":887,"column":4},"end":{"line":890,"column":5}},"type":"if","locations":[{"start":{"line":887,"column":4},"end":{"line":890,"column":5}}]},"49":{"loc":{"start":{"line":917,"column":4},"end":{"line":919,"column":5}},"type":"if","locations":[{"start":{"line":917,"column":4},"end":{"line":919,"column":5}}]}},"s":{"0":0,"1":0,"2":0,"3":0,"4":0,"5":0,"6":0,"7":0,"8":0,"9":0,"10":0,"11":0,"12":0,"13":0,"14":0,"15":0,"16":0,"17":0,"18":0,"19":0,"20":0,"21":0,"22":0,"23":0,"24":0,"25":0,"26":0,"27":0,"28":0,"29":0,"30":0,"31":0,"32":0,"33":0,"34":0,"35":0,"36":0,"37":0,"38":0,"39":0,"40":0,"41":0,"42":0,"43":0,"44":0,"45":0,"46":0,"47":0,"48":0,"49":0,"50":0,"51":0,"52":0,"53":0,"54":0,"55":0,"56":0,"57":0,"58":0,"59":0,"60":0,"61":0,"62":0,"63":0,"64":0,"65":0,"66":0,"67":0,"68":0,"69":0,"70":0,"71":0,"72":0,"73":0,"74":0,"75":0,"76":0,"77":0,"78":0,"79":0,"80":0,"81":0,"82":0,"83":0,"84":0,"85":0,"86":0,"87":0,"88":0,"89":0,"90":0,"91":0,"92":0,"93":0,"94":0,"95":0,"96":0,"97":0,"98":0,"99":0,"100":0,"101":0,"102":0,"103":0,"104":0,"105":0,"106":0,"107":0,"108":0,"109":0,"110":0,"111":0,"112":0,"113":0,"114":0,"115":0,"116":0,"117":0,"118":0,"119":0,"120":0,"121":0,"122":0,"123":0,"124":0,"125":0,"126":0,"127":0,"128":0,"129":0,"130":0,"131":0,"132":0,"133":0,"134":0,"135":0,"136":0,"137":0,"138":0,"139":0,"140":0,"141":0,"142":0,"143":0,"144":0,"145":0,"146":0,"147":0,"148":0,"149":0,"150":0,"151":0,"152":0,"153":0,"154":0,"155":0,"156":0,"157":0,"158":0,"159":0,"160":0,"161":0,"162":0,"163":0,"164":0,"165":0,"166":0,"167":0,"168":0,"169":0,"170":0,"171":0,"172":0,"173":0,"174":0,"175":0,"176":0,"177":0,"178":0,"179":0,"180":0,"181":0,"182":0,"183":0,"184":0,"185":0,"186":0,"187":0,"188":0,"189":0,"190":0,"191":0,"192":0,"193":0,"194":0,"195":0,"196":0,"197":0,"198":0,"199":0,"200":0,"201":0,"202":0,"203":0,"204":0,"205":0,"206":0,"207":0,"208":0,"209":0,"210":0,"211":0,"212":0,"213":0,"214":0,"215":0,"216":0,"217":0,"218":0,"219":0,"220":0,"221":0,"222":0,"223":0,"224":0,"225":0,"226":0,"227":0,"228":0,"229":0,"230":0,"231":0,"232":0,"233":0,"234":0,"235":0,"236":0,"237":0,"238":0,"239":0,"240":0,"241":0,"242":0,"243":0,"244":0,"245":0,"246":0,"247":0,"248":0,"249":0,"250":0,"251":0,"252":0,"253":0,"254":0,"255":0,"256":0,"257":0,"258":0,"259":0,"260":0,"261":0,"262":0,"263":0,"264":0,"265":0,"266":0,"267":0,"268":0,"269":0,"270":0,"271":0,"272":0,"273":0,"274":0,"275":0,"276":0,"277":0,"278":0,"279":0,"280":0,"281":0,"282":0,"283":0,"284":0,"285":0,"286":0,"287":0,"288":0,"289":0,"290":0,"291":0,"292":0,"293":0,"294":0,"295":0,"296":0,"297":0,"298":0,"299":0,"300":0,"301":0,"302":0,"303":0,"304":0,"305":0,"306":0,"307":0,"308":0,"309":0,"310":0,"311":0,"312":0,"313":0,"314":0,"315":0,"316":0,"317":0,"318":0,"319":0,"320":0,"321":0,"322":0,"323":0,"324":0,"325":0},"f":{"0":0,"1":0,"2":0,"3":0,"4":0,"5":0,"6":0,"7":0,"8":0,"9":0,"10":0,"11":0,"12":0,"13":0,"14":0,"15":0,"16":0,"17":0,"18":0,"19":0,"20":0,"21":0,"22":0,"23":0,"24":0},"b":{"0":[0],"1":[0,0],"2":[0],"3":[0],"4":[0],"5":[0,0],"6":[0],"7":[0],"8":[0],"9":[0],"10":[0],"11":[0,0],"12":[0],"13":[0],"14":[0],"15":[0],"16":[0],"17":[0],"18":[0],"19":[0,0],"20":[0,0],"21":[0],"22":[0,0],"23":[0],"24":[0],"25":[0,0],"26":[0,0],"27":[0],"28":[0,0],"29":[0],"30":[0,0],"31":[0],"32":[0],"33":[0,0],"34":[0],"35":[0],"36":[0,0],"37":[0],"38":[0,0],"39":[0],"40":[0],"41":[0,0],"42":[0],"43":[0],"44":[0,0],"45":[0],"46":[0],"47":[0],"48":[0],"49":[0]}}
,"/Users/varun.bhandary/Documents/side-projects/schemax-vscode/packages/vscode-extension/src/storage-v3.ts": {"path":"/Users/varun.bhandary/Documents/side-projects/schemax-vscode/packages/vscode-extension/src/storage-v3.ts","statementMap":{"0":{"start":{"line":153,"column":0},"end":{"line":153,"column":7}},"1":{"start":{"line":286,"column":0},"end":{"line":286,"column":7}},"2":{"start":{"line":316,"column":0},"end":{"line":316,"column":7}},"3":{"start":{"line":348,"column":0},"end":{"line":348,"column":7}},"4":{"start":{"line":368,"column":0},"end":{"line":368,"column":7}},"5":{"start":{"line":402,"column":0},"end":{"line":402,"column":7}},"6":{"start":{"line":430,"column":0},"end":{"line":430,"column":7}},"7":{"start":{"line":514,"column":0},"end":{"line":514,"column":7}},"8":{"start":{"line":9,"column":0},"end":{"line":9,"column":34}},"9":{"start":{"line":10,"column":0},"end":{"line":10,"column":29}},"10":{"start":{"line":11,"column":0},"end":{"line":11,"column":33}},"11":{"start":{"line":12,"column":0},"end":{"line":12,"column":36}},"12":{"start":{"line":13,"column":0},"end":{"line":13,"column":56}},"13":{"start":{"line":18,"column":22},"end":{"line":18,"column":34}},"14":{"start":{"line":19,"column":25},"end":{"line":19,"column":39}},"15":{"start":{"line":20,"column":27},"end":{"line":20,"column":43}},"16":{"start":{"line":21,"column":22},"end":{"line":21,"column":33}},"17":{"start":{"line":104,"column":2},"end":{"line":104,"column":68}},"18":{"start":{"line":111,"column":2},"end":{"line":111,"column":70}},"19":{"start":{"line":118,"column":2},"end":{"line":118,"column":55}},"20":{"start":{"line":125,"column":2},"end":{"line":125,"column":65}},"21":{"start":{"line":132,"column":2},"end":{"line":132,"column":69}},"22":{"start":{"line":139,"column":23},"end":{"line":139,"column":52}},"23":{"start":{"line":140,"column":23},"end":{"line":140,"column":52}},"24":{"start":{"line":142,"column":2},"end":{"line":147,"column":3}},"25":{"start":{"line":143,"column":4},"end":{"line":143,"column":54}},"26":{"start":{"line":144,"column":4},"end":{"line":144,"column":54}},"27":{"start":{"line":157,"column":22},"end":{"line":157,"column":54}},"28":{"start":{"line":158,"column":24},"end":{"line":158,"column":58}},"29":{"start":{"line":160,"column":2},"end":{"line":213,"column":3}},"30":{"start":{"line":161,"column":4},"end":{"line":161,"column":33}},"31":{"start":{"line":163,"column":20},"end":{"line":163,"column":58}},"32":{"start":{"line":164,"column":20},"end":{"line":164,"column":39}},"33":{"start":{"line":166,"column":4},"end":{"line":169,"column":5}},"34":{"start":{"line":168,"column":6},"end":{"line":168,"column":61}},"35":{"start":{"line":172,"column":26},"end":{"line":172,"column":60}},"36":{"start":{"line":175,"column":21},"end":{"line":175,"column":53}},"37":{"start":{"line":176,"column":4},"end":{"line":178,"column":5}},"38":{"start":{"line":177,"column":6},"end":{"line":177,"column":125}},"39":{"start":{"line":180,"column":38},"end":{"line":199,"column":6}},"40":{"start":{"line":201,"column":40},"end":{"line":206,"column":6}},"41":{"start":{"line":208,"column":4},"end":{"line":208,"column":43}},"42":{"start":{"line":209,"column":4},"end":{"line":209,"column":81}},"43":{"start":{"line":210,"column":4},"end":{"line":210,"column":85}},"44":{"start":{"line":212,"column":4},"end":{"line":212,"column":113}},"45":{"start":{"line":224,"column":2},"end":{"line":224,"column":64}},"46":{"start":{"line":226,"column":19},"end":{"line":226,"column":51}},"47":{"start":{"line":227,"column":2},"end":{"line":229,"column":3}},"48":{"start":{"line":228,"column":4},"end":{"line":228,"column":58}},"49":{"start":{"line":231,"column":35},"end":{"line":250,"column":4}},"50":{"start":{"line":253,"column":2},"end":{"line":274,"column":3}},"51":{"start":{"line":254,"column":22},"end":{"line":254,"column":55}},"52":{"start":{"line":255,"column":24},"end":{"line":265,"column":6}},"53":{"start":{"line":257,"column":6},"end":{"line":259,"column":7}},"54":{"start":{"line":258,"column":8},"end":{"line":258,"column":33}},"55":{"start":{"line":261,"column":6},"end":{"line":263,"column":7}},"56":{"start":{"line":262,"column":8},"end":{"line":262,"column":41}},"57":{"start":{"line":264,"column":6},"end":{"line":264,"column":16}},"58":{"start":{"line":267,"column":4},"end":{"line":271,"column":6}},"59":{"start":{"line":273,"column":4},"end":{"line":273,"column":79}},"60":{"start":{"line":277,"column":22},"end":{"line":277,"column":54}},"61":{"start":{"line":278,"column":2},"end":{"line":278,"column":78}},"62":{"start":{"line":280,"column":2},"end":{"line":280,"column":57}},"63":{"start":{"line":287,"column":19},"end":{"line":287,"column":51}},"64":{"start":{"line":288,"column":18},"end":{"line":288,"column":53}},"65":{"start":{"line":289,"column":17},"end":{"line":289,"column":36}},"66":{"start":{"line":292,"column":2},"end":{"line":295,"column":3}},"67":{"start":{"line":293,"column":4},"end":{"line":293,"column":46}},"68":{"start":{"line":294,"column":4},"end":{"line":294,"column":37}},"69":{"start":{"line":297,"column":2},"end":{"line":299,"column":3}},"70":{"start":{"line":298,"column":4},"end":{"line":298,"column":70}},"71":{"start":{"line":301,"column":2},"end":{"line":301,"column":33}},"72":{"start":{"line":308,"column":19},"end":{"line":308,"column":51}},"73":{"start":{"line":309,"column":18},"end":{"line":309,"column":50}},"74":{"start":{"line":310,"column":2},"end":{"line":310,"column":48}},"75":{"start":{"line":317,"column":19},"end":{"line":317,"column":53}},"76":{"start":{"line":318,"column":2},"end":{"line":332,"column":3}},"77":{"start":{"line":319,"column":20},"end":{"line":319,"column":55}},"78":{"start":{"line":320,"column":19},"end":{"line":320,"column":38}},"79":{"start":{"line":321,"column":4},"end":{"line":321,"column":35}},"80":{"start":{"line":324,"column":37},"end":{"line":329,"column":6}},"81":{"start":{"line":330,"column":4},"end":{"line":330,"column":77}},"82":{"start":{"line":331,"column":4},"end":{"line":331,"column":21}},"83":{"start":{"line":339,"column":19},"end":{"line":339,"column":53}},"84":{"start":{"line":340,"column":2},"end":{"line":340,"column":52}},"85":{"start":{"line":341,"column":18},"end":{"line":341,"column":52}},"86":{"start":{"line":342,"column":2},"end":{"line":342,"column":48}},"87":{"start":{"line":349,"column":19},"end":{"line":349,"column":61}},"88":{"start":{"line":350,"column":18},"end":{"line":350,"column":53}},"89":{"start":{"line":351,"column":17},"end":{"line":351,"column":36}},"90":{"start":{"line":352,"column":2},"end":{"line":352,"column":32}},"91":{"start":{"line":359,"column":2},"end":{"line":359,"column":41}},"92":{"start":{"line":360,"column":19},"end":{"line":360,"column":70}},"93":{"start":{"line":361,"column":18},"end":{"line":361,"column":51}},"94":{"start":{"line":362,"column":2},"end":{"line":362,"column":48}},"95":{"start":{"line":373,"column":18},"end":{"line":373,"column":49}},"96":{"start":{"line":374,"column":20},"end":{"line":374,"column":53}},"97":{"start":{"line":377,"column":19},"end":{"line":377,"column":62}},"98":{"start":{"line":378,"column":2},"end":{"line":380,"column":3}},"99":{"start":{"line":379,"column":4},"end":{"line":379,"column":111}},"100":{"start":{"line":384,"column":2},"end":{"line":391,"column":3}},"101":{"start":{"line":386,"column":21},"end":{"line":386,"column":77}},"102":{"start":{"line":387,"column":4},"end":{"line":387,"column":27}},"103":{"start":{"line":390,"column":4},"end":{"line":390,"column":42}},"104":{"start":{"line":394,"column":2},"end":{"line":394,"column":57}},"105":{"start":{"line":396,"column":2},"end":{"line":396,"column":40}},"106":{"start":{"line":403,"column":18},"end":{"line":403,"column":49}},"107":{"start":{"line":404,"column":20},"end":{"line":404,"column":53}},"108":{"start":{"line":405,"column":19},"end":{"line":405,"column":62}},"109":{"start":{"line":407,"column":2},"end":{"line":409,"column":3}},"110":{"start":{"line":408,"column":4},"end":{"line":408,"column":69}},"111":{"start":{"line":412,"column":2},"end":{"line":418,"column":3}},"112":{"start":{"line":413,"column":23},"end":{"line":413,"column":53}},"113":{"start":{"line":414,"column":4},"end":{"line":417,"column":5}},"114":{"start":{"line":415,"column":21},"end":{"line":415,"column":86}},"115":{"start":{"line":415,"column":48},"end":{"line":415,"column":74}},"116":{"start":{"line":416,"column":6},"end":{"line":416,"column":54}},"117":{"start":{"line":421,"column":2},"end":{"line":421,"column":29}},"118":{"start":{"line":424,"column":2},"end":{"line":424,"column":48}},"119":{"start":{"line":437,"column":18},"end":{"line":437,"column":49}},"120":{"start":{"line":438,"column":20},"end":{"line":438,"column":53}},"121":{"start":{"line":441,"column":20},"end":{"line":441,"column":56}},"122":{"start":{"line":444,"column":26},"end":{"line":444,"column":93}},"123":{"start":{"line":447,"column":21},"end":{"line":452,"column":4}},"124":{"start":{"line":448,"column":4},"end":{"line":450,"column":5}},"125":{"start":{"line":449,"column":6},"end":{"line":449,"column":50}},"126":{"start":{"line":451,"column":4},"end":{"line":451,"column":14}},"127":{"start":{"line":455,"column":15},"end":{"line":455,"column":70}},"128":{"start":{"line":455,"column":62},"end":{"line":455,"column":68}},"129":{"start":{"line":458,"column":37},"end":{"line":470,"column":4}},"130":{"start":{"line":465,"column":38},"end":{"line":465,"column":44}},"131":{"start":{"line":473,"column":2},"end":{"line":473,"column":50}},"132":{"start":{"line":476,"column":45},"end":{"line":488,"column":4}},"133":{"start":{"line":491,"column":2},"end":{"line":491,"column":43}},"134":{"start":{"line":492,"column":2},"end":{"line":492,"column":43}},"135":{"start":{"line":493,"column":2},"end":{"line":493,"column":44}},"136":{"start":{"line":496,"column":38},"end":{"line":501,"column":4}},"137":{"start":{"line":502,"column":2},"end":{"line":502,"column":51}},"138":{"start":{"line":504,"column":2},"end":{"line":504,"column":74}},"139":{"start":{"line":505,"column":2},"end":{"line":505,"column":69}},"140":{"start":{"line":506,"column":2},"end":{"line":506,"column":64}},"141":{"start":{"line":508,"column":2},"end":{"line":508,"column":45}},"142":{"start":{"line":515,"column":20},"end":{"line":515,"column":53}},"143":{"start":{"line":516,"column":2},"end":{"line":516,"column":30}},"144":{"start":{"line":523,"column":18},"end":{"line":523,"column":56}},"145":{"start":{"line":524,"column":2},"end":{"line":524,"column":67}},"146":{"start":{"line":531,"column":2},"end":{"line":533,"column":3}},"147":{"start":{"line":532,"column":4},"end":{"line":532,"column":44}},"148":{"start":{"line":536,"column":23},"end":{"line":536,"column":66}},"149":{"start":{"line":537,"column":2},"end":{"line":539,"column":3}},"150":{"start":{"line":538,"column":4},"end":{"line":538,"column":44}},"151":{"start":{"line":541,"column":34},"end":{"line":541,"column":46}},"152":{"start":{"line":542,"column":20},"end":{"line":542,"column":39}},"153":{"start":{"line":544,"column":2},"end":{"line":544,"column":60}}},"fnMap":{"0":{"name":"getProjectFilePath","decl":{"start":{"line":103,"column":9},"end":{"line":103,"column":27}},"loc":{"start":{"line":103,"column":52},"end":{"line":105,"column":1}}},"1":{"name":"getChangelogFilePath","decl":{"start":{"line":110,"column":9},"end":{"line":110,"column":29}},"loc":{"start":{"line":110,"column":54},"end":{"line":112,"column":1}}},"2":{"name":"getSchematicDir","decl":{"start":{"line":117,"column":9},"end":{"line":117,"column":24}},"loc":{"start":{"line":117,"column":49},"end":{"line":119,"column":1}}},"3":{"name":"getSnapshotsDir","decl":{"start":{"line":124,"column":9},"end":{"line":124,"column":24}},"loc":{"start":{"line":124,"column":49},"end":{"line":126,"column":1}}},"4":{"name":"getSnapshotFilePath","decl":{"start":{"line":131,"column":9},"end":{"line":131,"column":28}},"loc":{"start":{"line":131,"column":70},"end":{"line":133,"column":1}}},"5":{"name":"ensureSchematicDir","decl":{"start":{"line":138,"column":15},"end":{"line":138,"column":33}},"loc":{"start":{"line":138,"column":58},"end":{"line":148,"column":1}}},"6":{"name":"ensureProjectFile","decl":{"start":{"line":153,"column":22},"end":{"line":153,"column":39}},"loc":{"start":{"line":155,"column":30},"end":{"line":214,"column":1}}},"7":{"name":"migrateV2ToV3","decl":{"start":{"line":219,"column":15},"end":{"line":219,"column":28}},"loc":{"start":{"line":222,"column":30},"end":{"line":281,"column":1}}},"8":{"name":"(anonymous_17)","decl":{"start":{"line":255,"column":42},"end":{"line":255,"column":43}},"loc":{"start":{"line":255,"column":60},"end":{"line":265,"column":5}}},"9":{"name":"readProject","decl":{"start":{"line":286,"column":22},"end":{"line":286,"column":33}},"loc":{"start":{"line":286,"column":58},"end":{"line":302,"column":1}}},"10":{"name":"writeProject","decl":{"start":{"line":307,"column":15},"end":{"line":307,"column":27}},"loc":{"start":{"line":307,"column":76},"end":{"line":311,"column":1}}},"11":{"name":"readChangelog","decl":{"start":{"line":316,"column":22},"end":{"line":316,"column":35}},"loc":{"start":{"line":316,"column":60},"end":{"line":333,"column":1}}},"12":{"name":"writeChangelog","decl":{"start":{"line":338,"column":15},"end":{"line":338,"column":29}},"loc":{"start":{"line":338,"column":80},"end":{"line":343,"column":1}}},"13":{"name":"readSnapshot","decl":{"start":{"line":348,"column":22},"end":{"line":348,"column":34}},"loc":{"start":{"line":348,"column":76},"end":{"line":353,"column":1}}},"14":{"name":"writeSnapshot","decl":{"start":{"line":358,"column":15},"end":{"line":358,"column":28}},"loc":{"start":{"line":358,"column":77},"end":{"line":363,"column":1}}},"15":{"name":"loadCurrentState","decl":{"start":{"line":368,"column":22},"end":{"line":368,"column":38}},"loc":{"start":{"line":368,"column":63},"end":{"line":397,"column":1}}},"16":{"name":"appendOps","decl":{"start":{"line":402,"column":22},"end":{"line":402,"column":31}},"loc":{"start":{"line":402,"column":74},"end":{"line":425,"column":1}}},"17":{"name":"(anonymous_26)","decl":{"start":{"line":415,"column":43},"end":{"line":415,"column":44}},"loc":{"start":{"line":415,"column":48},"end":{"line":415,"column":74}}},"18":{"name":"createSnapshot","decl":{"start":{"line":430,"column":22},"end":{"line":430,"column":36}},"loc":{"start":{"line":435,"column":21},"end":{"line":509,"column":1}}},"19":{"name":"(anonymous_28)","decl":{"start":{"line":447,"column":39},"end":{"line":447,"column":40}},"loc":{"start":{"line":447,"column":53},"end":{"line":452,"column":3}}},"20":{"name":"(anonymous_29)","decl":{"start":{"line":455,"column":56},"end":{"line":455,"column":58}},"loc":{"start":{"line":455,"column":62},"end":{"line":455,"column":68}}},"21":{"name":"(anonymous_30)","decl":{"start":{"line":465,"column":32},"end":{"line":465,"column":34}},"loc":{"start":{"line":465,"column":38},"end":{"line":465,"column":44}}},"22":{"name":"getUncommittedOpsCount","decl":{"start":{"line":514,"column":22},"end":{"line":514,"column":44}},"loc":{"start":{"line":514,"column":69},"end":{"line":517,"column":1}}},"23":{"name":"calculateStateHash","decl":{"start":{"line":522,"column":9},"end":{"line":522,"column":27}},"loc":{"start":{"line":522,"column":61},"end":{"line":525,"column":1}}},"24":{"name":"getNextVersion","decl":{"start":{"line":530,"column":9},"end":{"line":530,"column":23}},"loc":{"start":{"line":530,"column":80},"end":{"line":545,"column":1}}}},"branchMap":{"0":{"loc":{"start":{"line":155,"column":2},"end":{"line":155,"column":30}},"type":"default-arg","locations":[{"start":{"line":155,"column":23},"end":{"line":155,"column":30}}]},"1":{"loc":{"start":{"line":166,"column":4},"end":{"line":169,"column":5}},"type":"if","locations":[{"start":{"line":166,"column":4},"end":{"line":169,"column":5}}]},"2":{"loc":{"start":{"line":176,"column":4},"end":{"line":178,"column":5}},"type":"if","locations":[{"start":{"line":176,"column":4},"end":{"line":178,"column":5}}]},"3":{"loc":{"start":{"line":222,"column":2},"end":{"line":222,"column":30}},"type":"default-arg","locations":[{"start":{"line":222,"column":23},"end":{"line":222,"column":30}}]},"4":{"loc":{"start":{"line":227,"column":2},"end":{"line":229,"column":3}},"type":"if","locations":[{"start":{"line":227,"column":2},"end":{"line":229,"column":3}}]},"5":{"loc":{"start":{"line":238,"column":18},"end":{"line":238,"column":67}},"type":"binary-expr","locations":[{"start":{"line":238,"column":18},"end":{"line":238,"column":40}},{"start":{"line":238,"column":44},"end":{"line":238,"column":67}}]},"6":{"loc":{"start":{"line":239,"column":15},"end":{"line":239,"column":40}},"type":"binary-expr","locations":[{"start":{"line":239,"column":15},"end":{"line":239,"column":34}},{"start":{"line":239,"column":38},"end":{"line":239,"column":40}}]},"7":{"loc":{"start":{"line":240,"column":17},"end":{"line":240,"column":44}},"type":"binary-expr","locations":[{"start":{"line":240,"column":17},"end":{"line":240,"column":38}},{"start":{"line":240,"column":42},"end":{"line":240,"column":44}}]},"8":{"loc":{"start":{"line":241,"column":14},"end":{"line":248,"column":null}},"type":"binary-expr","locations":[{"start":{"line":241,"column":14},"end":{"line":241,"column":32}},{"start":{"line":241,"column":36},"end":{"line":248,"column":null}}]},"9":{"loc":{"start":{"line":249,"column":20},"end":{"line":249,"column":52}},"type":"binary-expr","locations":[{"start":{"line":249,"column":20},"end":{"line":249,"column":44}},{"start":{"line":249,"column":48},"end":{"line":249,"column":52}}]},"10":{"loc":{"start":{"line":257,"column":6},"end":{"line":259,"column":7}},"type":"if","locations":[{"start":{"line":257,"column":6},"end":{"line":259,"column":7}}]},"11":{"loc":{"start":{"line":261,"column":6},"end":{"line":263,"column":7}},"type":"if","locations":[{"start":{"line":261,"column":6},"end":{"line":263,"column":7}}]},"12":{"loc":{"start":{"line":292,"column":2},"end":{"line":295,"column":3}},"type":"if","locations":[{"start":{"line":292,"column":2},"end":{"line":295,"column":3}}]},"13":{"loc":{"start":{"line":297,"column":2},"end":{"line":299,"column":3}},"type":"if","locations":[{"start":{"line":297,"column":2},"end":{"line":299,"column":3}}]},"14":{"loc":{"start":{"line":378,"column":2},"end":{"line":380,"column":3}},"type":"if","locations":[{"start":{"line":378,"column":2},"end":{"line":380,"column":3}}]},"15":{"loc":{"start":{"line":384,"column":2},"end":{"line":391,"column":3}},"type":"if","locations":[{"start":{"line":384,"column":2},"end":{"line":391,"column":3}},{"start":{"line":388,"column":9},"end":{"line":391,"column":3}}]},"16":{"loc":{"start":{"line":407,"column":2},"end":{"line":409,"column":3}},"type":"if","locations":[{"start":{"line":407,"column":2},"end":{"line":409,"column":3}}]},"17":{"loc":{"start":{"line":414,"column":4},"end":{"line":417,"column":5}},"type":"if","locations":[{"start":{"line":414,"column":4},"end":{"line":417,"column":5}}]},"18":{"loc":{"start":{"line":435,"column":2},"end":{"line":435,"column":21}},"type":"default-arg","locations":[{"start":{"line":435,"column":19},"end":{"line":435,"column":21}}]},"19":{"loc":{"start":{"line":444,"column":26},"end":{"line":444,"column":93}},"type":"binary-expr","locations":[{"start":{"line":444,"column":26},"end":{"line":444,"column":33}},{"start":{"line":444,"column":37},"end":{"line":444,"column":93}}]},"20":{"loc":{"start":{"line":448,"column":4},"end":{"line":450,"column":5}},"type":"if","locations":[{"start":{"line":448,"column":4},"end":{"line":450,"column":5}}]},"21":{"loc":{"start":{"line":463,"column":15},"end":{"line":463,"column":68}},"type":"binary-expr","locations":[{"start":{"line":463,"column":15},"end":{"line":463,"column":31}},{"start":{"line":463,"column":35},"end":{"line":463,"column":55}},{"start":{"line":463,"column":59},"end":{"line":463,"column":68}}]},"22":{"loc":{"start":{"line":531,"column":2},"end":{"line":533,"column":3}},"type":"if","locations":[{"start":{"line":531,"column":2},"end":{"line":533,"column":3}}]},"23":{"loc":{"start":{"line":537,"column":2},"end":{"line":539,"column":3}},"type":"if","locations":[{"start":{"line":537,"column":2},"end":{"line":539,"column":3}}]}},"s":{"0":0,"1":0,"2":0,"3":0,"4":0,"5":0,"6":0,"7":0,"8":0,"9":0,"10":0,"11":0,"12":0,"13":0,"14":0,"15":0,"16":0,"17":0,"18":0,"19":0,"20":0,"21":0,"22":0,"23":0,"24":0,"25":0,"26":0,"27":0,"28":0,"29":0,"30":0,"31":0,"32":0,"33":0,"34":0,"35":0,"36":0,"37":0,"38":0,"39":0,"40":0,"41":0,"42":0,"43":0,"44":0,"45":0,"46":0,"47":0,"48":0,"49":0,"50":0,"51":0,"52":0,"53":0,"54":0,"55":0,"56":0,"57":0,"58":0,"59":0,"60":0,"61":0,"62":0,"63":0,"64":0,"65":0,"66":0,"67":0,"68":0,"69":0,"70":0,"71":0,"72":0,"73":0,"74":0,"75":0,"76":0,"77":0,"78":0,"79":0,"80":0,"81":0,"82":0,"83":0,"84":0,"85":0,"86":0,"87":0,"88":0,"89":0,"90":0,"91":0,"92":0,"93":0,"94":0,"95":0,"96":0,"97":0,"98":0,"99":0,"100":0,"101":0,"102":0,"103":0,"104":0,"105":0,"106":0,"107":0,"108":0,"109":0,"110":0,"111":0,"112":0,"113":0,"114":0,"115":0,"116":0,"117":0,"118":0,"119":0,"120":0,"121":0,"122":0,"123":0,"124":0,"125":0,"126":0,"127":0,"128":0,"129":0,"130":0,"131":0,"132":0,"133":0,"134":0,"135":0,"136":0,"137":0,"138":0,"139":0,"140":0,"141":0,"142":0,"143":0,"144":0,"145":0,"146":0,"147":0,"148":0,"149":0,"150":0,"151":0,"152":0,"153":0},"f":{"0":0,"1":0,"2":0,"3":0,"4":0,"5":0,"6":0,"7":0,"8":0,"9":0,"10":0,"11":0,"12":0,"13":0,"14":0,"15":0,"16":0,"17":0,"18":0,"19":0,"20":0,"21":0,"22":0,"23":0,"24":0},"b":{"0":[0],"1":[0],"2":[0],"3":[0],"4":[0],"5":[0,0],"6":[0,0],"7":[0,0],"8":[0,0],"9":[0,0],"10":[0],"11":[0],"12":[0],"13":[0],"14":[0],"15":[0,0],"16":[0],"17":[0],"18":[0],"19":[0,0],"20":[0],"21":[0,0,0],"22":[0],"23":[0]}}
,"/Users/varun.bhandary/Documents/side-projects/schemax-vscode/packages/vscode-extension/src/storage-v4.ts": {"path":"/Users/varun.bhandary/Documents/side-projects/schemax-vscode/packages/vscode-extension/src/storage-v4.ts","statementMap":{"0":{"start":{"line":146,"column":0},"end":{"line":146,"column":7}},"1":{"start":{"line":161,"column":0},"end":{"line":161,"column":7}},"2":{"start":{"line":275,"column":0},"end":{"line":275,"column":7}},"3":{"start":{"line":305,"column":0},"end":{"line":305,"column":7}},"4":{"start":{"line":317,"column":0},"end":{"line":317,"column":7}},"5":{"start":{"line":345,"column":0},"end":{"line":345,"column":7}},"6":{"start":{"line":358,"column":0},"end":{"line":358,"column":7}},"7":{"start":{"line":370,"column":0},"end":{"line":370,"column":7}},"8":{"start":{"line":383,"column":0},"end":{"line":383,"column":7}},"9":{"start":{"line":422,"column":0},"end":{"line":422,"column":7}},"10":{"start":{"line":453,"column":0},"end":{"line":453,"column":7}},"11":{"start":{"line":536,"column":0},"end":{"line":536,"column":7}},"12":{"start":{"line":544,"column":0},"end":{"line":544,"column":16}},"13":{"start":{"line":8,"column":0},"end":{"line":8,"column":33}},"14":{"start":{"line":10,"column":0},"end":{"line":10,"column":29}},"15":{"start":{"line":11,"column":0},"end":{"line":11,"column":33}},"16":{"start":{"line":12,"column":0},"end":{"line":12,"column":25}},"17":{"start":{"line":13,"column":0},"end":{"line":13,"column":36}},"18":{"start":{"line":14,"column":0},"end":{"line":14,"column":56}},"19":{"start":{"line":19,"column":22},"end":{"line":19,"column":34}},"20":{"start":{"line":20,"column":25},"end":{"line":20,"column":39}},"21":{"start":{"line":21,"column":27},"end":{"line":21,"column":43}},"22":{"start":{"line":22,"column":22},"end":{"line":22,"column":33}},"23":{"start":{"line":112,"column":2},"end":{"line":112,"column":58}},"24":{"start":{"line":119,"column":2},"end":{"line":119,"column":76}},"25":{"start":{"line":126,"column":2},"end":{"line":126,"column":78}},"26":{"start":{"line":133,"column":2},"end":{"line":133,"column":73}},"27":{"start":{"line":140,"column":2},"end":{"line":140,"column":92}},"28":{"start":{"line":147,"column":23},"end":{"line":147,"column":52}},"29":{"start":{"line":148,"column":23},"end":{"line":148,"column":52}},"30":{"start":{"line":150,"column":2},"end":{"line":155,"column":3}},"31":{"start":{"line":151,"column":4},"end":{"line":151,"column":60}},"32":{"start":{"line":152,"column":4},"end":{"line":152,"column":60}},"33":{"start":{"line":166,"column":22},"end":{"line":166,"column":54}},"34":{"start":{"line":168,"column":2},"end":{"line":190,"column":3}},"35":{"start":{"line":170,"column":4},"end":{"line":170,"column":48}},"36":{"start":{"line":173,"column":20},"end":{"line":173,"column":67}},"37":{"start":{"line":174,"column":20},"end":{"line":174,"column":67}},"38":{"start":{"line":176,"column":4},"end":{"line":185,"column":5}},"39":{"start":{"line":177,"column":6},"end":{"line":177,"column":79}},"40":{"start":{"line":178,"column":6},"end":{"line":178,"column":13}},"41":{"start":{"line":180,"column":6},"end":{"line":184,"column":8}},"42":{"start":{"line":187,"column":4},"end":{"line":189,"column":5}},"43":{"start":{"line":188,"column":6},"end":{"line":188,"column":18}},"44":{"start":{"line":193,"column":24},"end":{"line":193,"column":58}},"45":{"start":{"line":196,"column":19},"end":{"line":196,"column":51}},"46":{"start":{"line":197,"column":2},"end":{"line":202,"column":3}},"47":{"start":{"line":198,"column":22},"end":{"line":198,"column":61}},"48":{"start":{"line":199,"column":4},"end":{"line":201,"column":6}},"49":{"start":{"line":205,"column":36},"end":{"line":247,"column":4}},"50":{"start":{"line":249,"column":38},"end":{"line":254,"column":4}},"51":{"start":{"line":256,"column":2},"end":{"line":256,"column":41}},"52":{"start":{"line":259,"column":25},"end":{"line":259,"column":81}},"53":{"start":{"line":260,"column":2},"end":{"line":260,"column":67}},"54":{"start":{"line":263,"column":24},"end":{"line":263,"column":58}},"55":{"start":{"line":264,"column":27},"end":{"line":264,"column":85}},"56":{"start":{"line":265,"column":2},"end":{"line":265,"column":71}},"57":{"start":{"line":267,"column":2},"end":{"line":267,"column":87}},"58":{"start":{"line":268,"column":2},"end":{"line":268,"column":74}},"59":{"start":{"line":269,"column":2},"end":{"line":269,"column":72}},"60":{"start":{"line":276,"column":22},"end":{"line":276,"column":54}},"61":{"start":{"line":278,"column":2},"end":{"line":299,"column":3}},"62":{"start":{"line":279,"column":20},"end":{"line":279,"column":67}},"63":{"start":{"line":280,"column":20},"end":{"line":280,"column":67}},"64":{"start":{"line":283,"column":4},"end":{"line":289,"column":5}},"65":{"start":{"line":284,"column":6},"end":{"line":288,"column":8}},"66":{"start":{"line":291,"column":4},"end":{"line":291,"column":19}},"67":{"start":{"line":293,"column":4},"end":{"line":297,"column":5}},"68":{"start":{"line":294,"column":6},"end":{"line":296,"column":8}},"69":{"start":{"line":298,"column":4},"end":{"line":298,"column":16}},"70":{"start":{"line":309,"column":22},"end":{"line":309,"column":54}},"71":{"start":{"line":310,"column":18},"end":{"line":310,"column":71}},"72":{"start":{"line":311,"column":2},"end":{"line":311,"column":60}},"73":{"start":{"line":318,"column":24},"end":{"line":318,"column":58}},"74":{"start":{"line":320,"column":2},"end":{"line":339,"column":3}},"75":{"start":{"line":321,"column":20},"end":{"line":321,"column":69}},"76":{"start":{"line":322,"column":4},"end":{"line":322,"column":59}},"77":{"start":{"line":324,"column":4},"end":{"line":337,"column":5}},"78":{"start":{"line":326,"column":39},"end":{"line":331,"column":8}},"79":{"start":{"line":333,"column":22},"end":{"line":333,"column":77}},"80":{"start":{"line":334,"column":6},"end":{"line":334,"column":66}},"81":{"start":{"line":336,"column":6},"end":{"line":336,"column":23}},"82":{"start":{"line":338,"column":4},"end":{"line":338,"column":16}},"83":{"start":{"line":349,"column":2},"end":{"line":349,"column":52}},"84":{"start":{"line":350,"column":24},"end":{"line":350,"column":58}},"85":{"start":{"line":351,"column":18},"end":{"line":351,"column":73}},"86":{"start":{"line":352,"column":2},"end":{"line":352,"column":62}},"87":{"start":{"line":362,"column":23},"end":{"line":362,"column":65}},"88":{"start":{"line":363,"column":18},"end":{"line":363,"column":66}},"89":{"start":{"line":364,"column":2},"end":{"line":364,"column":56}},"90":{"start":{"line":374,"column":2},"end":{"line":374,"column":41}},"91":{"start":{"line":375,"column":23},"end":{"line":375,"column":74}},"92":{"start":{"line":376,"column":18},"end":{"line":376,"column":72}},"93":{"start":{"line":377,"column":2},"end":{"line":377,"column":61}},"94":{"start":{"line":390,"column":18},"end":{"line":390,"column":49}},"95":{"start":{"line":391,"column":20},"end":{"line":391,"column":53}},"96":{"start":{"line":394,"column":19},"end":{"line":394,"column":62}},"97":{"start":{"line":395,"column":2},"end":{"line":400,"column":3}},"98":{"start":{"line":396,"column":4},"end":{"line":399,"column":6}},"99":{"start":{"line":404,"column":2},"end":{"line":411,"column":3}},"100":{"start":{"line":406,"column":21},"end":{"line":406,"column":77}},"101":{"start":{"line":407,"column":4},"end":{"line":407,"column":27}},"102":{"start":{"line":410,"column":4},"end":{"line":410,"column":42}},"103":{"start":{"line":414,"column":2},"end":{"line":414,"column":57}},"104":{"start":{"line":416,"column":2},"end":{"line":416,"column":40}},"105":{"start":{"line":426,"column":18},"end":{"line":426,"column":49}},"106":{"start":{"line":427,"column":20},"end":{"line":427,"column":53}},"107":{"start":{"line":428,"column":19},"end":{"line":428,"column":62}},"108":{"start":{"line":430,"column":2},"end":{"line":432,"column":3}},"109":{"start":{"line":431,"column":4},"end":{"line":431,"column":69}},"110":{"start":{"line":435,"column":2},"end":{"line":441,"column":3}},"111":{"start":{"line":436,"column":23},"end":{"line":436,"column":53}},"112":{"start":{"line":437,"column":4},"end":{"line":440,"column":5}},"113":{"start":{"line":438,"column":21},"end":{"line":438,"column":86}},"114":{"start":{"line":438,"column":48},"end":{"line":438,"column":74}},"115":{"start":{"line":439,"column":6},"end":{"line":439,"column":54}},"116":{"start":{"line":444,"column":2},"end":{"line":444,"column":29}},"117":{"start":{"line":447,"column":2},"end":{"line":447,"column":48}},"118":{"start":{"line":460,"column":18},"end":{"line":460,"column":49}},"119":{"start":{"line":461,"column":20},"end":{"line":461,"column":53}},"120":{"start":{"line":464,"column":20},"end":{"line":464,"column":56}},"121":{"start":{"line":467,"column":26},"end":{"line":467,"column":93}},"122":{"start":{"line":470,"column":21},"end":{"line":475,"column":4}},"123":{"start":{"line":471,"column":4},"end":{"line":473,"column":5}},"124":{"start":{"line":472,"column":6},"end":{"line":472,"column":60}},"125":{"start":{"line":474,"column":4},"end":{"line":474,"column":14}},"126":{"start":{"line":478,"column":20},"end":{"line":478,"column":74}},"127":{"start":{"line":478,"column":67},"end":{"line":478,"column":72}},"128":{"start":{"line":481,"column":19},"end":{"line":481,"column":54}},"129":{"start":{"line":484,"column":37},"end":{"line":496,"column":4}},"130":{"start":{"line":491,"column":38},"end":{"line":491,"column":43}},"131":{"start":{"line":499,"column":2},"end":{"line":499,"column":50}},"132":{"start":{"line":502,"column":45},"end":{"line":514,"column":4}},"133":{"start":{"line":517,"column":2},"end":{"line":517,"column":43}},"134":{"start":{"line":518,"column":2},"end":{"line":518,"column":43}},"135":{"start":{"line":519,"column":2},"end":{"line":519,"column":44}},"136":{"start":{"line":522,"column":38},"end":{"line":527,"column":4}},"137":{"start":{"line":528,"column":2},"end":{"line":528,"column":51}},"138":{"start":{"line":530,"column":2},"end":{"line":530,"column":45}},"139":{"start":{"line":537,"column":20},"end":{"line":537,"column":53}},"140":{"start":{"line":538,"column":2},"end":{"line":538,"column":30}},"141":{"start":{"line":548,"column":20},"end":{"line":548,"column":62}},"142":{"start":{"line":550,"column":2},"end":{"line":556,"column":3}},"143":{"start":{"line":551,"column":22},"end":{"line":551,"column":75}},"144":{"start":{"line":552,"column":4},"end":{"line":555,"column":6}},"145":{"start":{"line":558,"column":2},"end":{"line":558,"column":19}},"146":{"start":{"line":565,"column":18},"end":{"line":565,"column":65}},"147":{"start":{"line":566,"column":2},"end":{"line":566,"column":67}},"148":{"start":{"line":573,"column":2},"end":{"line":575,"column":3}},"149":{"start":{"line":574,"column":4},"end":{"line":574,"column":44}},"150":{"start":{"line":578,"column":16},"end":{"line":578,"column":59}},"151":{"start":{"line":579,"column":2},"end":{"line":581,"column":3}},"152":{"start":{"line":580,"column":4},"end":{"line":580,"column":44}},"153":{"start":{"line":583,"column":27},"end":{"line":583,"column":32}},"154":{"start":{"line":584,"column":20},"end":{"line":584,"column":43}},"155":{"start":{"line":586,"column":2},"end":{"line":586,"column":60}}},"fnMap":{"0":{"name":"getSchematicDir","decl":{"start":{"line":111,"column":9},"end":{"line":111,"column":24}},"loc":{"start":{"line":111,"column":49},"end":{"line":113,"column":1}}},"1":{"name":"getProjectFilePath","decl":{"start":{"line":118,"column":9},"end":{"line":118,"column":27}},"loc":{"start":{"line":118,"column":52},"end":{"line":120,"column":1}}},"2":{"name":"getChangelogFilePath","decl":{"start":{"line":125,"column":9},"end":{"line":125,"column":29}},"loc":{"start":{"line":125,"column":54},"end":{"line":127,"column":1}}},"3":{"name":"getSnapshotsDir","decl":{"start":{"line":132,"column":9},"end":{"line":132,"column":24}},"loc":{"start":{"line":132,"column":49},"end":{"line":134,"column":1}}},"4":{"name":"getSnapshotFilePath","decl":{"start":{"line":139,"column":9},"end":{"line":139,"column":28}},"loc":{"start":{"line":139,"column":70},"end":{"line":141,"column":1}}},"5":{"name":"ensureSchematicDir","decl":{"start":{"line":146,"column":22},"end":{"line":146,"column":40}},"loc":{"start":{"line":146,"column":65},"end":{"line":156,"column":1}}},"6":{"name":"ensureProjectFile","decl":{"start":{"line":161,"column":22},"end":{"line":161,"column":39}},"loc":{"start":{"line":164,"column":30},"end":{"line":270,"column":1}}},"7":{"name":"readProject","decl":{"start":{"line":275,"column":22},"end":{"line":275,"column":33}},"loc":{"start":{"line":275,"column":58},"end":{"line":300,"column":1}}},"8":{"name":"writeProject","decl":{"start":{"line":305,"column":22},"end":{"line":305,"column":34}},"loc":{"start":{"line":307,"column":24},"end":{"line":312,"column":1}}},"9":{"name":"readChangelog","decl":{"start":{"line":317,"column":22},"end":{"line":317,"column":35}},"loc":{"start":{"line":317,"column":60},"end":{"line":340,"column":1}}},"10":{"name":"writeChangelog","decl":{"start":{"line":345,"column":22},"end":{"line":345,"column":36}},"loc":{"start":{"line":347,"column":26},"end":{"line":353,"column":1}}},"11":{"name":"readSnapshot","decl":{"start":{"line":358,"column":22},"end":{"line":358,"column":34}},"loc":{"start":{"line":360,"column":17},"end":{"line":365,"column":1}}},"12":{"name":"writeSnapshot","decl":{"start":{"line":370,"column":22},"end":{"line":370,"column":35}},"loc":{"start":{"line":372,"column":24},"end":{"line":378,"column":1}}},"13":{"name":"loadCurrentState","decl":{"start":{"line":383,"column":22},"end":{"line":383,"column":38}},"loc":{"start":{"line":384,"column":26},"end":{"line":417,"column":1}}},"14":{"name":"appendOps","decl":{"start":{"line":422,"column":22},"end":{"line":422,"column":31}},"loc":{"start":{"line":424,"column":18},"end":{"line":448,"column":1}}},"15":{"name":"(anonymous_24)","decl":{"start":{"line":438,"column":43},"end":{"line":438,"column":44}},"loc":{"start":{"line":438,"column":48},"end":{"line":438,"column":74}}},"16":{"name":"createSnapshot","decl":{"start":{"line":453,"column":22},"end":{"line":453,"column":36}},"loc":{"start":{"line":458,"column":21},"end":{"line":531,"column":1}}},"17":{"name":"(anonymous_26)","decl":{"start":{"line":470,"column":39},"end":{"line":470,"column":40}},"loc":{"start":{"line":470,"column":49},"end":{"line":475,"column":3}}},"18":{"name":"(anonymous_27)","decl":{"start":{"line":478,"column":61},"end":{"line":478,"column":63}},"loc":{"start":{"line":478,"column":67},"end":{"line":478,"column":72}}},"19":{"name":"(anonymous_28)","decl":{"start":{"line":491,"column":32},"end":{"line":491,"column":34}},"loc":{"start":{"line":491,"column":38},"end":{"line":491,"column":43}}},"20":{"name":"getUncommittedOpsCount","decl":{"start":{"line":536,"column":22},"end":{"line":536,"column":44}},"loc":{"start":{"line":536,"column":69},"end":{"line":539,"column":1}}},"21":{"name":"getEnvironmentConfig","decl":{"start":{"line":544,"column":16},"end":{"line":544,"column":36}},"loc":{"start":{"line":546,"column":21},"end":{"line":559,"column":1}}},"22":{"name":"calculateStateHash","decl":{"start":{"line":564,"column":9},"end":{"line":564,"column":27}},"loc":{"start":{"line":564,"column":71},"end":{"line":567,"column":1}}},"23":{"name":"getNextVersion","decl":{"start":{"line":572,"column":9},"end":{"line":572,"column":23}},"loc":{"start":{"line":572,"column":80},"end":{"line":587,"column":1}}}},"branchMap":{"0":{"loc":{"start":{"line":164,"column":2},"end":{"line":164,"column":30}},"type":"default-arg","locations":[{"start":{"line":164,"column":23},"end":{"line":164,"column":30}}]},"1":{"loc":{"start":{"line":176,"column":4},"end":{"line":185,"column":5}},"type":"if","locations":[{"start":{"line":176,"column":4},"end":{"line":185,"column":5}},{"start":{"line":179,"column":11},"end":{"line":185,"column":5}}]},"2":{"loc":{"start":{"line":187,"column":4},"end":{"line":189,"column":5}},"type":"if","locations":[{"start":{"line":187,"column":4},"end":{"line":189,"column":5}}]},"3":{"loc":{"start":{"line":197,"column":2},"end":{"line":202,"column":3}},"type":"if","locations":[{"start":{"line":197,"column":2},"end":{"line":202,"column":3}}]},"4":{"loc":{"start":{"line":283,"column":4},"end":{"line":289,"column":5}},"type":"if","locations":[{"start":{"line":283,"column":4},"end":{"line":289,"column":5}}]},"5":{"loc":{"start":{"line":293,"column":4},"end":{"line":297,"column":5}},"type":"if","locations":[{"start":{"line":293,"column":4},"end":{"line":297,"column":5}}]},"6":{"loc":{"start":{"line":324,"column":4},"end":{"line":337,"column":5}},"type":"if","locations":[{"start":{"line":324,"column":4},"end":{"line":337,"column":5}}]},"7":{"loc":{"start":{"line":395,"column":2},"end":{"line":400,"column":3}},"type":"if","locations":[{"start":{"line":395,"column":2},"end":{"line":400,"column":3}}]},"8":{"loc":{"start":{"line":404,"column":2},"end":{"line":411,"column":3}},"type":"if","locations":[{"start":{"line":404,"column":2},"end":{"line":411,"column":3}},{"start":{"line":408,"column":9},"end":{"line":411,"column":3}}]},"9":{"loc":{"start":{"line":430,"column":2},"end":{"line":432,"column":3}},"type":"if","locations":[{"start":{"line":430,"column":2},"end":{"line":432,"column":3}}]},"10":{"loc":{"start":{"line":437,"column":4},"end":{"line":440,"column":5}},"type":"if","locations":[{"start":{"line":437,"column":4},"end":{"line":440,"column":5}}]},"11":{"loc":{"start":{"line":458,"column":2},"end":{"line":458,"column":21}},"type":"default-arg","locations":[{"start":{"line":458,"column":19},"end":{"line":458,"column":21}}]},"12":{"loc":{"start":{"line":467,"column":26},"end":{"line":467,"column":93}},"type":"binary-expr","locations":[{"start":{"line":467,"column":26},"end":{"line":467,"column":33}},{"start":{"line":467,"column":37},"end":{"line":467,"column":93}}]},"13":{"loc":{"start":{"line":471,"column":4},"end":{"line":473,"column":5}},"type":"if","locations":[{"start":{"line":471,"column":4},"end":{"line":473,"column":
[...]
,"/Users/varun.bhandary/Documents/side-projects/schemax-vscode/packages/vscode-extension/src/webview/state/useDesignerStore.ts": {"path":"/Users/varun.bhandary/Documents/side-projects/schemax-vscode/packages/vscode-extension/src/webview/state/useDesignerStore.ts","statementMap":{"0":{"start":{"line":1,"column":0},"end":{"line":1,"column":33}},"1":{"start":{"line":2,"column":0},"end":{"line":2,"column":36}},"2":{"start":{"line":6,"column":0},"end":{"line":6,"column":45}},"3":{"start":{"line":8,"column":15},"end":{"line":8,"column":29}},"4":{"start":{"line":82,"column":2},"end":{"line":82,"column":59}},"5":{"start":{"line":92,"column":19},"end":{"line":92,"column":33}},"6":{"start":{"line":93,"column":2},"end":{"line":95,"column":3}},"7":{"start":{"line":94,"column":4},"end":{"line":94,"column":75}},"8":{"start":{"line":97,"column":2},"end":{"line":104,"column":4}},"9":{"start":{"line":107,"column":13},"end":{"line":331,"column":4}},"10":{"start":{"line":107,"column":69},"end":{"line":331,"column":2}},"11":{"start":{"line":114,"column":27},"end":{"line":114,"column":43}},"12":{"start":{"line":115,"column":29},"end":{"line":115,"column":46}},"13":{"start":{"line":116,"column":32},"end":{"line":116,"column":69}},"14":{"start":{"line":117,"column":30},"end":{"line":117,"column":65}},"15":{"start":{"line":118,"column":28},"end":{"line":118,"column":61}},"16":{"start":{"line":121,"column":22},"end":{"line":121,"column":39}},"17":{"start":{"line":122,"column":15},"end":{"line":122,"column":84}},"18":{"start":{"line":123,"column":4},"end":{"line":123,"column":18}},"19":{"start":{"line":127,"column":15},"end":{"line":127,"column":79}},"20":{"start":{"line":128,"column":4},"end":{"line":128,"column":18}},"21":{"start":{"line":132,"column":15},"end":{"line":132,"column":68}},"22":{"start":{"line":133,"column":4},"end":{"line":133,"column":18}},"23":{"start":{"line":137,"column":21},"end":{"line":137,"column":38}},"24":{"start":{"line":138,"column":15},"end":{"line":138,"column":92}},"25":{"start":{"line":139,"column":4},"end":{"line":139,"column":18}},"26":{"start":{"line":143,"column":15},"end":{"line":143,"column":77}},"27":{"start":{"line":144,"column":4},"end":{"line":144,"column":18}},"28":{"start":{"line":148,"column":15},"end":{"line":148,"column":66}},"29":{"start":{"line":149,"column":4},"end":{"line":149,"column":18}},"30":{"start":{"line":153,"column":20},"end":{"line":153,"column":37}},"31":{"start":{"line":154,"column":15},"end":{"line":154,"column":96}},"32":{"start":{"line":155,"column":4},"end":{"line":155,"column":18}},"33":{"start":{"line":159,"column":15},"end":{"line":159,"column":75}},"34":{"start":{"line":160,"column":4},"end":{"line":160,"column":18}},"35":{"start":{"line":164,"column":15},"end":{"line":164,"column":64}},"36":{"start":{"line":165,"column":4},"end":{"line":165,"column":18}},"37":{"start":{"line":169,"column":15},"end":{"line":169,"column":89}},"38":{"start":{"line":170,"column":4},"end":{"line":170,"column":18}},"39":{"start":{"line":174,"column":18},"end":{"line":174,"column":35}},"40":{"start":{"line":175,"column":15},"end":{"line":175,"column":107}},"41":{"start":{"line":176,"column":4},"end":{"line":176,"column":18}},"42":{"start":{"line":180,"column":15},"end":{"line":180,"column":83}},"43":{"start":{"line":181,"column":4},"end":{"line":181,"column":18}},"44":{"start":{"line":185,"column":15},"end":{"line":185,"column":72}},"45":{"start":{"line":186,"column":4},"end":{"line":186,"column":18}},"46":{"start":{"line":190,"column":18},"end":{"line":190,"column":23}},"47":{"start":{"line":193,"column":34},"end":{"line":193,"column":36}},"48":{"start":{"line":194,"column":4},"end":{"line":205,"column":5}},"49":{"start":{"line":195,"column":6},"end":{"line":204,"column":7}},"50":{"start":{"line":196,"column":8},"end":{"line":203,"column":9}},"51":{"start":{"line":197,"column":10},"end":{"line":202,"column":11}},"52":{"start":{"line":198,"column":12},"end":{"line":201,"column":13}},"53":{"start":{"line":199,"column":14},"end":{"line":199,"column":63}},"54":{"start":{"line":199,"column":55},"end":{"line":199,"column":61}},"55":{"start":{"line":200,"column":14},"end":{"line":200,"column":20}},"56":{"start":{"line":207,"column":15},"end":{"line":211,"column":6}},"57":{"start":{"line":212,"column":4},"end":{"line":212,"column":18}},"58":{"start":{"line":216,"column":15},"end":{"line":216,"column":88}},"59":{"start":{"line":217,"column":4},"end":{"line":217,"column":18}},"60":{"start":{"line":221,"column":15},"end":{"line":221,"column":83}},"61":{"start":{"line":222,"column":4},"end":{"line":222,"column":18}},"62":{"start":{"line":226,"column":15},"end":{"line":226,"column":88}},"63":{"start":{"line":227,"column":4},"end":{"line":227,"column":18}},"64":{"start":{"line":231,"column":15},"end":{"line":231,"column":93}},"65":{"start":{"line":232,"column":4},"end":{"line":232,"column":18}},"66":{"start":{"line":236,"column":15},"end":{"line":236,"column":88}},"67":{"start":{"line":237,"column":4},"end":{"line":237,"column":18}},"68":{"start":{"line":242,"column":15},"end":{"line":242,"column":94}},"69":{"start":{"line":243,"column":4},"end":{"line":243,"column":18}},"70":{"start":{"line":247,"column":15},"end":{"line":247,"column":86}},"71":{"start":{"line":248,"column":4},"end":{"line":248,"column":18}},"72":{"start":{"line":253,"column":25},"end":{"line":253,"column":44}},"73":{"start":{"line":254,"column":15},"end":{"line":258,"column":6}},"74":{"start":{"line":259,"column":4},"end":{"line":259,"column":18}},"75":{"start":{"line":263,"column":15},"end":{"line":263,"column":83}},"76":{"start":{"line":264,"column":4},"end":{"line":264,"column":18}},"77":{"start":{"line":269,"column":21},"end":{"line":269,"column":41}},"78":{"start":{"line":270,"column":15},"end":{"line":272,"column":6}},"79":{"start":{"line":273,"column":4},"end":{"line":273,"column":18}},"80":{"start":{"line":277,"column":15},"end":{"line":277,"column":93}},"81":{"start":{"line":278,"column":4},"end":{"line":278,"column":18}},"82":{"start":{"line":282,"column":15},"end":{"line":282,"column":81}},"83":{"start":{"line":283,"column":4},"end":{"line":283,"column":18}},"84":{"start":{"line":288,"column":19},"end":{"line":288,"column":37}},"85":{"start":{"line":289,"column":15},"end":{"line":291,"column":6}},"86":{"start":{"line":292,"column":4},"end":{"line":292,"column":18}},"87":{"start":{"line":296,"column":15},"end":{"line":296,"column":92}},"88":{"start":{"line":297,"column":4},"end":{"line":297,"column":18}},"89":{"start":{"line":301,"column":15},"end":{"line":301,"column":80}},"90":{"start":{"line":302,"column":4},"end":{"line":302,"column":18}},"91":{"start":{"line":306,"column":24},"end":{"line":306,"column":29}},"92":{"start":{"line":307,"column":4},"end":{"line":307,"column":85}},"93":{"start":{"line":307,"column":65},"end":{"line":307,"column":83}},"94":{"start":{"line":311,"column":24},"end":{"line":311,"column":29}},"95":{"start":{"line":312,"column":4},"end":{"line":312,"column":35}},"96":{"start":{"line":312,"column":18},"end":{"line":312,"column":35}},"97":{"start":{"line":313,"column":4},"end":{"line":316,"column":5}},"98":{"start":{"line":314,"column":21},"end":{"line":314,"column":75}},"99":{"start":{"line":314,"column":57},"end":{"line":314,"column":74}},"100":{"start":{"line":315,"column":6},"end":{"line":315,"column":45}},"101":{"start":{"line":315,"column":18},"end":{"line":315,"column":45}},"102":{"start":{"line":317,"column":4},"end":{"line":317,"column":21}},"103":{"start":{"line":321,"column":24},"end":{"line":321,"column":29}},"104":{"start":{"line":322,"column":4},"end":{"line":322,"column":35}},"105":{"start":{"line":322,"column":18},"end":{"line":322,"column":35}},"106":{"start":{"line":323,"column":4},"end":{"line":328,"column":5}},"107":{"start":{"line":324,"column":6},"end":{"line":327,"column":7}},"108":{"start":{"line":325,"column":22},"end":{"line":325,"column":72}},"109":{"start":{"line":325,"column":55},"end":{"line":325,"column":71}},"110":{"start":{"line":326,"column":8},"end":{"line":326,"column":53}},"111":{"start":{"line":326,"column":19},"end":{"line":326,"column":53}},"112":{"start":{"line":329,"column":4},"end":{"line":329,"column":21}}},"fnMap":{"0":{"name":"emitOps","decl":{"start":{"line":81,"column":9},"end":{"line":81,"column":16}},"loc":{"start":{"line":81,"column":33},"end":{"line":83,"column":1}}},"1":{"name":"createOperation","decl":{"start":{"line":86,"column":9},"end":{"line":86,"column":24}},"loc":{"start":{"line":90,"column":30},"end":{"line":105,"column":1}}},"2":{"name":"(anonymous_2)","decl":{"start":{"line":107,"column":54},"end":{"line":107,"column":55}},"loc":{"start":{"line":107,"column":69},"end":{"line":331,"column":2}}},"3":{"name":"(anonymous_3)","decl":{"start":{"line":114,"column":14},"end":{"line":114,"column":15}},"loc":{"start":{"line":114,"column":27},"end":{"line":114,"column":43}}},"4":{"name":"(anonymous_4)","decl":{"start":{"line":115,"column":15},"end":{"line":115,"column":16}},"loc":{"start":{"line":115,"column":29},"end":{"line":115,"column":46}}},"5":{"name":"(anonymous_5)","decl":{"start":{"line":116,"column":17},"end":{"line":116,"column":18}},"loc":{"start":{"line":116,"column":32},"end":{"line":116,"column":69}}},"6":{"name":"(anonymous_6)","decl":{"start":{"line":117,"column":16},"end":{"line":117,"column":17}},"loc":{"start":{"line":117,"column":30},"end":{"line":117,"column":65}}},"7":{"name":"(anonymous_7)","decl":{"start":{"line":118,"column":15},"end":{"line":118,"column":16}},"loc":{"start":{"line":118,"column":28},"end":{"line":118,"column":61}}},"8":{"name":"(anonymous_8)","decl":{"start":{"line":120,"column":14},"end":{"line":120,"column":15}},"loc":{"start":{"line":120,"column":23},"end":{"line":124,"column":3}}},"9":{"name":"(anonymous_9)","decl":{"start":{"line":126,"column":17},"end":{"line":126,"column":18}},"loc":{"start":{"line":126,"column":40},"end":{"line":129,"column":3}}},"10":{"name":"(anonymous_10)","decl":{"start":{"line":131,"column":15},"end":{"line":131,"column":16}},"loc":{"start":{"line":131,"column":29},"end":{"line":134,"column":3}}},"11":{"name":"(anonymous_11)","decl":{"start":{"line":136,"column":13},"end":{"line":136,"column":14}},"loc":{"start":{"line":136,"column":33},"end":{"line":140,"column":3}}},"12":{"name":"(anonymous_12)","decl":{"start":{"line":142,"column":16},"end":{"line":142,"column":17}},"loc":{"start":{"line":142,"column":38},"end":{"line":145,"column":3}}},"13":{"name":"(anonymous_13)","decl":{"start":{"line":147,"column":14},"end":{"line":147,"column":15}},"loc":{"start":{"line":147,"column":27},"end":{"line":150,"column":3}}},"14":{"name":"(anonymous_14)","decl":{"start":{"line":152,"column":12},"end":{"line":152,"column":13}},"loc":{"start":{"line":152,"column":39},"end":{"line":156,"column":3}}},"15":{"name":"(anonymous_15)","decl":{"start":{"line":158,"column":15},"end":{"line":158,"column":16}},"loc":{"start":{"line":158,"column":36},"end":{"line":161,"column":3}}},"16":{"name":"(anonymous_16)","decl":{"start":{"line":163,"column":13},"end":{"line":163,"column":14}},"loc":{"start":{"line":163,"column":25},"end":{"line":166,"column":3}}},"17":{"name":"(anonymous_17)","decl":{"start":{"line":168,"column":19},"end":{"line":168,"column":20}},"loc":{"start":{"line":168,"column":40},"end":{"line":171,"column":3}}},"18":{"name":"(anonymous_18)","decl":{"start":{"line":173,"column":13},"end":{"line":173,"column":14}},"loc":{"start":{"line":173,"column":54},"end":{"line":177,"column":3}}},"19":{"name":"(anonymous_19)","decl":{"start":{"line":179,"column":16},"end":{"line":179,"column":17}},"loc":{"start":{"line":179,"column":44},"end":{"line":182,"column":3}}},"20":{"name":"(anonymous_20)","decl":{"start":{"line":184,"column":14},"end":{"line":184,"column":15}},"loc":{"start":{"line":184,"column":33},"end":{"line":187,"column":3}}},"21":{"name":"(anonymous_21)","decl":{"start":{"line":189,"column":18},"end":{"line":189,"column":19}},"loc":{"start":{"line":189,"column":37},"end":{"line":213,"column":3}}},"22":{"name":"(anonymous_22)","decl":{"start":{"line":199,"column":48},"end":{"line":199,"column":51}},"loc":{"start":{"line":199,"column":55},"end":{"line":199,"column":61}}},"23":{"name":"(anonymous_23)","decl":{"start":{"line":215,"column":20},"end":{"line":215,"column":21}},"loc":{"start":{"line":215,"column":48},"end":{"line":218,"column":3}}},"24":{"name":"(anonymous_24)","decl":{"start":{"line":220,"column":21},"end":{"line":220,"column":22}},"loc":{"start":{"line":220,"column":50},"end":{"line":223,"column":3}}},"25":{"name":"(anonymous_25)","decl":{"start":{"line":225,"column":20},"end":{"line":225,"column":21}},"loc":{"start":{"line":225,"column":48},"end":{"line":228,"column":3}}},"26":{"name":"(anonymous_26)","decl":{"start":{"line":230,"column":20},"end":{"line":230,"column":21}},"loc":{"start":{"line":230,"column":44},"end":{"line":233,"column":3}}},"27":{"name":"(anonymous_27)","decl":{"start":{"line":235,"column":22},"end":{"line":235,"column":23}},"loc":{"start":{"line":235,"column":39},"end":{"line":238,"column":3}}},"28":{"name":"(anonymous_28)","decl":{"start":{"line":241,"column":16},"end":{"line":241,"column":17}},"loc":{"start":{"line":241,"column":54},"end":{"line":244,"column":3}}},"29":{"name":"(anonymous_29)","decl":{"start":{"line":246,"column":18},"end":{"line":246,"column":19}},"loc":{"start":{"line":246,"column":46},"end":{"line":249,"column":3}}},"30":{"name":"(anonymous_30)","decl":{"start":{"line":252,"column":17},"end":{"line":252,"column":18}},"loc":{"start":{"line":252,"column":41},"end":{"line":260,"column":3}}},"31":{"name":"(anonymous_31)","decl":{"start":{"line":262,"column":18},"end":{"line":262,"column":19}},"loc":{"start":{"line":262,"column":44},"end":{"line":265,"column":3}}},"32":{"name":"(anonymous_32)","decl":{"start":{"line":268,"column":16},"end":{"line":268,"column":17}},"loc":{"start":{"line":268,"column":78},"end":{"line":274,"column":3}}},"33":{"name":"(anonymous_33)","decl":{"start":{"line":276,"column":19},"end":{"line":276,"column":20}},"loc":{"start":{"line":276,"column":50},"end":{"line":279,"column":3}}},"34":{"name":"(anonymous_34)","decl":{"start":{"line":281,"column":19},"end":{"line":281,"column":20}},"loc":{"start":{"line":281,"column":41},"end":{"line":284,"column":3}}},"35":{"name":"(anonymous_35)","decl":{"start":{"line":287,"column":17},"end":{"line":287,"column":18}},"loc":{"start":{"line":287,"column":88},"end":{"line":293,"column":3}}},"36":{"name":"(anonymous_36)","decl":{"start":{"line":295,"column":20},"end":{"line":295,"column":21}},"loc":{"start":{"line":295,"column":49},"end":{"line":298,"column":3}}},"37":{"name":"(anonymous_37)","decl":{"start":{"line":300,"column":20},"end":{"line":300,"column":21}},"loc":{"start":{"line":300,"column":40},"end":{"line":303,"column":3}}},"38":{"name":"(anonymous_38)","decl":{"start":{"line":305,"column":15},"end":{"line":305,"column":16}},"loc":{"start":{"line":305,"column":29},"end":{"line":308,"column":3}}},"39":{"name":"(anonymous_39)","decl":{"start":{"line":307,"column":49},"end":{"line":307,"column":50}},"loc":{"start":{"line":307,"column":65},"end":{"line":307,"column":83}}},"40":{"name":"(anonymous_40)","decl":{"start":{"line":310,"column":14},"end":{"line":310,"column":15}},"loc":{"start":{"line":310,"column":27},"end":{"line":318,"column":3}}},"41":{"name":"(anonymous_41)","decl":{"start":{"line":314,"column":42},"end":{"line":314,"column":43}},"loc":{"start":{"line":314,"column":57},"end":{"line":314,"column":74}}},"42":{"name":"(anonymous_42)","decl":{"start":{"line":320,"column":13},"end":{"line":320,"column":14}},"loc":{"start":{"line":320,"column":25},"end":{"line":330,"column":3}}},"43":{"name":"(anonymous_43)","decl":{"start":{"line":325,"column":41},"end":{"line":325,"column":42}},"loc":{"start":{"line":325,"column":55},"end":{"line":325,"column":71}}}},"branchMap":{"0":{"loc":{"start":{"line":93,"column":2},"end":{"line":95,"column":3}},"type":"if","locations":[{"start":{"line":93,"column":2},"end":{"line":95,"column":3}}]},"1":{"loc":{"start":{"line":194,"column":4},"end":{"line":205,"column":5}},"type":"if","locations":[{"start":{"line":194,"column":4},"end":{"line":205,"column":5}}]},"2":{"loc":{"start":{"line":196,"column":29},"end":{"line":196,"column":50}},"type":"binary-expr","locations":[{"start":{"line":196,"column":29},"end":{"line":196,"column":44}},{"start":{"line":196,"column":48},"end":{"line":196,"column":50}}]},"3":{"loc":{"start":{"line":197,"column":30},"end":{"line":197,"column":49}},"type":"binary-expr","locations":[{"start":{"line":197,"column":30},"end":{"line":197,"column":43}},{"start":{"line":197,"column":47},"end":{"line":197,"column":49}}]},"4":{"loc":{"start":{"line":198,"column":12},"end":{"line":201,"column":13}},"type":"if","locations":[{"start":{"line":198,"column":12},"end":{"line":201,"column":13}}]},"5":{"loc":{"start":{"line":268,"column":47},"end":{"line":268,"column":61}},"type":"default-arg","locations":[{"start":{"line":268,"column":57},"end":{"line":268,"column":61}}]},"6":{"loc":{"start":{"line":287,"column":57},"end":{"line":287,"column":71}},"type":"default-arg","locations":[{"start":{"line":287,"column":67},"end":{"line":287,"column":71}}]},"7":{"loc":{"start":{"line":312,"column":4},"end":{"line":312,"column":35}},"type":"if","locations":[{"start":{"line":312,"column":4},"end":{"line":312,"column":35}}]},"8":{"loc":{"start":{"line":315,"column":6},"end":{"line":315,"column":45}},"type":"if","locations":[{"start":{"line":315,"column":6},"end":{"line":315,"column":45}}]},"9":{"loc":{"start":{"line":322,"column":4},"end":{"line":322,"column":35}},"type":"if","locations":[{"start":{"line":322,"column":4},"end":{"line":322,"column":35}}]},"10":{"loc":{"start":{"line":326,"column":8},"end":{"line":326,"column":53}},"type":"if","locations":[{"start":{"line":326,"column":8},"end":{"line":326,"column":53}}]}},"s":{"0":0,"1":0,"2":0,"3":0,"4":0,"5":0,"6":0,"7":0,"8":0,"9":0,"10":0,"11":0,"12":0,"13":0,"14":0,"15":0,"16":0,"17":0,"18":0,"19":0,"20":0,"21":0,"22":0,"23":0,"24":0,"25":0,"26":0,"27":0,"28":0,"29":0,"30":0,"31":0,"32":0,"33":0,"34":0,"35":0,"36":0,"37":0,"38":0,"39":0,"40":0,"41":0,"42":0,"43":0,"44":0,"45":0,"46":0,"47":0,"48":0,"49":0,"50":0,"51":0,"52":0,"53":0,"54":0,"55":0,"56":0,"57":0,"58":0,"59":0,"60":0,"61":0,"62":0,"63":0,"64":0,"65":0,"66":0,"67":0,"68":0,"69":0,"70":0,"71":0,"72":0,"73":0,"74":0,"75":0,"76":0,"77":0,"78":0,"79":0,"80":0,"81":0,"82":0,"83":0,"84":0,"85":0,"86":0,"87":0,"88":0,"89":0,"90":0,"91":0,"92":0,"93":0,"94":0,"95":0,"96":0,"97":0,"98":0,"99":0,"100":0,"101":0,"102":0,"103":0,"104":0,"105":0,"106":0,"107":0,"108":0,"109":0,"110":0,"111":0,"112":0},"f":{"0":0,"1":0,"2":0,"3":0,"4":0,"5":0,"6":0,"7":0,"8":0,"9":0,"10":0,"11":0,"12":0,"13":0,"14":0,"15":0,"16":0,"17":0,"18":0,"19":0,"20":0,"21":0,"22":0,"23":0,"24":0,"25":0,"26":0,"27":0,"28":0,"29":0,"30":0,"31":0,"32":0,"33":0,"34":0,"35":0,"36":0,"37":0,"38":0,"39":0,"40":0,"41":0,"42":0,"43":0},"b":{"0":[0],"1":[0],"2":[0,0],"3":[0,0],"4":[0],"5":[0],"6":[0],"7":[0],"8":[0],"9":[0],"10":[0]}}
}
