TN:
SF:src/extension.ts
FN:13,activate
FN:22,(anonymous_10)
FN:27,(anonymous_11)
FN:32,(anonymous_12)
FN:37,(anonymous_13)
FN:48,deactivate
FN:97,configureCustomEnvironments
FN:128,(anonymous_16)
FN:155,(anonymous_17)
FN:174,(anonymous_18)
FN:214,promptForProjectSetup
FN:378,(anonymous_20)
FN:409,openDesigner
FN:463,(anonymous_22)
FN:470,(anonymous_23)
FN:573,showLastOps
FN:594,(anonymous_25)
FN:612,getWebviewContent
FN:639,getNonce
FN:651,createSnapshotCommand_impl
FN:681,(anonymous_29)
FN:707,(anonymous_30)
FN:790,buildCatalogMapping
FN:817,(anonymous_32)
FN:823,generateSQLMigration
FNF:25
FNH:0
FNDA:0,activate
FNDA:0,(anonymous_10)
FNDA:0,(anonymous_11)
FNDA:0,(anonymous_12)
FNDA:0,(anonymous_13)
FNDA:0,deactivate
FNDA:0,configureCustomEnvironments
FNDA:0,(anonymous_16)
FNDA:0,(anonymous_17)
FNDA:0,(anonymous_18)
FNDA:0,promptForProjectSetup
FNDA:0,(anonymous_20)
FNDA:0,openDesigner
FNDA:0,(anonymous_22)
FNDA:0,(anonymous_23)
FNDA:0,showLastOps
FNDA:0,(anonymous_25)
FNDA:0,getWebviewContent
FNDA:0,getNonce
FNDA:0,createSnapshotCommand_impl
FNDA:0,(anonymous_29)
FNDA:0,(anonymous_30)
FNDA:0,buildCatalogMapping
FNDA:0,(anonymous_32)
FNDA:0,generateSQLMigration
DA:1,0
DA:2,0
DA:3,0
DA:4,0
DA:6,0
DA:7,0
DA:8,0
DA:13,0
DA:14,0
DA:15,0
DA:16,0
DA:17,0
DA:20,0
DA:22,0
DA:25,0
DA:27,0
DA:30,0
DA:32,0
DA:35,0
DA:37,0
DA:40,0
DA:42,0
DA:43,0
DA:44,0
DA:45,0
DA:48,0
DA:49,0
DA:61,0
DA:102,0
DA:104,0
DA:107,0
DA:109,0
DA:120,0
DA:121,0
DA:125,0
DA:129,0
DA:130,0
DA:132,0
DA:133,0
DA:135,0
DA:136,0
DA:138,0
DA:143,0
DA:144,0
DA:147,0
DA:150,0
DA:151,0
DA:156,0
DA:157,0
DA:159,0
DA:160,0
DA:162,0
DA:167,0
DA:168,0
DA:171,0
DA:174,0
DA:180,0
DA:185,0
DA:186,0
DA:189,0
DA:192,0
DA:199,0
DA:205,0
DA:208,0
DA:215,0
DA:218,0
DA:222,0
DA:227,0
DA:228,0
DA:231,0
DA:234,0
DA:235,0
DA:242,0
DA:243,0
DA:246,0
DA:249,0
DA:260,0
DA:261,0
DA:267,0
DA:268,0
DA:296,0
DA:297,0
DA:298,0
DA:299,0
DA:302,0
DA:303,0
DA:304,0
DA:305,0
DA:309,0
DA:313,0
DA:314,0
DA:316,0
DA:317,0
DA:318,0
DA:322,0
DA:341,0
DA:343,0
DA:345,0
DA:346,0
DA:358,0
DA:361,0
DA:368,0
DA:369,0
DA:371,0
DA:374,0
DA:375,0
DA:377,0
DA:379,0
DA:380,0
DA:381,0
DA:385,0
DA:395,0
DA:397,0
DA:400,0
DA:401,0
DA:402,0
DA:410,0
DA:411,0
DA:412,0
DA:413,0
DA:417,0
DA:418,0
DA:420,0
DA:421,0
DA:422,0
DA:428,0
DA:429,0
DA:430,0
DA:431,0
DA:435,0
DA:439,0
DA:440,0
DA:441,0
DA:445,0
DA:458,0
DA:459,0
DA:460,0
DA:463,0
DA:464,0
DA:465,0
DA:469,0
DA:471,0
DA:472,0
DA:474,0
DA:475,0
DA:478,0
DA:479,0
DA:481,0
DA:482,0
DA:483,0
DA:484,0
DA:485,0
DA:488,0
DA:489,0
DA:493,0
DA:505,0
DA:506,0
DA:507,0
DA:509,0
DA:513,0
DA:515,0
DA:516,0
DA:518,0
DA:521,0
DA:522,0
DA:523,0
DA:526,0
DA:529,0
DA:530,0
DA:532,0
DA:533,0
DA:534,0
DA:537,0
DA:549,0
DA:553,0
DA:555,0
DA:556,0
DA:558,0
DA:566,0
DA:567,0
DA:574,0
DA:575,0
DA:576,0
DA:577,0
DA:580,0
DA:581,0
DA:582,0
DA:583,0
DA:585,0
DA:586,0
DA:587,0
DA:588,0
DA:589,0
DA:591,0
DA:592,0
DA:594,0
DA:595,0
DA:596,0
DA:597,0
DA:598,0
DA:602,0
DA:603,0
DA:605,0
DA:613,0
DA:616,0
DA:621,0
DA:623,0
DA:640,0
DA:641,0
DA:642,0
DA:643,0
DA:645,0
DA:652,0
DA:654,0
DA:655,0
DA:656,0
DA:657,0
DA:658,0
DA:661,0
DA:662,0
DA:663,0
DA:664,0
DA:665,0
DA:667,0
DA:668,0
DA:669,0
DA:671,0
DA:672,0
DA:673,0
DA:674,0
DA:678,0
DA:682,0
DA:686,0
DA:687,0
DA:688,0
DA:692,0
DA:697,0
DA:698,0
DA:699,0
DA:703,0
DA:708,0
DA:715,0
DA:716,0
DA:717,0
DA:718,0
DA:719,0
DA:720,0
DA:721,0
DA:723,0
DA:726,0
DA:727,0
DA:730,0
DA:731,0
DA:743,0
DA:748,0
DA:751,0
DA:755,0
DA:763,0
DA:764,0
DA:765,0
DA:767,0
DA:791,0
DA:793,0
DA:795,0
DA:798,0
DA:799,0
DA:800,0
DA:803,0
DA:804,0
DA:806,0
DA:809,0
DA:815,0
DA:817,0
DA:824,0
DA:826,0
DA:827,0
DA:828,0
DA:829,0
DA:830,0
DA:833,0
DA:834,0
DA:837,0
DA:838,0
DA:840,0
DA:841,0
DA:844,0
DA:845,0
DA:848,0
DA:849,0
DA:850,0
DA:851,0
DA:855,0
DA:856,0
DA:857,0
DA:858,0
DA:861,0
DA:866,0
DA:867,0
DA:868,0
DA:871,0
DA:872,0
DA:873,0
DA:876,0
DA:877,0
DA:880,0
DA:881,0
DA:883,0
DA:886,0
DA:887,0
DA:888,0
DA:889,0
DA:893,0
DA:894,0
DA:895,0
DA:898,0
DA:899,0
DA:902,0
DA:903,0
DA:905,0
DA:909,0
DA:916,0
DA:917,0
DA:918,0
DA:920,0
LF:324
LH:0
BRDA:120,0,0,0
BRDA:120,1,0,0
BRDA:120,1,1,0
BRDA:129,2,0,0
BRDA:132,3,0,0
BRDA:135,4,0,0
BRDA:135,5,0,0
BRDA:135,5,1,0
BRDA:143,6,0,0
BRDA:156,7,0,0
BRDA:159,8,0,0
BRDA:167,9,0,0
BRDA:185,10,0,0
BRDA:201,11,0,0
BRDA:201,11,1,0
BRDA:227,12,0,0
BRDA:242,13,0,0
BRDA:260,14,0,0
BRDA:302,15,0,0
BRDA:304,16,0,0
BRDA:317,17,0,0
BRDA:343,18,0,0
BRDA:380,19,0,0
BRDA:380,19,1,0
BRDA:388,20,0,0
BRDA:388,20,1,0
BRDA:411,21,0,0
BRDA:428,22,0,0
BRDA:428,22,1,0
BRDA:430,23,0,0
BRDA:439,24,0,0
BRDA:472,25,0,0
BRDA:472,25,1,0
BRDA:484,26,0,0
BRDA:484,26,1,0
BRDA:488,27,0,0
BRDA:488,28,0,0
BRDA:488,28,1,0
BRDA:575,29,0,0
BRDA:591,30,0,0
BRDA:591,30,1,0
BRDA:655,31,0,0
BRDA:671,32,0,0
BRDA:682,33,0,0
BRDA:682,33,1,0
BRDA:686,34,0,0
BRDA:698,35,0,0
BRDA:726,36,0,0
BRDA:726,36,1,0
BRDA:764,37,0,0
BRDA:791,38,0,0
BRDA:791,38,1,0
BRDA:793,39,0,0
BRDA:798,40,0,0
BRDA:803,41,0,0
BRDA:803,41,1,0
BRDA:827,42,0,0
BRDA:844,43,0,0
BRDA:844,44,0,0
BRDA:844,44,1,0
BRDA:848,45,0,0
BRDA:856,46,0,0
BRDA:866,47,0,0
BRDA:887,48,0,0
BRDA:917,49,0,0
BRF:65
BRH:0
end_of_record
TN:
SF:src/storage-v3.ts
FN:103,getProjectFilePath
FN:110,getChangelogFilePath
FN:117,getSchematicDir
FN:124,getSnapshotsDir
FN:131,getSnapshotFilePath
FN:138,ensureSchematicDir
FN:153,ensureProjectFile
FN:219,migrateV2ToV3
FN:255,(anonymous_17)
FN:286,readProject
FN:307,writeProject
FN:316,readChangelog
FN:338,writeChangelog
FN:348,readSnapshot
FN:358,writeSnapshot
FN:368,loadCurrentState
FN:402,appendOps
FN:415,(anonymous_26)
FN:430,createSnapshot
FN:447,(anonymous_28)
FN:455,(anonymous_29)
FN:465,(anonymous_30)
FN:514,getUncommittedOpsCount
FN:522,calculateStateHash
FN:530,getNextVersion
FNF:25
FNH:0
FNDA:0,getProjectFilePath
FNDA:0,getChangelogFilePath
FNDA:0,getSchematicDir
FNDA:0,getSnapshotsDir
FNDA:0,getSnapshotFilePath
FNDA:0,ensureSchematicDir
FNDA:0,ensureProjectFile
FNDA:0,migrateV2ToV3
FNDA:0,(anonymous_17)
FNDA:0,readProject
FNDA:0,writeProject
FNDA:0,readChangelog
FNDA:0,writeChangelog
FNDA:0,readSnapshot
FNDA:0,writeSnapshot
FNDA:0,loadCurrentState
FNDA:0,appendOps
FNDA:0,(anonymous_26)
FNDA:0,createSnapshot
FNDA:0,(anonymous_28)
FNDA:0,(anonymous_29)
FNDA:0,(anonymous_30)
FNDA:0,getUncommittedOpsCount
FNDA:0,calculateStateHash
FNDA:0,getNextVersion
DA:9,0
DA:10,0
DA:11,0
DA:12,0
DA:13,0
DA:18,0
DA:19,0
DA:20,0
DA:21,0
DA:104,0
DA:111,0
DA:118,0
DA:125,0
DA:132,0
DA:139,0
DA:140,0
DA:142,0
DA:143,0
DA:144,0
DA:153,0
DA:157,0
DA:158,0
DA:160,0
DA:161,0
DA:163,0
DA:164,0
DA:166,0
DA:168,0
DA:172,0
DA:175,0
DA:176,0
DA:177,0
DA:180,0
DA:201,0
DA:208,0
DA:209,0
DA:210,0
DA:212,0
DA:224,0
DA:226,0
DA:227,0
DA:228,0
DA:231,0
DA:253,0
DA:254,0
DA:255,0
DA:257,0
DA:258,0
DA:261,0
DA:262,0
DA:264,0
DA:267,0
DA:273,0
DA:277,0
DA:278,0
DA:280,0
DA:286,0
DA:287,0
DA:288,0
DA:289,0
DA:292,0
DA:293,0
DA:294,0
DA:297,0
DA:298,0
DA:301,0
DA:308,0
DA:309,0
DA:310,0
DA:316,0
DA:317,0
DA:318,0
DA:319,0
DA:320,0
DA:321,0
DA:324,0
DA:330,0
DA:331,0
DA:339,0
DA:340,0
DA:341,0
DA:342,0
DA:348,0
DA:349,0
DA:350,0
DA:351,0
DA:352,0
DA:359,0
DA:360,0
DA:361,0
DA:362,0
DA:368,0
DA:373,0
DA:374,0
DA:377,0
DA:378,0
DA:379,0
DA:384,0
DA:386,0
DA:387,0
DA:390,0
DA:394,0
DA:396,0
DA:402,0
DA:403,0
DA:404,0
DA:405,0
DA:407,0
DA:408,0
DA:412,0
DA:413,0
DA:414,0
DA:415,0
DA:416,0
DA:421,0
DA:424,0
DA:430,0
DA:437,0
DA:438,0
DA:441,0
DA:444,0
DA:447,0
DA:448,0
DA:449,0
DA:451,0
DA:455,0
DA:458,0
DA:465,0
DA:473,0
DA:476,0
DA:491,0
DA:492,0
DA:493,0
DA:496,0
DA:502,0
DA:504,0
DA:505,0
DA:506,0
DA:508,0
DA:514,0
DA:515,0
DA:516,0
DA:523,0
DA:524,0
DA:531,0
DA:532,0
DA:536,0
DA:537,0
DA:538,0
DA:541,0
DA:542,0
DA:544,0
LF:152
LH:0
BRDA:155,0,0,0
BRDA:166,1,0,0
BRDA:176,2,0,0
BRDA:222,3,0,0
BRDA:227,4,0,0
BRDA:238,5,0,0
BRDA:238,5,1,0
BRDA:239,6,0,0
BRDA:239,6,1,0
BRDA:240,7,0,0
BRDA:240,7,1,0
BRDA:241,8,0,0
BRDA:241,8,1,0
BRDA:249,9,0,0
BRDA:249,9,1,0
BRDA:257,10,0,0
BRDA:261,11,0,0
BRDA:292,12,0,0
BRDA:297,13,0,0
BRDA:378,14,0,0
BRDA:384,15,0,0
BRDA:384,15,1,0
BRDA:407,16,0,0
BRDA:414,17,0,0
BRDA:435,18,0,0
BRDA:444,19,0,0
BRDA:444,19,1,0
BRDA:448,20,0,0
BRDA:463,21,0,0
BRDA:463,21,1,0
BRDA:463,21,2,0
BRDA:531,22,0,0
BRDA:537,23,0,0
BRF:33
BRH:0
end_of_record
TN:
SF:src/storage-v4.ts
FN:111,getSchematicDir
FN:118,getProjectFilePath
FN:125,getChangelogFilePath
FN:132,getSnapshotsDir
FN:139,getSnapshotFilePath
FN:146,ensureSchematicDir
FN:161,ensureProjectFile
FN:275,readProject
FN:305,writeProject
FN:317,readChangelog
FN:345,writeChangelog
FN:358,readSnapshot
FN:370,writeSnapshot
FN:383,loadCurrentState
FN:422,appendOps
FN:438,(anonymous_24)
FN:453,createSnapshot
FN:470,(anonymous_26)
FN:478,(anonymous_27)
FN:491,(anonymous_28)
FN:536,getUncommittedOpsCount
FN:544,getEnvironmentConfig
FN:564,calculateStateHash
FN:572,getNextVersion
FNF:24
FNH:1
FNDA:0,getSchematicDir
FNDA:0,getProjectFilePath
FNDA:0,getChangelogFilePath
FNDA:0,getSnapshotsDir
FNDA:0,getSnapshotFilePath
FNDA:0,ensureSchematicDir
FNDA:0,ensureProjectFile
FNDA:0,readProject
FNDA:0,writeProject
FNDA:0,readChangelog
FNDA:0,writeChangelog
FNDA:0,readSnapshot
FNDA:0,writeSnapshot
FNDA:0,loadCurrentState
FNDA:0,appendOps
FNDA:0,(anonymous_24)
FNDA:0,createSnapshot
FNDA:0,(anonymous_26)
FNDA:0,(anonymous_27)
FNDA:0,(anonymous_28)
FNDA:0,getUncommittedOpsCount
FNDA:4,getEnvironmentConfig
FNDA:0,calculateStateHash
FNDA:0,getNextVersion
DA:8,1
DA:10,1
DA:11,1
DA:12,1
DA:13,1
DA:14,1
DA:19,1
DA:20,1
DA:21,1
DA:22,1
DA:112,0
DA:119,0
DA:126,0
DA:133,0
DA:140,0
DA:146,1
DA:147,0
DA:148,0
DA:150,0
DA:151,0
DA:152,0
DA:161,1
DA:166,0
DA:168,0
DA:170,0
DA:173,0
DA:174,0
DA:176,0
DA:177,0
DA:178,0
DA:180,0
DA:187,0
DA:188,0
DA:193,0
DA:196,0
DA:197,0
DA:198,0
DA:199,0
DA:205,0
DA:249,0
DA:256,0
DA:259,0
DA:260,0
DA:263,0
DA:264,0
DA:265,0
DA:267,0
DA:268,0
DA:269,0
DA:275,1
DA:276,0
DA:278,0
DA:279,0
DA:280,0
DA:283,0
DA:284,0
DA:291,0
DA:293,0
DA:294,0
DA:298,0
DA:305,1
DA:309,0
DA:310,0
DA:311,0
DA:317,1
DA:318,0
DA:320,0
DA:321,0
DA:322,0
DA:324,0
DA:326,0
DA:333,0
DA:334,0
DA:336,0
DA:338,0
DA:345,1
DA:349,0
DA:350,0
DA:351,0
DA:352,0
DA:358,1
DA:362,0
DA:363,0
DA:364,0
DA:370,1
DA:374,0
DA:375,0
DA:376,0
DA:377,0
DA:383,1
DA:390,0
DA:391,0
DA:394,0
DA:395,0
DA:396,0
DA:404,0
DA:406,0
DA:407,0
DA:410,0
DA:414,0
DA:416,0
DA:422,1
DA:426,0
DA:427,0
DA:428,0
DA:430,0
DA:431,0
DA:435,0
DA:436,0
DA:437,0
DA:438,0
DA:439,0
DA:444,0
DA:447,0
DA:453,1
DA:460,0
DA:461,0
DA:464,0
DA:467,0
DA:470,0
DA:471,0
DA:472,0
DA:474,0
DA:478,0
DA:481,0
DA:484,0
DA:491,0
DA:499,0
DA:502,0
DA:517,0
DA:518,0
DA:519,0
DA:522,0
DA:528,0
DA:530,0
DA:536,1
DA:537,0
DA:538,0
DA:544,1
DA:548,4
DA:550,4
DA:551,1
DA:552,1
DA:558,3
DA:565,0
DA:566,0
DA:573,0
DA:574,0
DA:578,0
DA:579,0
DA:580,0
DA:583,0
DA:584,0
DA:586,0
LF:154
LH:28
BRDA:164,0,0,0
BRDA:176,1,0,0
BRDA:176,1,1,0
BRDA:187,2,0,0
BRDA:197,3,0,0
BRDA:283,4,0,0
BRDA:293,5,0,0
BRDA:324,6,0,0
BRDA:395,7,0,0
BRDA:404,8,0,0
BRDA:404,8,1,0
BRDA:430,9,0,0
BRDA:437,10,0,0
BRDA:458,11,0,0
BRDA:467,12,0,0
BRDA:467,12,1,0
BRDA:471,13,0,0
BRDA:481,14,0,0
BRDA:481,14,1,0
BRDA:550,15,0,1
BRDA:573,16,0,0
BRDA:579,17,0,0
BRF:22
BRH:1
end_of_record
TN:
SF:src/telemetry.ts
FN:2,trackEvent
FNF:1
FNH:0
FNDA:0,trackEvent
DA:2,0
DA:4,0
LF:2
LH:0
BRF:0
BRH:0
end_of_record
TN:
SF:src/providers/index.ts
FN:23,initializeProviders
FNF:1
FNH:0
FNDA:0,initializeProviders
DA:9,0
DA:10,0
DA:13,0
DA:16,0
DA:17,0
DA:23,0
DA:25,0
DA:33,0
LF:8
LH:0
BRF:0
BRH:0
end_of_record
TN:
SF:src/providers/registry.ts
FN:21,(anonymous_0)
FN:37,(anonymous_1)
FN:45,(anonymous_2)
FN:53,(anonymous_3)
FN:62,(anonymous_4)
FN:72,(anonymous_5)
FN:86,(anonymous_6)
FN:95,(anonymous_7)
FN:103,(anonymous_8)
FNF:9
FNH:0
FNDA:0,(anonymous_0)
FNDA:0,(anonymous_1)
FNDA:0,(anonymous_2)
FNDA:0,(anonymous_3)
FNDA:0,(anonymous_4)
FNDA:0,(anonymous_5)
FNDA:0,(anonymous_6)
FNDA:0,(anonymous_7)
FNDA:0,(anonymous_8)
DA:14,1
DA:22,0
DA:23,0
DA:28,0
DA:29,0
DA:38,0
DA:46,0
DA:54,0
DA:63,0
DA:73,0
DA:74,0
DA:75,0
DA:78,0
DA:88,0
DA:89,0
DA:96,0
DA:104,0
DA:109,1
LF:18
LH:2
BRDA:22,0,0,0
BRDA:74,1,0,0
BRF:2
BRH:0
end_of_record
TN:
SF:src/providers/base/hierarchy.ts
FN:60,(anonymous_0)
FN:66,(anonymous_1)
FN:70,(anonymous_2)
FN:74,(anonymous_3)
FN:75,(anonymous_4)
FN:78,(anonymous_5)
FN:79,(anonymous_6)
FNF:7
FNH:3
FNDA:4,(anonymous_0)
FNDA:5,(anonymous_1)
FNDA:1,(anonymous_2)
FNDA:0,(anonymous_3)
FNDA:0,(anonymous_4)
FNDA:0,(anonymous_5)
FNDA:0,(anonymous_6)
DA:59,1
DA:60,4
DA:61,4
DA:62,0
DA:67,5
DA:71,1
DA:75,0
DA:79,0
LF:8
LH:5
BRDA:61,0,0,0
BRF:1
BRH:0
end_of_record
TN:
SF:src/providers/base/index.ts
FNF:0
FNH:0
DA:5,0
DA:6,0
DA:7,0
DA:8,0
DA:9,0
LF:5
LH:0
BRF:0
BRH:0
end_of_record
TN:
SF:src/providers/base/operations.ts
FN:34,(anonymous_0)
FN:73,createOperation
FNF:2
FNH:0
FNDA:0,(anonymous_0)
FNDA:0,createOperation
DA:34,0
DA:35,0
DA:36,0
DA:37,0
DA:38,0
DA:39,0
DA:40,0
DA:41,0
DA:73,0
DA:80,0
LF:10
LH:0
BRDA:34,0,0,0
BRDA:34,0,1,0
BRDA:81,1,0,0
BRDA:81,1,1,0
BRF:4
BRH:0
end_of_record
TN:
SF:src/providers/base/provider.ts
FN:161,(anonymous_0)
FN:165,(anonymous_1)
FN:173,(anonymous_2)
FN:190,(anonymous_3)
FN:197,(anonymous_4)
FNF:5
FNH:0
FNDA:0,(anonymous_0)
FNDA:0,(anonymous_1)
FNDA:0,(anonymous_2)
FNDA:0,(anonymous_3)
FNDA:0,(anonymous_4)
DA:155,0
DA:159,0
DA:162,0
DA:166,0
DA:174,0
DA:175,0
DA:176,0
DA:178,0
DA:191,0
DA:198,0
LF:10
LH:0
BRF:0
BRH:0
end_of_record
TN:
SF:src/providers/base/sql-generator.ts
FN:55,(anonymous_0)
FN:57,(anonymous_1)
FN:89,(anonymous_2)
FN:96,(anonymous_3)
FNF:4
FNH:0
FNDA:0,(anonymous_0)
FNDA:0,(anonymous_1)
FNDA:0,(anonymous_2)
FNDA:0,(anonymous_3)
DA:54,0
DA:55,0
DA:58,0
DA:60,0
DA:61,0
DA:62,0
DA:63,0
DA:66,0
DA:69,0
DA:72,0
DA:76,0
DA:79,0
DA:90,0
DA:97,0
LF:14
LH:0
BRDA:61,0,0,0
BRDA:72,1,0,0
BRDA:72,1,1,0
BRF:3
BRH:0
end_of_record
TN:
SF:src/providers/unity/hierarchy.ts
FNF:0
FNH:0
DA:5,0
DA:11,0
DA:35,0
LF:3
LH:0
BRF:0
BRH:0
end_of_record
TN:
SF:src/providers/unity/index.ts
FN:13,(anonymous_4)
FNF:1
FNH:0
FNDA:0,(anonymous_4)
DA:5,0
DA:6,0
DA:7,0
DA:8,0
DA:9,0
DA:10,0
DA:13,0
LF:7
LH:0
BRF:0
BRH:0
end_of_record
TN:
SF:src/providers/unity/operations.ts
FNF:0
FNH:0
DA:8,0
DA:11,0
DA:59,0
LF:3
LH:0
BRF:0
BRH:0
end_of_record
TN:
SF:src/providers/unity/provider.ts
FN:55,(anonymous_0)
FN:58,(anonymous_1)
FN:63,(anonymous_2)
FN:107,(anonymous_3)
FN:119,(anonymous_4)
FN:123,(anonymous_5)
FN:127,(anonymous_6)
FN:131,(anonymous_7)
FN:137,(anonymous_8)
FNF:9
FNH:0
FNDA:0,(anonymous_0)
FNDA:0,(anonymous_1)
FNDA:0,(anonymous_2)
FNDA:0,(anonymous_3)
FNDA:0,(anonymous_4)
FNDA:0,(anonymous_5)
FNDA:0,(anonymous_6)
FNDA:0,(anonymous_7)
FNDA:0,(anonymous_8)
DA:8,0
DA:17,0
DA:19,0
DA:20,0
DA:21,0
DA:26,0
DA:27,0
DA:36,0
DA:56,0
DA:58,0
DA:59,0
DA:64,0
DA:67,0
DA:68,0
DA:73,0
DA:77,0
DA:78,0
DA:79,0
DA:84,0
DA:88,0
DA:89,0
DA:90,0
DA:99,0
DA:101,0
DA:111,0
DA:116,0
DA:120,0
DA:124,0
DA:128,0
DA:132,0
DA:138,0
DA:139,0
DA:142,0
DA:143,0
DA:148,0
DA:152,0
DA:153,0
DA:155,0
DA:156,0
DA:163,0
DA:164,0
DA:172,0
DA:173,0
DA:175,0
DA:176,0
DA:183,0
DA:184,0
DA:193,0
DA:201,0
LF:49
LH:0
BRDA:67,0,0,0
BRDA:78,1,0,0
BRDA:89,2,0,0
BRDA:89,3,0,0
BRDA:89,3,1,0
BRDA:89,3,2,0
BRDA:142,4,0,0
BRDA:155,5,0,0
BRDA:155,6,0,0
BRDA:155,6,1,0
BRDA:163,7,0,0
BRDA:175,8,0,0
BRDA:175,9,0,0
BRDA:175,9,1,0
BRDA:183,10,0,0
BRF:15
BRH:0
end_of_record
TN:
SF:src/providers/unity/sql-generator.ts
FN:17,(anonymous_0)
FN:29,(anonymous_1)
FN:64,(anonymous_2)
FN:66,(anonymous_3)
FN:67,(anonymous_4)
FN:71,(anonymous_5)
FN:80,(anonymous_6)
FN:96,(anonymous_7)
FN:98,(anonymous_8)
FN:120,(anonymous_9)
FN:127,(anonymous_10)
FN:189,(anonymous_11)
FN:210,(anonymous_12)
FN:216,(anonymous_13)
FN:222,(anonymous_14)
FN:228,(anonymous_15)
FN:234,(anonymous_16)
FN:243,(anonymous_17)
FN:250,(anonymous_18)
FN:262,(anonymous_19)
FN:272,(anonymous_20)
FN:278,(anonymous_21)
FN:286,(anonymous_22)
FN:295,(anonymous_23)
FN:304,(anonymous_24)
FN:319,(anonymous_25)
FN:328,(anonymous_26)
FN:336,(anonymous_27)
FN:344,(anonymous_28)
FN:384,(anonymous_29)
FN:389,(anonymous_30)
FN:400,(anonymous_31)
FN:426,(anonymous_32)
FN:427,(anonymous_33)
FN:504,(anonymous_34)
FN:600,(anonymous_35)
FN:624,(anonymous_36)
FN:665,(anonymous_37)
FN:666,(anonymous_38)
FN:676,(anonymous_39)
FN:677,(anonymous_40)
FN:713,(anonymous_41)
FN:736,(anonymous_42)
FN:744,(anonymous_43)
FN:780,(anonymous_44)
FN:816,(anonymous_45)
FN:899,(anonymous_46)
FN:908,(anonymous_47)
FN:922,(anonymous_48)
FN:932,(anonymous_49)
FN:942,(anonymous_50)
FN:952,(anonymous_51)
FN:958,(anonymous_52)
FN:964,(anonymous_53)
FN:970,(anonymous_54)
FN:971,(anonymous_55)
FN:972,(anonymous_56)
FN:982,(anonymous_57)
FN:991,(anonymous_58)
FN:996,(anonymous_59)
FN:1000,(anonymous_60)
FN:1005,(anonymous_61)
FN:1010,(anonymous_62)
FN:1014,(anonymous_63)
FNF:64
FNH:0
FNDA:0,(anonymous_0)
FNDA:0,(anonymous_1)
FNDA:0,(anonymous_2)
FNDA:0,(anonymous_3)
FNDA:0,(anonymous_4)
FNDA:0,(anonymous_5)
FNDA:0,(anonymous_6)
FNDA:0,(anonymous_7)
FNDA:0,(anonymous_8)
FNDA:0,(anonymous_9)
FNDA:0,(anonymous_10)
FNDA:0,(anonymous_11)
FNDA:0,(anonymous_12)
FNDA:0,(anonymous_13)
FNDA:0,(anonymous_14)
FNDA:0,(anonymous_15)
FNDA:0,(anonymous_16)
FNDA:0,(anonymous_17)
FNDA:0,(anonymous_18)
FNDA:0,(anonymous_19)
FNDA:0,(anonymous_20)
FNDA:0,(anonymous_21)
FNDA:0,(anonymous_22)
FNDA:0,(anonymous_23)
FNDA:0,(anonymous_24)
FNDA:0,(anonymous_25)
FNDA:0,(anonymous_26)
FNDA:0,(anonymous_27)
FNDA:0,(anonymous_28)
FNDA:0,(anonymous_29)
FNDA:0,(anonymous_30)
FNDA:0,(anonymous_31)
FNDA:0,(anonymous_32)
FNDA:0,(anonymous_33)
FNDA:0,(anonymous_34)
FNDA:0,(anonymous_35)
FNDA:0,(anonymous_36)
FNDA:0,(anonymous_37)
FNDA:0,(anonymous_38)
FNDA:0,(anonymous_39)
FNDA:0,(anonymous_40)
FNDA:0,(anonymous_41)
FNDA:0,(anonymous_42)
FNDA:0,(anonymous_43)
FNDA:0,(anonymous_44)
FNDA:0,(anonymous_45)
FNDA:0,(anonymous_46)
FNDA:0,(anonymous_47)
FNDA:0,(anonymous_48)
FNDA:0,(anonymous_49)
FNDA:0,(anonymous_50)
FNDA:0,(anonymous_51)
FNDA:0,(anonymous_52)
FNDA:0,(anonymous_53)
FNDA:0,(anonymous_54)
FNDA:0,(anonymous_55)
FNDA:0,(anonymous_56)
FNDA:0,(anonymous_57)
FNDA:0,(anonymous_58)
FNDA:0,(anonymous_59)
FNDA:0,(anonymous_60)
FNDA:0,(anonymous_61)
FNDA:0,(anonymous_62)
FNDA:0,(anonymous_63)
DA:9,0
DA:11,0
DA:13,0
DA:14,0
DA:15,0
DA:17,0
DA:18,0
DA:19,0
DA:20,0
DA:30,0
DA:32,0
DA:34,0
DA:35,0
DA:37,0
DA:38,0
DA:40,0
DA:41,0
DA:43,0
DA:44,0
DA:50,0
DA:65,0
DA:66,0
DA:67,0
DA:72,0
DA:73,0
DA:81,0
DA:82,0
DA:83,0
DA:84,0
DA:98,0
DA:99,0
DA:100,0
DA:101,0
DA:105,0
DA:106,0
DA:107,0
DA:110,0
DA:111,0
DA:112,0
DA:113,0
DA:116,0
DA:117,0
DA:120,0
DA:123,0
DA:125,0
DA:127,0
DA:128,0
DA:129,0
DA:134,0
DA:135,0
DA:136,0
DA:139,0
DA:140,0
DA:141,0
DA:144,0
DA:145,0
DA:146,0
DA:147,0
DA:148,0
DA:150,0
DA:155,0
DA:156,0
DA:157,0
DA:158,0
DA:161,0
DA:164,0
DA:165,0
DA:166,0
DA:167,0
DA:170,0
DA:174,0
DA:177,0
DA:178,0
DA:179,0
DA:180,0
DA:183,0
DA:186,0
DA:191,0
DA:193,0
DA:194,0
DA:195,0
DA:201,0
DA:212,0
DA:213,0
DA:217,0
DA:218,0
DA:219,0
DA:223,0
DA:224,0
DA:229,0
DA:230,0
DA:231,0
DA:235,0
DA:236,0
DA:237,0
DA:238,0
DA:239,0
DA:240,0
DA:244,0
DA:245,0
DA:246,0
DA:251,0
DA:252,0
DA:253,0
DA:254,0
DA:255,0
DA:256,0
DA:259,0
DA:263,0
DA:264,0
DA:265,0
DA:266,0
DA:267,0
DA:268,0
DA:269,0
DA:273,0
DA:274,0
DA:275,0
DA:279,0
DA:280,0
DA:281,0
DA:282,0
DA:283,0
DA:287,0
DA:288,0
DA:289,0
DA:290,0
DA:291,0
DA:292,0
DA:296,0
DA:297,0
DA:298,0
DA:299,0
DA:300,0
DA:305,0
DA:306,0
DA:307,0
DA:308,0
DA:309,0
DA:310,0
DA:311,0
DA:313,0
DA:314,0
DA:316,0
DA:320,0
DA:321,0
DA:322,0
DA:323,0
DA:324,0
DA:325,0
DA:329,0
DA:330,0
DA:331,0
DA:332,0
DA:333,0
DA:338,0
DA:353,0
DA:355,0
DA:356,0
DA:358,0
DA:359,0
DA:360,0
DA:362,0
DA:364,0
DA:365,0
DA:373,0
DA:374,0
DA:378,0
DA:385,0
DA:386,0
DA:387,0
DA:388,0
DA:389,0
DA:394,0
DA:406,0
DA:407,0
DA:410,0
DA:411,0
DA:415,0
DA:416,0
DA:417,0
DA:422,0
DA:423,0
DA:424,0
DA:426,0
DA:427,0
DA:428,0
DA:430,0
DA:431,0
DA:432,0
DA:433,0
DA:434,0
DA:440,0
DA:441,0
DA:442,0
DA:443,0
DA:445,0
DA:447,0
DA:450,0
DA:451,0
DA:452,0
DA:453,0
DA:458,0
DA:459,0
DA:462,0
DA:463,0
DA:464,0
DA:466,0
DA:467,0
DA:471,0
DA:472,0
DA:475,0
DA:476,0
DA:478,0
DA:480,0
DA:483,0
DA:484,0
DA:485,0
DA:486,0
DA:490,0
DA:491,0
DA:494,0
DA:495,0
DA:498,0
DA:527,0
DA:529,0
DA:530,0
DA:533,0
DA:534,0
DA:535,0
DA:536,0
DA:541,0
DA:542,0
DA:546,0
DA:549,0
DA:550,0
DA:553,0
DA:554,0
DA:568,0
DA:569,0
DA:570,0
DA:573,0
DA:574,0
DA:575,0
DA:576,0
DA:577,0
DA:578,0
DA:579,0
DA:580,0
DA:581,0
DA:582,0
DA:583,0
DA:584,0
DA:588,0
DA:590,0
DA:594,0
DA:612,0
DA:614,0
DA:617,0
DA:630,0
DA:631,0
DA:632,0
DA:633,0
DA:635,0
DA:636,0
DA:640,0
DA:641,0
DA:642,0
DA:643,0
DA:644,0
DA:645,0
DA:648,0
DA:649,0
DA:650,0
DA:651,0
DA:652,0
DA:653,0
DA:654,0
DA:655,0
DA:661,0
DA:662,0
DA:664,0
DA:665,0
DA:666,0
DA:668,0
DA:669,0
DA:670,0
DA:675,0
DA:676,0
DA:677,0
DA:681,0
DA:684,0
DA:685,0
DA:686,0
DA:687,0
DA:688,0
DA:689,0
DA:694,0
DA:697,0
DA:698,0
DA:700,0
DA:701,0
DA:706,0
DA:721,0
DA:725,0
DA:726,0
DA:728,0
DA:729,0
DA:731,0
DA:733,0
DA:734,0
DA:736,0
DA:738,0
DA:739,0
DA:744,0
DA:746,0
DA:748,0
DA:749,0
DA:750,0
DA:751,0
DA:753,0
DA:754,0
DA:755,0
DA:756,0
DA:757,0
DA:759,0
DA:760,0
DA:762,0
DA:765,0
DA:766,0
DA:767,0
DA:769,0
DA:770,0
DA:771,0
DA:772,0
DA:775,0
DA:780,0
DA:783,0
DA:791,0
DA:792,0
DA:795,0
DA:796,0
DA:800,0
DA:801,0
DA:802,0
DA:803,0
DA:806,0
DA:810,0
DA:817,0
DA:820,0
DA:822,0
DA:824,0
DA:828,0
DA:830,0
DA:832,0
DA:836,0
DA:838,0
DA:840,0
DA:842,0
DA:844,0
DA:848,0
DA:850,0
DA:852,0
DA:854,0
DA:856,0
DA:858,0
DA:862,0
DA:864,0
DA:868,0
DA:870,0
DA:874,0
DA:876,0
DA:880,0
DA:882,0
DA:884,0
DA:888,0
DA:890,0
DA:892,0
DA:895,0
DA:900,0
DA:901,0
DA:902,0
DA:903,0
DA:904,0
DA:905,0
DA:909,0
DA:910,0
DA:911,0
DA:912,0
DA:913,0
DA:915,0
DA:916,0
DA:918,0
DA:923,0
DA:924,0
DA:925,0
DA:926,0
DA:927,0
DA:928,0
DA:933,0
DA:934,0
DA:935,0
DA:936,0
DA:937,0
DA:938,0
DA:939,0
DA:943,0
DA:944,0
DA:945,0
DA:946,0
DA:947,0
DA:948,0
DA:953,0
DA:954,0
DA:955,0
DA:956,0
DA:957,0
DA:958,0
DA:960,0
DA:962,0
DA:963,0
DA:964,0
DA:965,0
DA:966,0
DA:967,0
DA:968,0
DA:969,0
DA:970,0
DA:971,0
DA:972,0
DA:973,0
DA:974,0
DA:975,0
DA:976,0
DA:979,0
DA:983,0
DA:984,0
DA:985,0
DA:987,0
DA:993,0
DA:997,0
DA:1001,0
DA:1007,0
DA:1011,0
DA:1015,0
LF:445
LH:0
BRDA:19,0,0,0
BRDA:19,0,1,0
BRDA:34,1,0,0
BRDA:34,1,1,0
BRDA:81,2,0,0
BRDA:82,3,0,0
BRDA:83,4,0,0
BRDA:125,5,0,0
BRDA:125,6,0,0
BRDA:125,6,1,0
BRDA:135,7,0,0
BRDA:139,8,0,0
BRDA:145,9,0,0
BRDA:145,9,1,0
BRDA:147,10,0,0
BRDA:147,10,1,0
BRDA:158,11,0,0
BRDA:158,11,1,0
BRDA:167,12,0,0
BRDA:167,12,1,0
BRDA:180,13,0,0
BRDA:180,13,1,0
BRDA:212,14,0,0
BRDA:212,14,1,0
BRDA:217,15,0,0
BRDA:217,15,1,0
BRDA:223,16,0,0
BRDA:223,16,1,0
BRDA:229,17,0,0
BRDA:229,17,1,0
BRDA:235,18,0,0
BRDA:235,18,1,0
BRDA:238,19,0,0
BRDA:238,19,1,0
BRDA:244,20,0,0
BRDA:244,20,1,0
BRDA:251,21,0,0
BRDA:251,21,1,0
BRDA:254,22,0,0
BRDA:254,22,1,0
BRDA:263,23,0,0
BRDA:263,23,1,0
BRDA:266,24,0,0
BRDA:266,24,1,0
BRDA:267,25,0,0
BRDA:267,25,1,0
BRDA:273,26,0,0
BRDA:273,26,1,0
BRDA:279,27,0,0
BRDA:279,27,1,0
BRDA:287,28,0,0
BRDA:287,28,1,0
BRDA:296,29,0,0
BRDA:296,29,1,0
BRDA:305,30,0,0
BRDA:305,30,1,0
BRDA:311,31,0,0
BRDA:311,31,1,0
BRDA:313,32,0,0
BRDA:313,32,1,0
BRDA:314,33,0,0
BRDA:314,33,1,0
BRDA:320,34,0,0
BRDA:320,34,1,0
BRDA:323,35,0,0
BRDA:323,35,1,0
BRDA:329,36,0,0
BRDA:329,36,1,0
BRDA:332,37,0,0
BRDA:332,37,1,0
BRDA:358,38,0,0
BRDA:362,39,0,0
BRDA:388,40,0,0
BRDA:406,41,0,0
BRDA:406,42,0,0
BRDA:406,42,1,0
BRDA:410,43,0,0
BRDA:415,44,0,0
BRDA:415,44,1,0
BRDA:428,45,0,0
BRDA:432,46,0,0
BRDA:440,47,0,0
BRDA:442,48,0,0
BRDA:442,48,1,0
BRDA:445,49,0,0
BRDA:445,49,1,0
BRDA:451,50,0,0
BRDA:451,50,1,0
BRDA:466,51,0,0
BRDA:471,52,0,0
BRDA:475,53,0,0
BRDA:475,53,1,0
BRDA:478,54,0,0
BRDA:478,54,1,0
BRDA:484,55,0,0
BRDA:484,55,1,0
BRDA:494,56,0,0
BRDA:534,57,0,0
BRDA:534,57,1,0
BRDA:536,58,0,0
BRDA:536,58,1,0
BRDA:542,59,0,0
BRDA:549,60,0,0
BRDA:553,61,0,0
BRDA:573,62,0,0
BRDA:573,62,1,0
BRDA:576,63,0,0
BRDA:576,63,1,0
BRDA:578,64,0,0
BRDA:578,64,1,0
BRDA:580,65,0,0
BRDA:580,65,1,0
BRDA:582,66,0,0
BRDA:582,66,1,0
BRDA:584,67,0,0
BRDA:584,67,1,0
BRDA:612,68,0,0
BRDA:612,68,1,0
BRDA:635,69,0,0
BRDA:640,70,0,0
BRDA:640,70,1,0
BRDA:642,71,0,0
BRDA:642,71,1,0
BRDA:642,72,0,0
BRDA:642,72,1,0
BRDA:653,73,0,0
BRDA:653,73,1,0
BRDA:654,74,0,0
BRDA:654,74,1,0
BRDA:661,75,0,0
BRDA:661,75,1,0
BRDA:669,76,0,0
BRDA:681,77,0,0
BRDA:681,77,1,0
BRDA:686,78,0,0
BRDA:694,79,0,0
BRDA:694,79,1,0
BRDA:697,80,0,0
BRDA:697,80,1,0
BRDA:698,81,0,0
BRDA:698,81,1,0
BRDA:700,82,0,0
BRDA:700,82,1,0
BRDA:725,83,0,0
BRDA:729,84,0,0
BRDA:738,85,0,0
BRDA:738,86,0,0
BRDA:738,86,1,0
BRDA:746,87,0,0
BRDA:746,87,1,0
BRDA:748,88,0,0
BRDA:748,88,1,0
BRDA:757,89,0,0
BRDA:757,89,1,0
BRDA:759,90,0,0
BRDA:759,90,1,0
BRDA:760,91,0,0
BRDA:760,91,1,0
BRDA:767,92,0,0
BRDA:771,93,0,0
BRDA:771,94,0,0
BRDA:771,94,1,0
BRDA:795,95,0,0
BRDA:802,96,0,0
BRDA:802,97,0,0
BRDA:802,97,1,0
BRDA:810,98,0,0
BRDA:810,98,1,0
BRDA:817,99,0,0
BRDA:817,99,1,0
BRDA:817,99,2,0
BRDA:817,99,3,0
BRDA:817,99,4,0
BRDA:817,99,5,0
BRDA:817,99,6,0
BRDA:817,99,7,0
BRDA:817,99,8,0
BRDA:817,99,9,0
BRDA:817,99,10,0
BRDA:817,99,11,0
BRDA:817,99,12,0
BRDA:817,99,13,0
BRDA:817,99,14,0
BRDA:817,99,15,0
BRDA:817,99,16,0
BRDA:817,99,17,0
BRDA:817,99,18,0
BRDA:817,99,19,0
BRDA:817,99,20,0
BRDA:817,99,21,0
BRDA:817,99,22,0
BRDA:817,99,23,0
BRDA:817,99,24,0
BRDA:817,99,25,0
BRDA:817,99,26,0
BRDA:817,99,27,0
BRDA:817,99,28,0
BRDA:817,99,29,0
BRDA:900,100,0,0
BRDA:900,100,1,0
BRDA:903,101,0,0
BRDA:903,101,1,0
BRDA:909,102,0,0
BRDA:909,102,1,0
BRDA:912,103,0,0
BRDA:912,103,1,0
BRDA:915,104,0,0
BRDA:915,104,1,0
BRDA:923,105,0,0
BRDA:923,105,1,0
BRDA:926,106,0,0
BRDA:926,106,1,0
BRDA:933,107,0,0
BRDA:933,107,1,0
BRDA:936,108,0,0
BRDA:936,108,1,0
BRDA:943,109,0,0
BRDA:943,109,1,0
BRDA:946,110,0,0
BRDA:946,110,1,0
BRDA:953,111,0,0
BRDA:953,111,1,0
BRDA:957,112,0,0
BRDA:957,112,1,0
BRDA:958,113,0,0
BRDA:958,113,1,0
BRDA:960,114,0,0
BRDA:960,114,1,0
BRDA:962,115,0,0
BRDA:962,115,1,0
BRDA:963,116,0,0
BRDA:963,116,1,0
BRDA:966,117,0,0
BRDA:966,117,1,0
BRDA:967,118,0,0
BRDA:967,118,1,0
BRDA:970,119,0,0
BRDA:970,119,1,0
BRDA:974,120,0,0
BRDA:975,121,0,0
BRDA:975,121,1,0
BRDA:983,122,0,0
BRDA:983,122,1,0
BRF:243
BRH:0
end_of_record
TN:
SF:src/providers/unity/state-reducer.ts
FN:24,applyOperation
FN:43,(anonymous_1)
FN:48,(anonymous_2)
FN:54,(anonymous_3)
FN:67,(anonymous_4)
FN:77,(anonymous_5)
FN:85,(anonymous_6)
FN:110,(anonymous_7)
FN:153,(anonymous_8)
FN:161,(anonymous_9)
FN:169,(anonymous_10)
FN:178,(anonymous_11)
FN:186,(anonymous_12)
FN:194,(anonymous_13)
FN:204,(anonymous_14)
FN:215,(anonymous_15)
FN:254,(anonymous_16)
FN:278,(anonymous_17)
FN:291,(anonymous_18)
FN:312,(anonymous_19)
FN:320,(anonymous_20)
FN:333,(anonymous_21)
FN:336,(anonymous_22)
FN:339,(anonymous_23)
FN:351,applyOperations
FN:362,findTable
FN:365,(anonymous_26)
FNF:27
FNH:0
FNDA:0,applyOperation
FNDA:0,(anonymous_1)
FNDA:0,(anonymous_2)
FNDA:0,(anonymous_3)
FNDA:0,(anonymous_4)
FNDA:0,(anonymous_5)
FNDA:0,(anonymous_6)
FNDA:0,(anonymous_7)
FNDA:0,(anonymous_8)
FNDA:0,(anonymous_9)
FNDA:0,(anonymous_10)
FNDA:0,(anonymous_11)
FNDA:0,(anonymous_12)
FNDA:0,(anonymous_13)
FNDA:0,(anonymous_14)
FNDA:0,(anonymous_15)
FNDA:0,(anonymous_16)
FNDA:0,(anonymous_17)
FNDA:0,(anonymous_18)
FNDA:0,(anonymous_19)
FNDA:0,(anonymous_20)
FNDA:0,(anonymous_21)
FNDA:0,(anonymous_22)
FNDA:0,(anonymous_23)
FNDA:0,applyOperations
FNDA:0,findTable
FNDA:0,(anonymous_26)
DA:24,0
DA:26,0
DA:29,0
DA:31,0
DA:34,0
DA:39,0
DA:40,0
DA:43,0
DA:44,0
DA:45,0
DA:48,0
DA:49,0
DA:54,0
DA:55,0
DA:56,0
DA:61,0
DA:63,0
DA:66,0
DA:67,0
DA:68,0
DA:69,0
DA:70,0
DA:73,0
DA:76,0
DA:77,0
DA:79,0
DA:84,0
DA:85,0
DA:86,0
DA:87,0
DA:96,0
DA:97,0
DA:100,0
DA:103,0
DA:104,0
DA:105,0
DA:108,0
DA:109,0
DA:110,0
DA:113,0
DA:116,0
DA:117,0
DA:118,0
DA:121,0
DA:122,0
DA:123,0
DA:125,0
DA:128,0
DA:129,0
DA:130,0
DA:132,0
DA:137,0
DA:138,0
DA:139,0
DA:145,0
DA:146,0
DA:148,0
DA:151,0
DA:152,0
DA:153,0
DA:154,0
DA:156,0
DA:159,0
DA:160,0
DA:161,0
DA:163,0
DA:166,0
DA:167,0
DA:168,0
DA:169,0
DA:170,0
DA:173,0
DA:176,0
DA:177,0
DA:178,0
DA:179,0
DA:181,0
DA:184,0
DA:185,0
DA:186,0
DA:187,0
DA:189,0
DA:192,0
DA:193,0
DA:194,0
DA:195,0
DA:197,0
DA:202,0
DA:203,0
DA:204,0
DA:205,0
DA:206,0
DA:207,0
DA:210,0
DA:213,0
DA:214,0
DA:215,0
DA:216,0
DA:217,0
DA:220,0
DA:225,0
DA:226,0
DA:227,0
DA:235,0
DA:236,0
DA:237,0
DA:238,0
DA:239,0
DA:240,0
DA:241,0
DA:242,0
DA:243,0
DA:244,0
DA:245,0
DA:247,0
DA:249,0
DA:252,0
DA:253,0
DA:254,0
DA:256,0
DA:261,0
DA:262,0
DA:263,0
DA:264,0
DA:271,0
DA:273,0
DA:276,0
DA:277,0
DA:278,0
DA:279,0
DA:280,0
DA:281,0
DA:282,0
DA:283,0
DA:286,0
DA:289,0
DA:290,0
DA:291,0
DA:293,0
DA:298,0
DA:299,0
DA:300,0
DA:301,0
DA:309,0
DA:312,0
DA:313,0
DA:315,0
DA:318,0
DA:319,0
DA:320,0
DA:321,0
DA:322,0
DA:323,0
DA:324,0
DA:325,0
DA:328,0
DA:331,0
DA:332,0
DA:333,0
DA:334,0
DA:336,0
DA:337,0
DA:339,0
DA:341,0
DA:345,0
DA:351,0
DA:352,0
DA:353,0
DA:354,0
DA:356,0
DA:363,0
DA:364,0
DA:365,0
DA:366,0
DA:369,0
LF:175
LH:0
BRDA:31,0,0,0
BRDA:31,0,1,0
BRDA:31,0,2,0
BRDA:31,0,3,0
BRDA:31,0,4,0
BRDA:31,0,5,0
BRDA:31,0,6,0
BRDA:31,0,7,0
BRDA:31,0,8,0
BRDA:31,0,9,0
BRDA:31,0,10,0
BRDA:31,0,11,0
BRDA:31,0,12,0
BRDA:31,0,13,0
BRDA:31,0,14,0
BRDA:31,0,15,0
BRDA:31,0,16,0
BRDA:31,0,17,0
BRDA:31,0,18,0
BRDA:31,0,19,0
BRDA:31,0,20,0
BRDA:31,0,21,0
BRDA:31,0,22,0
BRDA:31,0,23,0
BRDA:31,0,24,0
BRDA:31,0,25,0
BRDA:31,0,26,0
BRDA:31,0,27,0
BRDA:31,0,28,0
BRDA:44,1,0,0
BRDA:55,2,0,0
BRDA:68,3,0,0
BRDA:86,4,0,0
BRDA:104,5,0,0
BRDA:117,6,0,0
BRDA:122,7,0,0
BRDA:129,8,0,0
BRDA:138,9,0,0
BRDA:145,10,0,0
BRDA:152,11,0,0
BRDA:154,12,0,0
BRDA:160,13,0,0
BRDA:167,14,0,0
BRDA:177,15,0,0
BRDA:179,16,0,0
BRDA:185,17,0,0
BRDA:187,18,0,0
BRDA:193,19,0,0
BRDA:195,20,0,0
BRDA:203,21,0,0
BRDA:205,22,0,0
BRDA:206,23,0,0
BRDA:214,24,0,0
BRDA:216,25,0,0
BRDA:216,26,0,0
BRDA:216,26,1,0
BRDA:226,27,0,0
BRDA:235,28,0,0
BRDA:236,29,0,0
BRDA:237,30,0,0
BRDA:238,31,0,0
BRDA:239,32,0,0
BRDA:240,33,0,0
BRDA:241,34,0,0
BRDA:242,35,0,0
BRDA:243,36,0,0
BRDA:244,37,0,0
BRDA:245,38,0,0
BRDA:253,39,0,0
BRDA:262,40,0,0
BRDA:263,41,0,0
BRDA:267,42,0,0
BRDA:267,42,1,0
BRDA:277,43,0,0
BRDA:277,44,0,0
BRDA:277,44,1,0
BRDA:279,45,0,0
BRDA:280,46,0,0
BRDA:281,47,0,0
BRDA:282,48,0,0
BRDA:283,49,0,0
BRDA:290,50,0,0
BRDA:290,51,0,0
BRDA:290,51,1,0
BRDA:299,52,0,0
BRDA:300,53,0,0
BRDA:305,54,0,0
BRDA:305,54,1,0
BRDA:313,55,0,0
BRDA:319,56,0,0
BRDA:319,57,0,0
BRDA:319,57,1,0
BRDA:321,58,0,0
BRDA:322,59,0,0
BRDA:323,60,0,0
BRDA:324,61,0,0
BRDA:325,62,0,0
BRDA:332,63,0,0
BRDA:332,64,0,0
BRDA:332,64,1,0
BRDA:334,65,0,0
BRDA:337,66,0,0
BRDA:366,67,0,0
BRF:103
BRH:0
end_of_record
TN:
SF:src/webview/App.tsx
FN:10,(anonymous_9)
FN:14,(anonymous_10)
FN:18,(anonymous_11)
FN:48,(anonymous_12)
FNF:4
FNH:0
FNDA:0,(anonymous_9)
FNDA:0,(anonymous_10)
FNDA:0,(anonymous_11)
FNDA:0,(anonymous_12)
DA:1,0
DA:2,0
DA:3,0
DA:4,0
DA:5,0
DA:6,0
DA:8,0
DA:10,0
DA:11,0
DA:12,0
DA:14,0
DA:15,0
DA:18,0
DA:19,0
DA:20,0
DA:21,0
DA:24,0
DA:25,0
DA:26,0
DA:27,0
DA:28,0
DA:31,0
DA:32,0
DA:33,0
DA:36,0
DA:37,0
DA:38,0
DA:42,0
DA:45,0
DA:46,0
DA:48,0
DA:49,0
DA:53,0
DA:54,0
DA:64,0
LF:35
LH:0
BRDA:21,0,0,0
BRDA:21,0,1,0
BRDA:25,1,0,0
BRDA:25,1,1,0
BRDA:26,2,0,0
BRDA:26,2,1,0
BRDA:31,3,0,0
BRDA:53,4,0,0
BRF:8
BRH:0
end_of_record
TN:
SF:src/webview/components/ColumnGrid.tsx
FN:10,(anonymous_9)
FN:31,(anonymous_10)
FN:35,(anonymous_11)
FN:39,(anonymous_12)
FN:44,(anonymous_13)
FN:52,(anonymous_14)
FN:56,(anonymous_15)
FN:65,(anonymous_16)
FN:66,(anonymous_17)
FN:83,(anonymous_18)
FN:87,(anonymous_19)
FN:91,(anonymous_20)
FN:121,(anonymous_21)
FN:128,(anonymous_22)
FN:129,(anonymous_23)
FN:130,(anonymous_24)
FN:141,(anonymous_25)
FN:154,(anonymous_26)
FN:177,(anonymous_27)
FN:186,(anonymous_28)
FN:203,(anonymous_29)
FN:215,(anonymous_30)
FN:224,(anonymous_31)
FN:227,(anonymous_32)
FN:231,(anonymous_33)
FN:249,(anonymous_34)
FN:256,(anonymous_35)
FN:257,(anonymous_36)
FN:261,(anonymous_37)
FN:265,(anonymous_38)
FN:272,(anonymous_39)
FN:273,(anonymous_40)
FN:307,(anonymous_41)
FN:314,(anonymous_42)
FN:321,(anonymous_43)
FN:322,(anonymous_44)
FN:325,(anonymous_45)
FN:326,(anonymous_46)
FN:342,(anonymous_47)
FN:349,(anonymous_48)
FN:371,(anonymous_49)
FN:380,(anonymous_50)
FN:386,(anonymous_51)
FN:399,(anonymous_52)
FNF:44
FNH:3
FNDA:8,(anonymous_9)
FNDA:0,(anonymous_10)
FNDA:0,(anonymous_11)
FNDA:0,(anonymous_12)
FNDA:0,(anonymous_13)
FNDA:0,(anonymous_14)
FNDA:0,(anonymous_15)
FNDA:0,(anonymous_16)
FNDA:0,(anonymous_17)
FNDA:0,(anonymous_18)
FNDA:0,(anonymous_19)
FNDA:0,(anonymous_20)
FNDA:13,(anonymous_21)
FNDA:0,(anonymous_22)
FNDA:0,(anonymous_23)
FNDA:0,(anonymous_24)
FNDA:0,(anonymous_25)
FNDA:0,(anonymous_26)
FNDA:0,(anonymous_27)
FNDA:2,(anonymous_28)
FNDA:0,(anonymous_29)
FNDA:0,(anonymous_30)
FNDA:0,(anonymous_31)
FNDA:0,(anonymous_32)
FNDA:0,(anonymous_33)
FNDA:0,(anonymous_34)
FNDA:0,(anonymous_35)
FNDA:0,(anonymous_36)
FNDA:0,(anonymous_37)
FNDA:0,(anonymous_38)
FNDA:0,(anonymous_39)
FNDA:0,(anonymous_40)
FNDA:0,(anonymous_41)
FNDA:0,(anonymous_42)
FNDA:0,(anonymous_43)
FNDA:0,(anonymous_44)
FNDA:0,(anonymous_45)
FNDA:0,(anonymous_46)
FNDA:0,(anonymous_47)
FNDA:0,(anonymous_48)
FNDA:0,(anonymous_49)
FNDA:0,(anonymous_50)
FNDA:0,(anonymous_51)
FNDA:0,(anonymous_52)
DA:1,1
DA:3,1
DA:10,1
DA:21,8
DA:23,8
DA:24,8
DA:25,8
DA:26,8
DA:27,8
DA:28,8
DA:29,8
DA:31,8
DA:32,0
DA:35,8
DA:36,0
DA:39,8
DA:40,0
DA:41,0
DA:44,8
DA:45,0
DA:46,0
DA:48,0
DA:49,0
DA:50,0
DA:52,0
DA:53,0
DA:56,8
DA:57,0
DA:58,0
DA:65,8
DA:66,0
DA:67,0
DA:70,0
DA:71,0
DA:73,0
DA:74,0
DA:76,0
DA:77,0
DA:80,0
DA:83,8
DA:84,0
DA:87,8
DA:88,0
DA:91,8
DA:92,0
DA:93,0
DA:95,0
DA:96,0
DA:99,8
DA:122,13
DA:124,13
DA:128,0
DA:129,0
DA:130,0
DA:141,0
DA:154,0
DA:177,0
DA:187,2
DA:203,0
DA:215,0
DA:224,0
DA:227,0
DA:231,0
DA:249,0
DA:256,0
DA:257,0
DA:262,0
DA:263,0
DA:265,0
DA:272,0
DA:273,0
DA:308,0
DA:309,0
DA:310,0
DA:311,0
DA:312,0
DA:314,0
DA:322,0
DA:323,0
DA:324,0
DA:325,0
DA:326,0
DA:343,0
DA:350,0
DA:371,0
DA:380,0
DA:387,0
DA:388,0
DA:389,0
DA:400,0
DA:401,0
LF:91
LH:24
BRDA:40,0,0,0
BRDA:46,1,0,0
BRDA:46,2,0,0
BRDA:46,2,1,0
BRDA:61,3,0,0
BRDA:61,3,1,0
BRDA:67,4,0,0
BRDA:70,5,0,0
BRDA:73,6,0,0
BRDA:76,7,0,0
BRDA:76,8,0,0
BRDA:76,8,1,0
BRDA:92,9,0,0
BRDA:92,10,0,0
BRDA:92,10,1,0
BRDA:95,11,0,0
BRDA:95,11,1,0
BRDA:114,12,0,1
BRDA:114,12,1,7
BRDA:132,13,0,0
BRDA:132,13,1,13
BRDA:134,14,0,13
BRDA:134,14,1,13
BRDA:137,15,0,0
BRDA:137,15,1,13
BRDA:151,16,0,0
BRDA:151,16,1,13
BRDA:184,17,0,1
BRDA:184,17,1,12
BRDA:184,18,0,13
BRDA:184,18,1,1
BRDA:191,19,0,1
BRDA:191,19,1,0
BRDA:199,20,0,0
BRDA:199,20,1,13
BRDA:208,21,0,13
BRDA:208,21,1,5
BRDA:213,22,0,0
BRDA:213,22,1,13
BRDA:255,23,0,8
BRDA:255,23,1,0
BRDA:271,24,0,8
BRDA:271,24,1,0
BRDA:321,25,0,8
BRDA:321,25,1,0
BRDA:323,26,0,0
BRDA:323,26,1,0
BRDA:330,27,0,0
BRDA:330,27,1,0
BRDA:387,28,0,0
BRDA:387,29,0,0
BRDA:387,29,1,0
BRDA:392,30,0,0
BRDA:392,30,1,0
BRF:54
BRH:19
end_of_record
TN:
SF:src/webview/components/SecurityGovernance.tsx
FN:9,(anonymous_9)
FN:23,(anonymous_10)
FN:27,(anonymous_11)
FN:39,(anonymous_12)
FN:46,(anonymous_13)
FN:58,(anonymous_14)
FN:64,(anonymous_15)
FN:71,(anonymous_16)
FN:83,(anonymous_17)
FN:89,(anonymous_18)
FN:90,(anonymous_19)
FN:118,(anonymous_20)
FN:131,(anonymous_21)
FN:146,(anonymous_22)
FN:157,(anonymous_23)
FN:183,(anonymous_24)
FN:197,(anonymous_25)
FN:213,(anonymous_26)
FN:224,(anonymous_27)
FN:231,(anonymous_28)
FN:232,(anonymous_29)
FN:240,(anonymous_30)
FN:249,(anonymous_31)
FN:261,(anonymous_32)
FN:270,(anonymous_33)
FN:276,(anonymous_34)
FN:293,(anonymous_35)
FN:294,(anonymous_36)
FN:302,(anonymous_37)
FN:310,(anonymous_38)
FN:320,(anonymous_39)
FN:328,(anonymous_40)
FN:334,(anonymous_41)
FN:350,(anonymous_42)
FN:351,(anonymous_43)
FN:357,(anonymous_44)
FN:370,(anonymous_45)
FN:371,(anonymous_46)
FN:378,(anonymous_47)
FN:381,(anonymous_48)
FN:392,(anonymous_49)
FN:401,(anonymous_50)
FN:413,(anonymous_51)
FN:422,(anonymous_52)
FN:428,(anonymous_53)
FN:445,(anonymous_54)
FN:446,(anonymous_55)
FN:463,(anonymous_56)
FN:471,(anonymous_57)
FN:481,(anonymous_58)
FN:489,(anonymous_59)
FN:495,(anonymous_60)
FN:511,(anonymous_61)
FN:512,(anonymous_62)
FN:518,(anonymous_63)
FNF:55
FNH:0
FNDA:0,(anonymous_9)
FNDA:0,(anonymous_10)
FNDA:0,(anonymous_11)
FNDA:0,(anonymous_12)
FNDA:0,(anonymous_13)
FNDA:0,(anonymous_14)
FNDA:0,(anonymous_15)
FNDA:0,(anonymous_16)
FNDA:0,(anonymous_17)
FNDA:0,(anonymous_18)
FNDA:0,(anonymous_19)
FNDA:0,(anonymous_20)
FNDA:0,(anonymous_21)
FNDA:0,(anonymous_22)
FNDA:0,(anonymous_23)
FNDA:0,(anonymous_24)
FNDA:0,(anonymous_25)
FNDA:0,(anonymous_26)
FNDA:0,(anonymous_27)
FNDA:0,(anonymous_28)
FNDA:0,(anonymous_29)
FNDA:0,(anonymous_30)
FNDA:0,(anonymous_31)
FNDA:0,(anonymous_32)
FNDA:0,(anonymous_33)
FNDA:0,(anonymous_34)
FNDA:0,(anonymous_35)
FNDA:0,(anonymous_36)
FNDA:0,(anonymous_37)
FNDA:0,(anonymous_38)
FNDA:0,(anonymous_39)
FNDA:0,(anonymous_40)
FNDA:0,(anonymous_41)
FNDA:0,(anonymous_42)
FNDA:0,(anonymous_43)
FNDA:0,(anonymous_44)
FNDA:0,(anonymous_45)
FNDA:0,(anonymous_46)
FNDA:0,(anonymous_47)
FNDA:0,(anonymous_48)
FNDA:0,(anonymous_49)
FNDA:0,(anonymous_50)
FNDA:0,(anonymous_51)
FNDA:0,(anonymous_52)
FNDA:0,(anonymous_53)
FNDA:0,(anonymous_54)
FNDA:0,(anonymous_55)
FNDA:0,(anonymous_56)
FNDA:0,(anonymous_57)
FNDA:0,(anonymous_58)
FNDA:0,(anonymous_59)
FNDA:0,(anonymous_60)
FNDA:0,(anonymous_61)
FNDA:0,(anonymous_62)
FNDA:0,(anonymous_63)
DA:1,0
DA:3,0
DA:9,0
DA:10,0
DA:12,0
DA:13,0
DA:14,0
DA:15,0
DA:16,0
DA:17,0
DA:19,0
DA:20,0
DA:23,0
DA:24,0
DA:25,0
DA:26,0
DA:27,0
DA:28,0
DA:31,0
DA:34,0
DA:36,0
DA:37,0
DA:39,0
DA:40,0
DA:41,0
DA:42,0
DA:43,0
DA:46,0
DA:47,0
DA:48,0
DA:54,0
DA:55,0
DA:58,0
DA:59,0
DA:60,0
DA:61,0
DA:64,0
DA:65,0
DA:66,0
DA:67,0
DA:68,0
DA:71,0
DA:72,0
DA:73,0
DA:79,0
DA:80,0
DA:83,0
DA:84,0
DA:85,0
DA:86,0
DA:89,0
DA:90,0
DA:91,0
DA:94,0
DA:119,0
DA:132,0
DA:133,0
DA:146,0
DA:157,0
DA:184,0
DA:198,0
DA:199,0
DA:213,0
DA:224,0
DA:231,0
DA:232,0
DA:240,0
DA:249,0
DA:261,0
DA:270,0
DA:276,0
DA:293,0
DA:294,0
DA:302,0
DA:310,0
DA:320,0
DA:328,0
DA:334,0
DA:350,0
DA:351,0
DA:357,0
DA:370,0
DA:371,0
DA:378,0
DA:382,0
DA:392,0
DA:401,0
DA:413,0
DA:422,0
DA:428,0
DA:445,0
DA:446,0
DA:463,0
DA:471,0
DA:481,0
DA:489,0
DA:495,0
DA:511,0
DA:512,0
DA:518,0
LF:100
LH:0
BRDA:24,0,0,0
BRDA:28,1,0,0
BRDA:34,2,0,0
BRDA:36,3,0,0
BRDA:36,3,1,0
BRDA:37,4,0,0
BRDA:37,4,1,0
BRDA:40,5,0,0
BRDA:40,6,0,0
BRDA:40,6,1,0
BRDA:47,7,0,0
BRDA:59,8,0,0
BRDA:65,9,0,0
BRDA:65,10,0,0
BRDA:65,10,1,0
BRDA:65,10,2,0
BRDA:72,11,0,0
BRDA:84,12,0,0
BRDA:91,13,0,0
BRDA:91,13,1,0
BRDA:101,14,0,0
BRDA:101,14,1,0
BRDA:121,15,0,0
BRDA:121,15,1,0
BRDA:122,16,0,0
BRDA:122,16,1,0
BRDA:127,17,0,0
BRDA:127,17,1,0
BRDA:137,18,0,0
BRDA:137,18,1,0
BRDA:165,19,0,0
BRDA:165,19,1,0
BRDA:186,20,0,0
BRDA:186,20,1,0
BRDA:187,21,0,0
BRDA:187,21,1,0
BRDA:193,22,0,0
BRDA:193,22,1,0
BRDA:204,23,0,0
BRDA:204,23,1,0
BRDA:230,24,0,0
BRDA:230,24,1,0
BRDA:282,25,0,0
BRDA:282,25,1,0
BRDA:292,26,0,0
BRDA:292,26,1,0
BRDA:349,27,0,0
BRDA:349,27,1,0
BRDA:369,28,0,0
BRDA:369,28,1,0
BRDA:434,29,0,0
BRDA:434,29,1,0
BRDA:434,29,2,0
BRDA:444,30,0,0
BRDA:444,30,1,0
BRDA:510,31,0,0
BRDA:510,31,1,0
BRF:57
BRH:0
end_of_record
TN:
SF:src/webview/components/Sidebar.tsx
FN:4,(anonymous_9)
FN:28,(anonymous_10)
FN:38,(anonymous_11)
FN:51,(anonymous_12)
FN:55,(anonymous_13)
FN:59,(anonymous_14)
FN:63,(anonymous_15)
FN:67,(anonymous_16)
FN:71,(anonymous_17)
FN:75,(anonymous_18)
FN:91,(anonymous_19)
FN:104,(anonymous_20)
FN:133,(anonymous_21)
FN:140,(anonymous_22)
FN:151,(anonymous_23)
FN:164,(anonymous_24)
FN:174,(anonymous_25)
FN:184,(anonymous_26)
FN:195,(anonymous_27)
FN:200,(anonymous_28)
FN:204,(anonymous_29)
FN:210,(anonymous_30)
FN:220,(anonymous_31)
FN:221,(anonymous_32)
FN:222,(anonymous_33)
FN:227,(anonymous_34)
FN:231,(anonymous_35)
FN:245,(anonymous_36)
FN:246,(anonymous_37)
FN:260,(anonymous_38)
FN:264,(anonymous_39)
FN:270,(anonymous_40)
FN:280,(anonymous_41)
FN:281,(anonymous_42)
FN:282,(anonymous_43)
FN:287,(anonymous_44)
FN:291,(anonymous_45)
FN:297,(anonymous_46)
FN:307,(anonymous_47)
FN:308,(anonymous_48)
FN:309,(anonymous_49)
FN:314,(anonymous_50)
FN:318,(anonymous_51)
FN:332,(anonymous_52)
FN:333,(anonymous_53)
FN:361,(anonymous_54)
FN:362,(anonymous_55)
FN:368,(anonymous_56)
FN:378,(anonymous_57)
FN:382,(anonymous_58)
FN:389,(anonymous_59)
FN:390,(anonymous_60)
FN:397,(anonymous_61)
FN:404,(anonymous_62)
FN:405,(anonymous_63)
FN:412,(anonymous_64)
FN:437,(anonymous_65)
FN:447,(anonymous_66)
FNF:58
FNH:1
FNDA:2,(anonymous_9)
FNDA:0,(anonymous_10)
FNDA:0,(anonymous_11)
FNDA:0,(anonymous_12)
FNDA:0,(anonymous_13)
FNDA:0,(anonymous_14)
FNDA:0,(anonymous_15)
FNDA:0,(anonymous_16)
FNDA:0,(anonymous_17)
FNDA:0,(anonymous_18)
FNDA:0,(anonymous_19)
FNDA:0,(anonymous_20)
FNDA:0,(anonymous_21)
FNDA:0,(anonymous_22)
FNDA:0,(anonymous_23)
FNDA:0,(anonymous_24)
FNDA:0,(anonymous_25)
FNDA:0,(anonymous_26)
FNDA:0,(anonymous_27)
FNDA:0,(anonymous_28)
FNDA:0,(anonymous_29)
FNDA:0,(anonymous_30)
FNDA:0,(anonymous_31)
FNDA:0,(anonymous_32)
FNDA:0,(anonymous_33)
FNDA:0,(anonymous_34)
FNDA:0,(anonymous_35)
FNDA:0,(anonymous_36)
FNDA:0,(anonymous_37)
FNDA:0,(anonymous_38)
FNDA:0,(anonymous_39)
FNDA:0,(anonymous_40)
FNDA:0,(anonymous_41)
FNDA:0,(anonymous_42)
FNDA:0,(anonymous_43)
FNDA:0,(anonymous_44)
FNDA:0,(anonymous_45)
FNDA:0,(anonymous_46)
FNDA:0,(anonymous_47)
FNDA:0,(anonymous_48)
FNDA:0,(anonymous_49)
FNDA:0,(anonymous_50)
FNDA:0,(anonymous_51)
FNDA:0,(anonymous_52)
FNDA:0,(anonymous_53)
FNDA:0,(anonymous_54)
FNDA:0,(anonymous_55)
FNDA:0,(anonymous_56)
FNDA:0,(anonymous_57)
FNDA:0,(anonymous_58)
FNDA:0,(anonymous_59)
FNDA:0,(anonymous_60)
FNDA:0,(anonymous_61)
FNDA:0,(anonymous_62)
FNDA:0,(anonymous_63)
FNDA:0,(anonymous_64)
FNDA:0,(anonymous_65)
FNDA:0,(anonymous_66)
DA:1,1
DA:2,1
DA:4,1
DA:22,2
DA:24,2
DA:25,2
DA:26,2
DA:28,2
DA:29,0
DA:30,0
DA:31,0
DA:33,0
DA:35,0
DA:38,2
DA:39,0
DA:40,0
DA:41,0
DA:43,0
DA:45,0
DA:48,2
DA:49,2
DA:51,2
DA:52,0
DA:55,2
DA:56,0
DA:59,2
DA:60,0
DA:63,2
DA:64,0
DA:67,2
DA:68,0
DA:71,2
DA:72,0
DA:75,2
DA:76,0
DA:77,0
DA:78,0
DA:81,0
DA:82,0
DA:83,0
DA:84,0
DA:85,0
DA:86,0
DA:88,0
DA:91,2
DA:92,0
DA:94,0
DA:95,0
DA:96,0
DA:97,0
DA:98,0
DA:99,0
DA:101,0
DA:104,2
DA:105,0
DA:106,0
DA:107,0
DA:110,0
DA:111,0
DA:112,0
DA:113,0
DA:114,0
DA:115,0
DA:116,0
DA:117,0
DA:119,0
DA:122,2
DA:123,2
DA:127,0
DA:128,0
DA:133,0
DA:134,0
DA:136,0
DA:137,0
DA:140,0
DA:148,0
DA:151,0
DA:160,0
DA:161,0
DA:164,0
DA:170,0
DA:171,0
DA:174,0
DA:181,0
DA:184,0
DA:195,0
DA:196,0
DA:198,0
DA:201,0
DA:205,0
DA:206,0
DA:207,0
DA:210,0
DA:220,0
DA:221,0
DA:222,0
DA:228,0
DA:232,0
DA:233,0
DA:234,0
DA:245,0
DA:246,0
DA:258,0
DA:261,0
DA:265,0
DA:266,0
DA:267,0
DA:270,0
DA:280,0
DA:281,0
DA:282,0
DA:288,0
DA:292,0
DA:293,0
DA:294,0
DA:297,0
DA:307,0
DA:308,0
DA:309,0
DA:315,0
DA:319,0
DA:320,0
DA:321,0
DA:332,0
DA:333,0
DA:350,0
DA:361,0
DA:362,0
DA:369,0
DA:370,0
DA:371,0
DA:372,0
DA:379,0
DA:380,0
DA:382,0
DA:389,0
DA:390,0
DA:397,0
DA:404,0
DA:405,0
DA:413,0
DA:414,0
DA:415,0
DA:416,0
DA:417,0
DA:419,0
DA:421,0
DA:422,0
DA:438,0
DA:439,0
DA:440,0
DA:441,0
DA:442,0
DA:444,0
DA:447,0
LF:155
LH:22
BRDA:30,0,0,0
BRDA:30,0,1,0
BRDA:40,1,0,0
BRDA:40,1,1,0
BRDA:76,2,0,0
BRDA:76,3,0,0
BRDA:76,3,1,0
BRDA:76,3,2,0
BRDA:81,4,0,0
BRDA:81,4,1,0
BRDA:83,5,0,0
BRDA:83,5,1,0
BRDA:85,6,0,0
BRDA:92,7,0,0
BRDA:94,8,0,0
BRDA:94,8,1,0
BRDA:96,9,0,0
BRDA:96,9,1,0
BRDA:98,10,0,0
BRDA:105,11,0,0
BRDA:105,12,0,0
BRDA:105,12,1,0
BRDA:110,13,0,0
BRDA:110,13,1,0
BRDA:112,14,0,0
BRDA:112,14,1,0
BRDA:112,15,0,0
BRDA:112,15,1,0
BRDA:115,16,0,0
BRDA:115,17,0,0
BRDA:115,17,1,0
BRDA:116,18,0,0
BRDA:116,18,1,0
BRDA:122,19,0,2
BRDA:128,20,0,0
BRDA:128,20,1,0
BRDA:128,21,0,0
BRDA:128,21,1,0
BRDA:134,22,0,0
BRDA:134,22,1,0
BRDA:136,23,0,0
BRDA:136,23,1,0
BRDA:151,24,0,0
BRDA:151,24,1,0
BRDA:160,25,0,0
BRDA:160,25,1,0
BRDA:170,26,0,0
BRDA:170,26,1,0
BRDA:196,27,0,0
BRDA:196,27,1,0
BRDA:196,28,0,0
BRDA:196,28,1,0
BRDA:203,29,0,0
BRDA:203,29,1,0
BRDA:211,30,0,0
BRDA:211,30,1,0
BRDA:225,31,0,0
BRDA:225,31,1,0
BRDA:230,32,0,0
BRDA:230,32,1,0
BRDA:263,33,0,0
BRDA:263,33,1,0
BRDA:271,34,0,0
BRDA:271,34,1,0
BRDA:285,35,0,0
BRDA:285,35,1,0
BRDA:290,36,0,0
BRDA:290,36,1,0
BRDA:298,37,0,0
BRDA:298,37,1,0
BRDA:312,38,0,0
BRDA:312,38,1,0
BRDA:317,39,0,0
BRDA:317,39,1,0
BRDA:360,40,0,0
BRDA:360,40,1,0
BRDA:369,41,0,0
BRDA:369,41,1,0
BRDA:371,42,0,0
BRDA:388,43,0,0
BRDA:388,43,1,0
BRDA:393,44,0,0
BRDA:393,44,1,0
BRDA:394,45,0,0
BRDA:394,45,1,0
BRDA:403,46,0,0
BRDA:403,46,1,0
BRDA:413,47,0,0
BRDA:413,47,1,0
BRDA:415,48,0,0
BRDA:415,48,1,0
BRDA:421,49,0,0
BRDA:427,50,0,0
BRDA:427,50,1,0
BRDA:440,51,0,0
BRDA:440,51,1,0
BRF:96
BRH:1
end_of_record
TN:
SF:src/webview/components/SnapshotPanel.tsx
FN:4,(anonymous_1)
FN:17,(anonymous_2)
FN:37,(anonymous_3)
FN:40,(anonymous_4)
FN:68,(anonymous_5)
FN:75,(anonymous_6)
FNF:6
FNH:0
FNDA:0,(anonymous_1)
FNDA:0,(anonymous_2)
FNDA:0,(anonymous_3)
FNDA:0,(anonymous_4)
FNDA:0,(anonymous_5)
FNDA:0,(anonymous_6)
DA:1,0
DA:2,0
DA:4,0
DA:5,0
DA:6,0
DA:8,0
DA:9,0
DA:12,0
DA:13,0
DA:15,0
DA:17,0
DA:38,0
DA:39,0
DA:40,0
DA:42,0
DA:69,0
DA:75,0
LF:17
LH:0
BRDA:8,0,0,0
BRDA:12,1,0,0
BRDA:12,1,1,0
BRDA:13,2,0,0
BRDA:13,2,1,0
BRDA:19,3,0,0
BRDA:19,3,1,0
BRDA:21,4,0,0
BRDA:21,4,1,0
BRDA:28,5,0,0
BRDA:28,5,1,0
BRDA:30,6,0,0
BRDA:30,6,1,0
BRDA:40,7,0,0
BRDA:40,7,1,0
BRDA:43,8,0,0
BRDA:43,8,1,0
BRDA:46,9,0,0
BRDA:46,9,1,0
BRDA:51,10,0,0
BRDA:51,10,1,0
BRDA:54,11,0,0
BRDA:54,11,1,0
BRDA:61,12,0,0
BRDA:61,12,1,0
BRDA:64,13,0,0
BRDA:64,13,1,0
BRDA:66,14,0,0
BRDA:66,14,1,0
BRDA:66,14,2,0
BRDA:73,15,0,0
BRDA:73,15,1,0
BRDA:85,16,0,0
BRDA:85,16,1,0
BRF:34
BRH:0
end_of_record
TN:
SF:src/webview/components/TableConstraints.tsx
FN:9,(anonymous_9)
FN:18,(anonymous_10)
FN:22,(anonymous_11)
FN:33,(anonymous_12)
FN:66,(anonymous_13)
FN:72,(anonymous_14)
FN:75,(anonymous_15)
FN:76,(anonymous_16)
FN:80,(anonymous_17)
FN:81,(anonymous_18)
FN:112,(anonymous_19)
FN:129,(anonymous_20)
FN:144,(anonymous_21)
FN:150,(anonymous_22)
FN:156,(anonymous_23)
FN:164,(anonymous_24)
FN:165,(anonymous_25)
FN:174,(anonymous_26)
FN:184,(anonymous_27)
FN:185,(anonymous_28)
FN:190,(anonymous_29)
FN:202,(anonymous_30)
FN:215,(anonymous_31)
FN:226,(anonymous_32)
FN:230,(anonymous_33)
FN:241,(anonymous_34)
FN:254,(anonymous_35)
FN:267,(anonymous_36)
FN:275,(anonymous_37)
FN:283,(anonymous_38)
FN:291,(anonymous_39)
FN:299,(anonymous_40)
FN:316,(anonymous_41)
FN:317,(anonymous_42)
FN:323,(anonymous_43)
FNF:35
FNH:2
FNDA:6,(anonymous_9)
FNDA:6,(anonymous_10)
FNDA:0,(anonymous_11)
FNDA:0,(anonymous_12)
FNDA:0,(anonymous_13)
FNDA:0,(anonymous_14)
FNDA:0,(anonymous_15)
FNDA:0,(anonymous_16)
FNDA:0,(anonymous_17)
FNDA:0,(anonymous_18)
FNDA:0,(anonymous_19)
FNDA:0,(anonymous_20)
FNDA:0,(anonymous_21)
FNDA:0,(anonymous_22)
FNDA:0,(anonymous_23)
FNDA:0,(anonymous_24)
FNDA:0,(anonymous_25)
FNDA:0,(anonymous_26)
FNDA:0,(anonymous_27)
FNDA:0,(anonymous_28)
FNDA:0,(anonymous_29)
FNDA:0,(anonymous_30)
FNDA:0,(anonymous_31)
FNDA:0,(anonymous_32)
FNDA:0,(anonymous_33)
FNDA:0,(anonymous_34)
FNDA:0,(anonymous_35)
FNDA:0,(anonymous_36)
FNDA:0,(anonymous_37)
FNDA:0,(anonymous_38)
FNDA:0,(anonymous_39)
FNDA:0,(anonymous_40)
FNDA:0,(anonymous_41)
FNDA:0,(anonymous_42)
FNDA:0,(anonymous_43)
DA:1,1
DA:3,1
DA:9,1
DA:10,6
DA:11,6
DA:12,6
DA:15,6
DA:18,6
DA:19,6
DA:20,0
DA:21,0
DA:22,0
DA:23,0
DA:26,0
DA:29,6
DA:31,0
DA:33,0
DA:34,0
DA:36,0
DA:43,0
DA:44,0
DA:45,0
DA:46,0
DA:47,0
DA:48,0
DA:49,0
DA:50,0
DA:51,0
DA:52,0
DA:56,0
DA:57,0
DA:58,0
DA:59,0
DA:61,0
DA:62,0
DA:63,0
DA:66,0
DA:67,0
DA:68,0
DA:69,0
DA:72,0
DA:73,0
DA:75,0
DA:76,0
DA:77,0
DA:80,0
DA:81,0
DA:82,0
DA:85,0
DA:87,0
DA:91,0
DA:113,0
DA:129,0
DA:144,0
DA:150,0
DA:156,0
DA:164,0
DA:165,0
DA:174,0
DA:185,0
DA:186,0
DA:191,0
DA:202,0
DA:215,0
DA:227,0
DA:230,0
DA:241,0
DA:254,0
DA:267,0
DA:275,0
DA:283,0
DA:291,0
DA:299,0
DA:316,0
DA:317,0
DA:323,0
LF:76
LH:10
BRDA:19,0,0,6
BRDA:23,1,0,0
BRDA:29,2,0,6
BRDA:31,3,0,0
BRDA:31,3,1,0
BRDA:34,4,0,0
BRDA:38,5,0,0
BRDA:38,5,1,0
BRDA:39,6,0,0
BRDA:39,6,1,0
BRDA:43,7,0,0
BRDA:43,7,1,0
BRDA:44,8,0,0
BRDA:45,9,0,0
BRDA:45,9,1,0
BRDA:48,10,0,0
BRDA:49,11,0,0
BRDA:50,12,0,0
BRDA:51,13,0,0
BRDA:56,14,0,0
BRDA:57,15,0,0
BRDA:58,16,0,0
BRDA:59,17,0,0
BRDA:67,18,0,0
BRDA:73,19,0,0
BRDA:73,19,1,0
BRDA:73,19,2,0
BRDA:73,19,3,0
BRDA:77,20,0,0
BRDA:77,20,1,0
BRDA:78,21,0,0
BRDA:78,21,1,0
BRDA:82,22,0,0
BRDA:82,22,1,0
BRDA:83,23,0,0
BRDA:83,23,1,0
BRDA:85,24,0,0
BRDA:85,24,1,0
BRDA:95,25,0,0
BRDA:95,25,1,0
BRDA:119,26,0,0
BRDA:119,26,1,0
BRDA:122,27,0,0
BRDA:122,27,1,0
BRDA:123,28,0,0
BRDA:123,28,1,0
BRDA:124,29,0,0
BRDA:124,29,1,0
BRDA:163,30,0,0
BRDA:163,30,1,0
BRDA:173,31,0,0
BRDA:173,31,1,0
BRDA:183,32,0,0
BRDA:183,32,1,0
BRDA:197,33,0,0
BRDA:197,33,1,0
BRDA:201,34,0,0
BRDA:201,34,1,0
BRDA:208,35,0,0
BRDA:208,35,1,0
BRDA:214,36,0,0
BRDA:214,36,1,0
BRDA:225,37,0,0
BRDA:225,37,1,0
BRDA:240,38,0,0
BRDA:240,38,1,0
BRDA:248,39,0,0
BRDA:248,39,1,0
BRDA:253,40,0,0
BRDA:253,40,1,0
BRDA:266,41,0,0
BRDA:266,41,1,0
BRDA:274,42,0,0
BRDA:274,42,1,0
BRDA:282,43,0,0
BRDA:282,43,1,0
BRDA:290,44,0,0
BRDA:290,44,1,0
BRDA:305,45,0,0
BRDA:305,45,1,0
BRDA:305,45,2,0
BRDA:305,45,3,0
BRDA:315,46,0,0
BRDA:315,46,1,0
BRDA:320,47,0,0
BRDA:320,47,1,0
BRF:86
BRH:2
end_of_record
TN:
SF:src/webview/components/TableDesigner.tsx
FN:8,(anonymous_1)
FN:36,(anonymous_2)
FN:84,(anonymous_3)
FN:85,(anonymous_4)
FN:91,(anonymous_5)
FN:102,(anonymous_6)
FN:107,(anonymous_7)
FNF:7
FNH:0
FNDA:0,(anonymous_1)
FNDA:0,(anonymous_2)
FNDA:0,(anonymous_3)
FNDA:0,(anonymous_4)
FNDA:0,(anonymous_5)
FNDA:0,(anonymous_6)
FNDA:0,(anonymous_7)
DA:1,0
DA:2,0
DA:3,0
DA:4,0
DA:5,0
DA:6,0
DA:8,0
DA:9,0
DA:10,0
DA:12,0
DA:13,0
DA:23,0
DA:24,0
DA:25,0
DA:34,0
DA:36,0
DA:37,0
DA:40,0
DA:84,0
DA:85,0
DA:92,0
DA:93,0
DA:94,0
DA:95,0
DA:96,0
DA:103,0
DA:104,0
DA:105,0
DA:107,0
LF:29
LH:0
BRDA:12,0,0,0
BRDA:24,1,0,0
BRDA:37,2,0,0
BRDA:37,2,1,0
BRDA:48,3,0,0
BRDA:48,3,1,0
BRDA:56,4,0,0
BRDA:56,4,1,0
BRDA:83,5,0,0
BRDA:83,5,1,0
BRDA:92,6,0,0
BRDA:92,6,1,0
BRDA:95,7,0,0
BRF:13
BRH:0
end_of_record
TN:
SF:src/webview/components/TableProperties.tsx
FN:12,TableProperties
FN:24,(anonymous_10)
FN:30,(anonymous_11)
FN:42,(anonymous_12)
FN:55,(anonymous_13)
FN:77,(anonymous_14)
FN:84,(anonymous_15)
FN:112,(anonymous_16)
FN:117,(anonymous_17)
FN:121,(anonymous_18)
FN:128,(anonymous_19)
FN:156,(anonymous_20)
FN:166,(anonymous_21)
FN:174,(anonymous_22)
FN:178,(anonymous_23)
FN:187,(anonymous_24)
FN:189,(anonymous_25)
FN:207,(anonymous_26)
FN:216,(anonymous_27)
FN:233,(anonymous_28)
FN:259,(anonymous_29)
FN:260,(anonymous_30)
FN:268,(anonymous_31)
FNF:23
FNH:0
FNDA:0,TableProperties
FNDA:0,(anonymous_10)
FNDA:0,(anonymous_11)
FNDA:0,(anonymous_12)
FNDA:0,(anonymous_13)
FNDA:0,(anonymous_14)
FNDA:0,(anonymous_15)
FNDA:0,(anonymous_16)
FNDA:0,(anonymous_17)
FNDA:0,(anonymous_18)
FNDA:0,(anonymous_19)
FNDA:0,(anonymous_20)
FNDA:0,(anonymous_21)
FNDA:0,(anonymous_22)
FNDA:0,(anonymous_23)
FNDA:0,(anonymous_24)
FNDA:0,(anonymous_25)
FNDA:0,(anonymous_26)
FNDA:0,(anonymous_27)
FNDA:0,(anonymous_28)
FNDA:0,(anonymous_29)
FNDA:0,(anonymous_30)
FNDA:0,(anonymous_31)
DA:1,0
DA:2,0
DA:10,0
DA:12,0
DA:13,0
DA:14,0
DA:15,0
DA:16,0
DA:17,0
DA:18,0
DA:19,0
DA:20,0
DA:21,0
DA:24,0
DA:26,0
DA:27,0
DA:28,0
DA:29,0
DA:30,0
DA:31,0
DA:34,0
DA:37,0
DA:39,0
DA:40,0
DA:42,0
DA:43,0
DA:44,0
DA:46,0
DA:47,0
DA:49,0
DA:50,0
DA:52,0
DA:55,0
DA:56,0
DA:57,0
DA:58,0
DA:59,0
DA:61,0
DA:62,0
DA:63,0
DA:65,0
DA:66,0
DA:67,0
DA:70,0
DA:71,0
DA:72,0
DA:73,0
DA:74,0
DA:77,0
DA:78,0
DA:79,0
DA:80,0
DA:81,0
DA:84,0
DA:85,0
DA:86,0
DA:87,0
DA:88,0
DA:90,0
DA:91,0
DA:92,0
DA:96,0
DA:97,0
DA:98,0
DA:99,0
DA:101,0
DA:102,0
DA:105,0
DA:108,0
DA:109,0
DA:112,0
DA:113,0
DA:114,0
DA:117,0
DA:118,0
DA:121,0
DA:122,0
DA:123,0
DA:124,0
DA:128,0
DA:129,0
DA:130,0
DA:131,0
DA:132,0
DA:135,0
DA:157,0
DA:158,0
DA:166,0
DA:174,0
DA:178,0
DA:187,0
DA:189,0
DA:207,0
DA:216,0
DA:233,0
DA:259,0
DA:260,0
DA:268,0
LF:98
LH:0
BRDA:27,0,0,0
BRDA:31,1,0,0
BRDA:37,2,0,0
BRDA:39,3,0,0
BRDA:39,3,1,0
BRDA:43,4,0,0
BRDA:46,5,0,0
BRDA:49,6,0,0
BRDA:57,7,0,0
BRDA:61,8,0,0
BRDA:65,9,0,0
BRDA:86,10,0,0
BRDA:90,11,0,0
BRDA:96,12,0,0
BRDA:96,12,1,0
BRDA:97,13,0,0
BRDA:122,14,0,0
BRDA:139,15,0,0
BRDA:139,15,1,0
BRDA:141,16,0,0
BRDA:141,16,1,0
BRDA:141,17,0,0
BRDA:141,17,1,0
BRDA:159,18,0,0
BRDA:159,18,1,0
BRDA:160,19,0,0
BRDA:160,19,1,0
BRDA:201,20,0,0
BRDA:201,20,1,0
BRDA:230,21,0,0
BRDA:230,21,1,0
BRDA:258,22,0,0
BRDA:258,22,1,0
BRF:33
BRH:0
end_of_record
TN:
SF:src/webview/state/useDesignerStore.ts
FN:81,emitOps
FN:86,createOperation
FN:107,(anonymous_2)
FN:114,(anonymous_3)
FN:115,(anonymous_4)
FN:116,(anonymous_5)
FN:117,(anonymous_6)
FN:118,(anonymous_7)
FN:120,(anonymous_8)
FN:126,(anonymous_9)
FN:131,(anonymous_10)
FN:136,(anonymous_11)
FN:142,(anonymous_12)
FN:147,(anonymous_13)
FN:152,(anonymous_14)
FN:158,(anonymous_15)
FN:163,(anonymous_16)
FN:168,(anonymous_17)
FN:173,(anonymous_18)
FN:179,(anonymous_19)
FN:184,(anonymous_20)
FN:189,(anonymous_21)
FN:199,(anonymous_22)
FN:215,(anonymous_23)
FN:220,(anonymous_24)
FN:225,(anonymous_25)
FN:230,(anonymous_26)
FN:235,(anonymous_27)
FN:241,(anonymous_28)
FN:246,(anonymous_29)
FN:252,(anonymous_30)
FN:262,(anonymous_31)
FN:268,(anonymous_32)
FN:276,(anonymous_33)
FN:281,(anonymous_34)
FN:287,(anonymous_35)
FN:295,(anonymous_36)
FN:300,(anonymous_37)
FN:305,(anonymous_38)
FN:307,(anonymous_39)
FN:310,(anonymous_40)
FN:314,(anonymous_41)
FN:320,(anonymous_42)
FN:325,(anonymous_43)
FNF:44
FNH:0
FNDA:0,emitOps
FNDA:0,createOperation
FNDA:0,(anonymous_2)
FNDA:0,(anonymous_3)
FNDA:0,(anonymous_4)
FNDA:0,(anonymous_5)
FNDA:0,(anonymous_6)
FNDA:0,(anonymous_7)
FNDA:0,(anonymous_8)
FNDA:0,(anonymous_9)
FNDA:0,(anonymous_10)
FNDA:0,(anonymous_11)
FNDA:0,(anonymous_12)
FNDA:0,(anonymous_13)
FNDA:0,(anonymous_14)
FNDA:0,(anonymous_15)
FNDA:0,(anonymous_16)
FNDA:0,(anonymous_17)
FNDA:0,(anonymous_18)
FNDA:0,(anonymous_19)
FNDA:0,(anonymous_20)
FNDA:0,(anonymous_21)
FNDA:0,(anonymous_22)
FNDA:0,(anonymous_23)
FNDA:0,(anonymous_24)
FNDA:0,(anonymous_25)
FNDA:0,(anonymous_26)
FNDA:0,(anonymous_27)
FNDA:0,(anonymous_28)
FNDA:0,(anonymous_29)
FNDA:0,(anonymous_30)
FNDA:0,(anonymous_31)
FNDA:0,(anonymous_32)
FNDA:0,(anonymous_33)
FNDA:0,(anonymous_34)
FNDA:0,(anonymous_35)
FNDA:0,(anonymous_36)
FNDA:0,(anonymous_37)
FNDA:0,(anonymous_38)
FNDA:0,(anonymous_39)
FNDA:0,(anonymous_40)
FNDA:0,(anonymous_41)
FNDA:0,(anonymous_42)
FNDA:0,(anonymous_43)
DA:1,0
DA:2,0
DA:6,0
DA:8,0
DA:82,0
DA:92,0
DA:93,0
DA:94,0
DA:97,0
DA:107,0
DA:114,0
DA:115,0
DA:116,0
DA:117,0
DA:118,0
DA:121,0
DA:122,0
DA:123,0
DA:127,0
DA:128,0
DA:132,0
DA:133,0
DA:137,0
DA:138,0
DA:139,0
DA:143,0
DA:144,0
DA:148,0
DA:149,0
DA:153,0
DA:154,0
DA:155,0
DA:159,0
DA:160,0
DA:164,0
DA:165,0
DA:169,0
DA:170,0
DA:174,0
DA:175,0
DA:176,0
DA:180,0
DA:181,0
DA:185,0
DA:186,0
DA:190,0
DA:193,0
DA:194,0
DA:195,0
DA:196,0
DA:197,0
DA:198,0
DA:199,0
DA:200,0
DA:207,0
DA:212,0
DA:216,0
DA:217,0
DA:221,0
DA:222,0
DA:226,0
DA:227,0
DA:231,0
DA:232,0
DA:236,0
DA:237,0
DA:242,0
DA:243,0
DA:247,0
DA:248,0
DA:253,0
DA:254,0
DA:259,0
DA:263,0
DA:264,0
DA:269,0
DA:270,0
DA:273,0
DA:277,0
DA:278,0
DA:282,0
DA:283,0
DA:288,0
DA:289,0
DA:292,0
DA:296,0
DA:297,0
DA:301,0
DA:302,0
DA:306,0
DA:307,0
DA:311,0
DA:312,0
DA:313,0
DA:314,0
DA:315,0
DA:317,0
DA:321,0
DA:322,0
DA:323,0
DA:324,0
DA:325,0
DA:326,0
DA:329,0
LF:104
LH:0
BRDA:93,0,0,0
BRDA:194,1,0,0
BRDA:196,2,0,0
BRDA:196,2,1,0
BRDA:197,3,0,0
BRDA:197,3,1,0
BRDA:198,4,0,0
BRDA:268,5,0,0
BRDA:287,6,0,0
BRDA:312,7,0,0
BRDA:315,8,0,0
BRDA:322,9,0,0
BRDA:326,10,0,0
BRF:13
BRH:0
end_of_record
